/usr/local/usrapps/ddomlab/sdehgha2/pls-dataset-env/lib/python3.10/site-packages/skopt/optimizer/optimizer.py:517: UserWarning: The objective has been evaluated at point [None, 'log2', 0.05, 0.05, 2000] before, using random point [None, 'sqrt', 0.6840304601650213, 0.07576835015263131, 558]
  warnings.warn(
/usr/local/usrapps/ddomlab/sdehgha2/pls-dataset-env/lib/python3.10/site-packages/skopt/optimizer/optimizer.py:517: UserWarning: The objective has been evaluated at point [None, 'log2', 0.05, 0.05, 2000] before, using random point [None, 'sqrt', 0.5975956392742768, 0.8423602801079803, 152]
  warnings.warn(
/usr/local/usrapps/ddomlab/sdehgha2/pls-dataset-env/lib/python3.10/site-packages/skopt/optimizer/optimizer.py:517: UserWarning: The objective has been evaluated at point [None, 'log2', 0.05, 0.05, 2000] before, using random point [None, 'sqrt', 0.9018470806683513, 0.3741910678650978, 190]
  warnings.warn(
usage: train_numerical_only.py [-h] --target_features TARGET_FEATURES
                               --regressor_type REGRESSOR_TYPE
                               --numerical_feats {Xn,Mn (g/mol),Mw
                               (g/mol),PDI,Temperature SANS/SLS/DLS/SEC
                               (K),Concentration (mg/ml),solvent dP,polymer
                               dP,solvent dD,polymer dD,solvent dH,polymer
                               dH,Ra,abs(solvent dD - polymer dD),abs(solvent
                               dP - polymer dP),abs(solvent dH - polymer dH)}
                               [{Xn,Mn (g/mol),Mw (g/mol),PDI,Temperature SANS/SLS/DLS/SEC (K),Concentration (mg/ml),solvent dP,polymer dP,solvent dD,polymer dD,solvent dH,polymer dH,Ra,abs(solvent dD - polymer dD),abs(solvent dP - polymer dP),abs(solvent dH - polymer dH)} ...]
                               [--columns_to_impute [{Mn (g/mol),Mw (g/mol),PDI,Temperature SANS/SLS/DLS/SEC (K),Concentration (mg/ml),solvent dP,polymer dP,solvent dD,polymer dD,solvent dH,polymer dH,Ra} ...]]
                               [--imputer [{mean,median,most_frequent,distance KNN,None}]]
                               [--special_impute [{Mw (g/mol),None}]]
                               [--transform_type {Standard,Robust Scaler}]
                               [--kernel KERNEL]
train_numerical_only.py: error: argument --numerical_feats: invalid choice: 'polmer dp' (choose from 'Xn', 'Mn (g/mol)', 'Mw (g/mol)', 'PDI', 'Temperature SANS/SLS/DLS/SEC (K)', 'Concentration (mg/ml)', 'solvent dP', 'polymer dP', 'solvent dD', 'polymer dD', 'solvent dH', 'polymer dH', 'Ra', 'abs(solvent dD - polymer dD)', 'abs(solvent dP - polymer dP)', 'abs(solvent dH - polymer dH)')
Process LokyProcess-3:
Process LokyProcess-4:
Process LokyProcess-6:
Process LokyProcess-2:
Process LokyProcess-10:
Traceback (most recent call last):
  File "/gpfs_common/share03/ddomlab/sdehgha2/working-space/main/P1_pls-dataset/pls-dataset-space/PLS-Dataset/code_/training/hpc_submit_training_Rh/../train_numerical_only.py", line 187, in <module>
    main_numerical_only(
  File "/gpfs_common/share03/ddomlab/sdehgha2/working-space/main/P1_pls-dataset/pls-dataset-space/PLS-Dataset/code_/training/hpc_submit_training_Rh/../train_numerical_only.py", line 39, in main_numerical_only
    scores, predictions,data_shapes  = train_regressor(
  File "/gpfs_common/share03/ddomlab/sdehgha2/working-space/main/P1_pls-dataset/pls-dataset-space/PLS-Dataset/code_/training/training_utils.py", line 71, in train_regressor
    scores, predictions, data_shape = _prepare_data(
  File "/gpfs_common/share03/ddomlab/sdehgha2/working-space/main/P1_pls-dataset/pls-dataset-space/PLS-Dataset/code_/training/training_utils.py", line 145, in _prepare_data
    score,predication= run(
  File "/gpfs_common/share03/ddomlab/sdehgha2/working-space/main/P1_pls-dataset/pls-dataset-space/PLS-Dataset/code_/training/training_utils.py", line 227, in run
    best_estimator, regressor_params = _optimize_hyperparams(
  File "/gpfs_common/share03/ddomlab/sdehgha2/working-space/main/P1_pls-dataset/pls-dataset-space/PLS-Dataset/code_/training/training_utils.py", line 287, in _optimize_hyperparams
    bayes.fit(X_train, y_train)
  File "/usr/local/usrapps/ddomlab/sdehgha2/pls-dataset-env/lib/python3.10/site-packages/skopt/searchcv.py", line 542, in fit
    super().fit(X=X, y=y, groups=groups, **fit_params)
  File "/usr/local/usrapps/ddomlab/sdehgha2/pls-dataset-env/lib/python3.10/site-packages/sklearn/base.py", line 1473, in wrapper
    return fit_method(estimator, *args, **kwargs)
  File "/usr/local/usrapps/ddomlab/sdehgha2/pls-dataset-env/lib/python3.10/site-packages/sklearn/model_selection/_search.py", line 1019, in fit
    self._run_search(evaluate_candidates)
  File "/usr/local/usrapps/ddomlab/sdehgha2/pls-dataset-env/lib/python3.10/site-packages/skopt/searchcv.py", line 599, in _run_search
    optim_result, score_name = self._step(
  File "/usr/local/usrapps/ddomlab/sdehgha2/pls-dataset-env/lib/python3.10/site-packages/skopt/searchcv.py", line 482, in _step
    return (optimizer.tell(params, [-score for score in local_results]), score_name)
  File "/usr/local/usrapps/ddomlab/sdehgha2/pls-dataset-env/lib/python3.10/site-packages/skopt/optimizer/optimizer.py", line 570, in tell
    return self._tell(x, y, fit=fit)
  File "/usr/local/usrapps/ddomlab/sdehgha2/pls-dataset-env/lib/python3.10/site-packages/skopt/optimizer/optimizer.py", line 632, in _tell
    self.space.rvs(n_samples=self.n_points, random_state=self.rng)
  File "/usr/local/usrapps/ddomlab/sdehgha2/pls-dataset-env/lib/python3.10/site-packages/skopt/space/space.py", line 1163, in rvs
    rows = _transpose_list_array(columns)
  File "/usr/local/usrapps/ddomlab/sdehgha2/pls-dataset-env/lib/python3.10/site-packages/skopt/space/space.py", line 42, in _transpose_list_array
    for j in range(n_dims):
KeyboardInterrupt
Traceback (most recent call last):
  File "/usr/local/usrapps/ddomlab/sdehgha2/pls-dataset-env/lib/python3.10/site-packages/joblib/externals/loky/process_executor.py", line 426, in _process_worker
    call_item = call_queue.get(block=True, timeout=timeout)
  File "/usr/local/usrapps/ddomlab/sdehgha2/pls-dataset-env/lib/python3.10/multiprocessing/queues.py", line 108, in get
    if not self._rlock.acquire(block, timeout):
KeyboardInterrupt

During handling of the above exception, another exception occurred:

Traceback (most recent call last):
  File "/usr/local/usrapps/ddomlab/sdehgha2/pls-dataset-env/lib/python3.10/multiprocessing/process.py", line 314, in _bootstrap
    self.run()
  File "/usr/local/usrapps/ddomlab/sdehgha2/pls-dataset-env/lib/python3.10/multiprocessing/process.py", line 108, in run
    self._target(*self._args, **self._kwargs)
  File "/usr/local/usrapps/ddomlab/sdehgha2/pls-dataset-env/lib/python3.10/site-packages/joblib/externals/loky/process_executor.py", line 438, in _process_worker
    previous_tb = traceback.format_exc()
  File "/usr/local/usrapps/ddomlab/sdehgha2/pls-dataset-env/lib/python3.10/traceback.py", line 183, in format_exc
    return "".join(format_exception(*sys.exc_info(), limit=limit, chain=chain))
  File "/usr/local/usrapps/ddomlab/sdehgha2/pls-dataset-env/lib/python3.10/traceback.py", line 134, in format_exception
    value, tb = _parse_value_tb(exc, value, tb)
  File "/usr/local/usrapps/ddomlab/sdehgha2/pls-dataset-env/lib/python3.10/traceback.py", line 93, in _parse_value_tb
    def _parse_value_tb(exc, value, tb):
KeyboardInterrupt
Traceback (most recent call last):
  File "/usr/local/usrapps/ddomlab/sdehgha2/pls-dataset-env/lib/python3.10/site-packages/joblib/externals/loky/process_executor.py", line 426, in _process_worker
    call_item = call_queue.get(block=True, timeout=timeout)
  File "/usr/local/usrapps/ddomlab/sdehgha2/pls-dataset-env/lib/python3.10/multiprocessing/queues.py", line 108, in get
    if not self._rlock.acquire(block, timeout):
KeyboardInterrupt

During handling of the above exception, another exception occurred:

Traceback (most recent call last):
  File "/usr/local/usrapps/ddomlab/sdehgha2/pls-dataset-env/lib/python3.10/multiprocessing/process.py", line 314, in _bootstrap
    self.run()
  File "/usr/local/usrapps/ddomlab/sdehgha2/pls-dataset-env/lib/python3.10/multiprocessing/process.py", line 108, in run
    self._target(*self._args, **self._kwargs)
  File "/usr/local/usrapps/ddomlab/sdehgha2/pls-dataset-env/lib/python3.10/site-packages/joblib/externals/loky/process_executor.py", line 438, in _process_worker
    previous_tb = traceback.format_exc()
  File "/usr/local/usrapps/ddomlab/sdehgha2/pls-dataset-env/lib/python3.10/traceback.py", line 183, in format_exc
    return "".join(format_exception(*sys.exc_info(), limit=limit, chain=chain))
  File "/usr/local/usrapps/ddomlab/sdehgha2/pls-dataset-env/lib/python3.10/traceback.py", line 124, in format_exception
    def format_exception(exc, /, value=_sentinel, tb=_sentinel, limit=None, \
KeyboardInterrupt
Traceback (most recent call last):
  File "/usr/local/usrapps/ddomlab/sdehgha2/pls-dataset-env/lib/python3.10/site-packages/joblib/externals/loky/process_executor.py", line 426, in _process_worker
    call_item = call_queue.get(block=True, timeout=timeout)
  File "/usr/local/usrapps/ddomlab/sdehgha2/pls-dataset-env/lib/python3.10/multiprocessing/queues.py", line 108, in get
    if not self._rlock.acquire(block, timeout):
KeyboardInterrupt

During handling of the above exception, another exception occurred:

Traceback (most recent call last):
  File "/usr/local/usrapps/ddomlab/sdehgha2/pls-dataset-env/lib/python3.10/multiprocessing/process.py", line 314, in _bootstrap
    self.run()
  File "/usr/local/usrapps/ddomlab/sdehgha2/pls-dataset-env/lib/python3.10/multiprocessing/process.py", line 108, in run
    self._target(*self._args, **self._kwargs)
  File "/usr/local/usrapps/ddomlab/sdehgha2/pls-dataset-env/lib/python3.10/site-packages/joblib/externals/loky/process_executor.py", line 438, in _process_worker
    previous_tb = traceback.format_exc()
  File "/usr/local/usrapps/ddomlab/sdehgha2/pls-dataset-env/lib/python3.10/traceback.py", line 181, in format_exc
    def format_exc(limit=None, chain=True):
KeyboardInterrupt
Traceback (most recent call last):
Traceback (most recent call last):
  File "/usr/local/usrapps/ddomlab/sdehgha2/pls-dataset-env/lib/python3.10/site-packages/joblib/externals/loky/process_executor.py", line 426, in _process_worker
    call_item = call_queue.get(block=True, timeout=timeout)
  File "/usr/local/usrapps/ddomlab/sdehgha2/pls-dataset-env/lib/python3.10/multiprocessing/queues.py", line 108, in get
    if not self._rlock.acquire(block, timeout):
  File "/usr/local/usrapps/ddomlab/sdehgha2/pls-dataset-env/lib/python3.10/site-packages/joblib/externals/loky/process_executor.py", line 426, in _process_worker
    call_item = call_queue.get(block=True, timeout=timeout)
KeyboardInterrupt
  File "/usr/local/usrapps/ddomlab/sdehgha2/pls-dataset-env/lib/python3.10/multiprocessing/queues.py", line 108, in get
    if not self._rlock.acquire(block, timeout):

During handling of the above exception, another exception occurred:

Traceback (most recent call last):
KeyboardInterrupt

During handling of the above exception, another exception occurred:

Traceback (most recent call last):
  File "/usr/local/usrapps/ddomlab/sdehgha2/pls-dataset-env/lib/python3.10/multiprocessing/process.py", line 314, in _bootstrap
    self.run()
  File "/usr/local/usrapps/ddomlab/sdehgha2/pls-dataset-env/lib/python3.10/multiprocessing/process.py", line 108, in run
    self._target(*self._args, **self._kwargs)
  File "/usr/local/usrapps/ddomlab/sdehgha2/pls-dataset-env/lib/python3.10/site-packages/joblib/externals/loky/process_executor.py", line 438, in _process_worker
    previous_tb = traceback.format_exc()
  File "/usr/local/usrapps/ddomlab/sdehgha2/pls-dataset-env/lib/python3.10/multiprocessing/process.py", line 314, in _bootstrap
    self.run()
  File "/usr/local/usrapps/ddomlab/sdehgha2/pls-dataset-env/lib/python3.10/traceback.py", line 183, in format_exc
    return "".join(format_exception(*sys.exc_info(), limit=limit, chain=chain))
  File "/usr/local/usrapps/ddomlab/sdehgha2/pls-dataset-env/lib/python3.10/multiprocessing/process.py", line 108, in run
    self._target(*self._args, **self._kwargs)
  File "/usr/local/usrapps/ddomlab/sdehgha2/pls-dataset-env/lib/python3.10/traceback.py", line 134, in format_exception
    value, tb = _parse_value_tb(exc, value, tb)
  File "/usr/local/usrapps/ddomlab/sdehgha2/pls-dataset-env/lib/python3.10/site-packages/joblib/externals/loky/process_executor.py", line 438, in _process_worker
    previous_tb = traceback.format_exc()
  File "/usr/local/usrapps/ddomlab/sdehgha2/pls-dataset-env/lib/python3.10/traceback.py", line 94, in _parse_value_tb
    if (value is _sentinel) != (tb is _sentinel):
  File "/usr/local/usrapps/ddomlab/sdehgha2/pls-dataset-env/lib/python3.10/traceback.py", line 181, in format_exc
    def format_exc(limit=None, chain=True):
KeyboardInterrupt
KeyboardInterrupt
usage: train_numerical_only.py [-h] --target_features TARGET_FEATURES
                               --regressor_type REGRESSOR_TYPE
                               --numerical_feats {Xn,Mn (g/mol),Mw
                               (g/mol),PDI,Temperature SANS/SLS/DLS/SEC
                               (K),Concentration (mg/ml),solvent dP,polymer
                               dP,solvent dD,polymer dD,solvent dH,polymer
                               dH,Ra,abs(solvent dD - polymer dD),abs(solvent
                               dP - polymer dP),abs(solvent dH - polymer dH)}
                               [{Xn,Mn (g/mol),Mw (g/mol),PDI,Temperature SANS/SLS/DLS/SEC (K),Concentration (mg/ml),solvent dP,polymer dP,solvent dD,polymer dD,solvent dH,polymer dH,Ra,abs(solvent dD - polymer dD),abs(solvent dP - polymer dP),abs(solvent dH - polymer dH)} ...]
                               [--columns_to_impute [{Mn (g/mol),Mw (g/mol),PDI,Temperature SANS/SLS/DLS/SEC (K),Concentration (mg/ml),solvent dP,polymer dP,solvent dD,polymer dD,solvent dH,polymer dH,Ra} ...]]
                               [--imputer [{mean,median,most_frequent,distance KNN,None}]]
                               [--special_impute [{Mw (g/mol),None}]]
                               [--transform_type {Standard,Robust Scaler}]
                               [--kernel KERNEL]
train_numerical_only.py: error: argument --numerical_feats: invalid choice: 'polmer dp' (choose from 'Xn', 'Mn (g/mol)', 'Mw (g/mol)', 'PDI', 'Temperature SANS/SLS/DLS/SEC (K)', 'Concentration (mg/ml)', 'solvent dP', 'polymer dP', 'solvent dD', 'polymer dD', 'solvent dH', 'polymer dH', 'Ra', 'abs(solvent dD - polymer dD)', 'abs(solvent dP - polymer dP)', 'abs(solvent dH - polymer dH)')
usage: train_numerical_only.py [-h] --target_features TARGET_FEATURES
                               --regressor_type
                               {RF,DT,MLR,SVR,XGBR,KNN,GPR,NGB,sklearn-GPR}
                               [--numerical_feats {Xn,Mn (g/mol),Mw (g/mol),PDI,Temperature SANS/SLS/DLS/SEC (K),Concentration (mg/ml),solvent dP,polymer dP,solvent dD,polymer dD,solvent dH,polymer dH,Ra,abs(solvent dD - polymer dD),abs(solvent dP - polymer dP),abs(solvent dH - polymer dH)} [{Xn,Mn (g/mol),Mw (g/mol),PDI,Temperature SANS/SLS/DLS/SEC (K),Concentration (mg/ml),solvent dP,polymer dP,solvent dD,polymer dD,solvent dH,polymer dH,Ra,abs(solvent dD - polymer dD),abs(solvent dP - polymer dP),abs(solvent dH - polymer dH)} ...]]
                               [--columns_to_impute [{Xn,Mn (g/mol),Mw (g/mol),PDI,Temperature SANS/SLS/DLS/SEC (K),Concentration (mg/ml),solvent dP,polymer dP,solvent dD,polymer dD,solvent dH,polymer dH,Ra} ...]]
                               [--imputer [{mean,median,most_frequent,distance KNN,None}]]
                               [--special_impute [{Mw (g/mol),None}]]
                               [--transform_type {Standard,Robust Scaler}]
                               [--kernel KERNEL]
                               [--representation {ECFP,MACCS,Mordred}]
                               [--oligomer_representation {Monomer,Dimer,Trimer,RRU Monomer,RRU Dimer,RRU Trimer}]
                               [--radius [{3,4,5,6}]]
                               [--vector [{count,binary}]]
                               [--clustering_method [CLUSTERING_METHOD]]
train_numerical_only.py: error: argument --numerical_feats: invalid choice: 'polmer dp' (choose from 'Xn', 'Mn (g/mol)', 'Mw (g/mol)', 'PDI', 'Temperature SANS/SLS/DLS/SEC (K)', 'Concentration (mg/ml)', 'solvent dP', 'polymer dP', 'solvent dD', 'polymer dD', 'solvent dH', 'polymer dH', 'Ra', 'abs(solvent dD - polymer dD)', 'abs(solvent dP - polymer dP)', 'abs(solvent dH - polymer dH)')
/usr/local/usrapps/ddomlab/sdehgha2/pls-dataset-env/lib/python3.10/site-packages/skopt/optimizer/optimizer.py:517: UserWarning: The objective has been evaluated at point [None, 'sqrt', 0.05, 0.05, 50] before, using random point [None, 'sqrt', 0.5975956392742768, 0.8423602801079803, 152]
  warnings.warn(
