usage: train_structure_numerical.py [-h] --target_features TARGET_FEATURES
                                    --regressor_type
                                    {RF,DT,MLR,SVR,XGBR,KNN,GPR,NGB,sklearn-GPR}
                                    --numerical_feats {Mn (g/mol),Mw
                                    (g/mol),PDI,Temperature SANS/SLS/DLS/SEC
                                    (K),Concentration (mg/ml),solvent
                                    dP,polymer dP,solvent dD,polymer
                                    dD,solvent dH,polymer dH,Ra,abs(solvent dD
                                    - polymer dD),abs(solvent dP - polymer
                                    dP),abs(solvent dH - polymer dH)}
                                    [{Mn (g/mol),Mw (g/mol),PDI,Temperature SANS/SLS/DLS/SEC (K),Concentration (mg/ml),solvent dP,polymer dP,solvent dD,polymer dD,solvent dH,polymer dH,Ra,abs(solvent dD - polymer dD),abs(solvent dP - polymer dP),abs(solvent dH - polymer dH)} ...]
                                    [--columns_to_impute [{Mn (g/mol),Mw (g/mol),PDI,Temperature SANS/SLS/DLS/SEC (K),Concentration (mg/ml),solvent dP,polymer dP,solvent dD,polymer dD,solvent dH,polymer dH,Ra} ...]]
                                    [--imputer [{mean,median,most_frequent,distance KNN,None}]]
                                    [--special_impute [{Mw (g/mol),None}]]
                                    [--transform_type {Standard,Robust Scaler}]
                                    [--kernel KERNEL] --representation
                                    {ECFP,MACCS,Mordred}
                                    --oligomer_representation
                                    {Monomer,Dimer,Trimer,RRU Monomer,RRU
                                    Dimer,RRU Trimer} [--radius [{3,4,5,6}]]
                                    [--vector [{count,binary}]]
                                    [clustering_method]
train_structure_numerical.py: error: unrecognized arguments: --clustering_method
Traceback (most recent call last):
  File "/usr/local/usrapps/ddomlab/sdehgha2/pls-dataset-env/lib/python3.10/site-packages/pandas/core/indexes/base.py", line 3805, in get_loc
    return self._engine.get_loc(casted_key)
  File "index.pyx", line 167, in pandas._libs.index.IndexEngine.get_loc
  File "index.pyx", line 196, in pandas._libs.index.IndexEngine.get_loc
  File "pandas/_libs/hashtable_class_helper.pxi", line 7081, in pandas._libs.hashtable.PyObjectHashTable.get_item
  File "pandas/_libs/hashtable_class_helper.pxi", line 7089, in pandas._libs.hashtable.PyObjectHashTable.get_item
KeyError: None

The above exception was the direct cause of the following exception:

Traceback (most recent call last):
  File "/gpfs_common/share03/ddomlab/sdehgha2/working-space/main/P1_pls-dataset/pls-dataset-space/PLS-Dataset/code_/training/hpc_submit_training_Rh/../train_structure_numerical.py", line 226, in <module>
    main_structural_numerical(
  File "/gpfs_common/share03/ddomlab/sdehgha2/working-space/main/P1_pls-dataset/pls-dataset-space/PLS-Dataset/code_/training/hpc_submit_training_Rh/../train_structure_numerical.py", line 67, in main_structural_numerical
    scores, predictions,data_shapes  = train_regressor(
  File "/gpfs_common/share03/ddomlab/sdehgha2/working-space/main/P1_pls-dataset/pls-dataset-space/PLS-Dataset/code_/training/training_utils.py", line 71, in train_regressor
    scores, predictions, data_shape = _prepare_data(
  File "/gpfs_common/share03/ddomlab/sdehgha2/working-space/main/P1_pls-dataset/pls-dataset-space/PLS-Dataset/code_/training/training_utils.py", line 123, in _prepare_data
    X, y, unrolled_feats, X_y_shape = filter_dataset(
  File "/gpfs_common/share03/ddomlab/sdehgha2/working-space/main/P1_pls-dataset/pls-dataset-space/PLS-Dataset/code_/training/filter_data.py", line 140, in filter_dataset
    c_labels = dataset[cluster_type].squeeze().to_numpy()
  File "/usr/local/usrapps/ddomlab/sdehgha2/pls-dataset-env/lib/python3.10/site-packages/pandas/core/frame.py", line 4102, in __getitem__
    indexer = self.columns.get_loc(key)
  File "/usr/local/usrapps/ddomlab/sdehgha2/pls-dataset-env/lib/python3.10/site-packages/pandas/core/indexes/base.py", line 3812, in get_loc
    raise KeyError(key) from err
KeyError: None
/usr/local/usrapps/ddomlab/sdehgha2/pls-dataset-env/lib/python3.10/site-packages/skopt/optimizer/optimizer.py:517: UserWarning: The objective has been evaluated at point [0.1, 1, 50, True, 1e-06, False] before, using random point [0.009474039223792398, 1, 83, True, 4.148209728695861e-05, False]
  warnings.warn(
/usr/local/usrapps/ddomlab/sdehgha2/pls-dataset-env/lib/python3.10/site-packages/skopt/optimizer/optimizer.py:517: UserWarning: The objective has been evaluated at point [0.1, 1, 50, True, 1e-06, False] before, using random point [0.0008162911462762215, 1, 759, True, 1.588427280518983e-05, False]
  warnings.warn(
/usr/local/usrapps/ddomlab/sdehgha2/pls-dataset-env/lib/python3.10/site-packages/skopt/optimizer/optimizer.py:517: UserWarning: The objective has been evaluated at point [0.1, 1, 50, True, 1e-06, False] before, using random point [0.04787878491011426, 1, 59, True, 0.0006762581320876976, False]
  warnings.warn(
/usr/local/usrapps/ddomlab/sdehgha2/pls-dataset-env/lib/python3.10/site-packages/skopt/optimizer/optimizer.py:517: UserWarning: The objective has been evaluated at point [0.1, 1, 50, True, 1e-06, False] before, using random point [0.009868142177713028, 1, 1176, True, 3.553994088816842e-05, False]
  warnings.warn(
/usr/local/usrapps/ddomlab/sdehgha2/pls-dataset-env/lib/python3.10/site-packages/skopt/optimizer/optimizer.py:517: UserWarning: The objective has been evaluated at point [0.1, 1, 50, True, 1e-06, False] before, using random point [0.005243640592251073, 1, 357, True, 1.541108759949908e-06, False]
  warnings.warn(
/usr/local/usrapps/ddomlab/sdehgha2/pls-dataset-env/lib/python3.10/site-packages/skopt/optimizer/optimizer.py:517: UserWarning: The objective has been evaluated at point [0.1, 1, 50, True, 1e-06, False] before, using random point [0.07406915811517857, 1, 98, True, 0.000350648841926105, False]
  warnings.warn(
/usr/local/usrapps/ddomlab/sdehgha2/pls-dataset-env/lib/python3.10/site-packages/skopt/optimizer/optimizer.py:517: UserWarning: The objective has been evaluated at point [0.1, 1, 50, True, 1e-06, False] before, using random point [0.013713648897731476, 1, 96, True, 8.767617716411702e-06, False]
  warnings.warn(
/usr/local/usrapps/ddomlab/sdehgha2/pls-dataset-env/lib/python3.10/site-packages/skopt/optimizer/optimizer.py:517: UserWarning: The objective has been evaluated at point [0.1, 1, 50, True, 1e-06, False] before, using random point [0.045373413739326254, 1, 436, True, 2.9282581415271997e-06, False]
  warnings.warn(
/usr/local/usrapps/ddomlab/sdehgha2/pls-dataset-env/lib/python3.10/site-packages/skopt/optimizer/optimizer.py:517: UserWarning: The objective has been evaluated at point [0.1, 1, 50, True, 1e-06, False] before, using random point [0.001186795380217221, 1, 1197, True, 8.876318054021814e-05, False]
  warnings.warn(
/usr/local/usrapps/ddomlab/sdehgha2/pls-dataset-env/lib/python3.10/site-packages/skopt/optimizer/optimizer.py:517: UserWarning: The objective has been evaluated at point [0.1, 1, 50, True, 1e-06, False] before, using random point [0.0023997910064361525, 1, 152, True, 3.822729909902378e-05, False]
  warnings.warn(
/usr/local/usrapps/ddomlab/sdehgha2/pls-dataset-env/lib/python3.10/site-packages/skopt/optimizer/optimizer.py:517: UserWarning: The objective has been evaluated at point [0.1, 1, 50, True, 1e-06, False] before, using random point [0.022151823410285133, 1, 706, True, 1.1779032555102984e-06, False]
  warnings.warn(
/usr/local/usrapps/ddomlab/sdehgha2/pls-dataset-env/lib/python3.10/site-packages/skopt/optimizer/optimizer.py:517: UserWarning: The objective has been evaluated at point [0.1, 1, 50, True, 1e-06, False] before, using random point [0.04186379591604394, 1, 933, True, 2.4219172269349396e-05, False]
  warnings.warn(
/usr/local/usrapps/ddomlab/sdehgha2/pls-dataset-env/lib/python3.10/site-packages/skopt/optimizer/optimizer.py:517: UserWarning: The objective has been evaluated at point [0.1, 1, 50, True, 1e-06, False] before, using random point [0.0023168891853805724, 1, 616, True, 3.417652540921954e-05, False]
  warnings.warn(
/usr/local/usrapps/ddomlab/sdehgha2/pls-dataset-env/lib/python3.10/site-packages/skopt/optimizer/optimizer.py:517: UserWarning: The objective has been evaluated at point [0.1, 1, 50, True, 1e-06, False] before, using random point [0.011666872969820097, 1, 765, True, 2.0815870879318976e-06, False]
  warnings.warn(
/usr/local/usrapps/ddomlab/sdehgha2/pls-dataset-env/lib/python3.10/site-packages/skopt/optimizer/optimizer.py:517: UserWarning: The objective has been evaluated at point [0.1, 1, 50, True, 1e-06, False] before, using random point [0.00010649302664302677, 1, 371, True, 5.840646065800784e-06, False]
  warnings.warn(
/usr/local/usrapps/ddomlab/sdehgha2/pls-dataset-env/lib/python3.10/site-packages/skopt/optimizer/optimizer.py:517: UserWarning: The objective has been evaluated at point [0.1, 1, 50, True, 1e-06, False] before, using random point [0.003702040333418697, 1, 196, True, 0.00012758318151892645, False]
  warnings.warn(
/usr/local/usrapps/ddomlab/sdehgha2/pls-dataset-env/lib/python3.10/site-packages/skopt/optimizer/optimizer.py:517: UserWarning: The objective has been evaluated at point [0.1, 1, 50, True, 1e-06, False] before, using random point [0.017865846766430802, 1, 411, True, 2.5966383733877323e-06, False]
  warnings.warn(
/usr/local/usrapps/ddomlab/sdehgha2/pls-dataset-env/lib/python3.10/site-packages/skopt/optimizer/optimizer.py:517: UserWarning: The objective has been evaluated at point [0.1, 1, 2000, True, 0.001, False] before, using random point [0.00015540232499270995, 1, 68, True, 2.250491521285756e-06, False]
  warnings.warn(
/usr/local/usrapps/ddomlab/sdehgha2/pls-dataset-env/lib/python3.10/site-packages/skopt/optimizer/optimizer.py:517: UserWarning: The objective has been evaluated at point [0.1, 1, 2000, True, 0.001, False] before, using random point [0.0008536714600266263, 1, 1007, True, 0.0003862157613264864, False]
  warnings.warn(
/usr/local/usrapps/ddomlab/sdehgha2/pls-dataset-env/lib/python3.10/site-packages/skopt/optimizer/optimizer.py:517: UserWarning: The objective has been evaluated at point [0.1, 1, 2000, True, 0.001, False] before, using random point [0.001565360406230398, 1, 138, True, 0.0005340531932464406, False]
  warnings.warn(
/usr/local/usrapps/ddomlab/sdehgha2/pls-dataset-env/lib/python3.10/site-packages/skopt/optimizer/optimizer.py:517: UserWarning: The objective has been evaluated at point [0.1, 1, 2000, True, 0.001, False] before, using random point [0.025417398691464282, 1, 1358, True, 1.1834329115877803e-06, False]
  warnings.warn(
/usr/local/usrapps/ddomlab/sdehgha2/pls-dataset-env/lib/python3.10/site-packages/skopt/optimizer/optimizer.py:517: UserWarning: The objective has been evaluated at point [0.1, 1, 2000, True, 0.001, False] before, using random point [0.0012929245851185786, 1, 108, True, 0.0009111911212590682, False]
  warnings.warn(
/usr/local/usrapps/ddomlab/sdehgha2/pls-dataset-env/lib/python3.10/site-packages/skopt/optimizer/optimizer.py:517: UserWarning: The objective has been evaluated at point [0.1, 1, 50, True, 0.001, False] before, using random point [0.051132990355973906, 1, 444, True, 2.572578830100912e-06, False]
  warnings.warn(
/usr/local/usrapps/ddomlab/sdehgha2/pls-dataset-env/lib/python3.10/site-packages/skopt/optimizer/optimizer.py:517: UserWarning: The objective has been evaluated at point [0.1, 1, 2000, True, 0.001, False] before, using random point [0.004316086735305783, 1, 1428, True, 7.031440989659744e-05, False]
  warnings.warn(
/usr/local/usrapps/ddomlab/sdehgha2/pls-dataset-env/lib/python3.10/site-packages/skopt/optimizer/optimizer.py:517: UserWarning: The objective has been evaluated at point [0.1, 1, 2000, True, 0.001, False] before, using random point [0.045432411452888254, 1, 1858, True, 3.600349098053117e-06, False]
  warnings.warn(
/usr/local/usrapps/ddomlab/sdehgha2/pls-dataset-env/lib/python3.10/site-packages/skopt/optimizer/optimizer.py:517: UserWarning: The objective has been evaluated at point [0.1, 1, 50, True, 0.001, False] before, using random point [0.00025325245230938583, 1, 99, True, 0.0006888622111320947, False]
  warnings.warn(
/usr/local/usrapps/ddomlab/sdehgha2/pls-dataset-env/lib/python3.10/site-packages/skopt/optimizer/optimizer.py:517: UserWarning: The objective has been evaluated at point [0.1, 1, 2000, True, 0.001, False] before, using random point [0.0006726531826155121, 1, 58, True, 1.7669316226702904e-05, False]
  warnings.warn(
/usr/local/usrapps/ddomlab/sdehgha2/pls-dataset-env/lib/python3.10/site-packages/skopt/optimizer/optimizer.py:517: UserWarning: The objective has been evaluated at point [0.1, 1, 2000, True, 0.001, False] before, using random point [0.0697496602425048, 1, 463, True, 0.00013303490510256945, False]
  warnings.warn(
/usr/local/usrapps/ddomlab/sdehgha2/pls-dataset-env/lib/python3.10/site-packages/skopt/optimizer/optimizer.py:517: UserWarning: The objective has been evaluated at point [0.1, 1, 2000, True, 0.001, False] before, using random point [0.00655024117053574, 1, 83, True, 4.66364286791582e-05, False]
  warnings.warn(
/usr/local/usrapps/ddomlab/sdehgha2/pls-dataset-env/lib/python3.10/site-packages/skopt/optimizer/optimizer.py:517: UserWarning: The objective has been evaluated at point [0.1, 1, 2000, True, 0.001, False] before, using random point [0.0017321725750309874, 1, 1316, True, 4.677381213589525e-05, False]
  warnings.warn(
/usr/local/usrapps/ddomlab/sdehgha2/pls-dataset-env/lib/python3.10/site-packages/skopt/optimizer/optimizer.py:517: UserWarning: The objective has been evaluated at point [0.1, 1, 2000, True, 0.001, False] before, using random point [0.038631556590045184, 1, 73, True, 0.0007189173428044632, False]
  warnings.warn(
/usr/local/usrapps/ddomlab/sdehgha2/pls-dataset-env/lib/python3.10/site-packages/skopt/optimizer/optimizer.py:517: UserWarning: The objective has been evaluated at point [0.1, 1, 2000, True, 0.001, False] before, using random point [0.025111847844584537, 1, 56, True, 8.6275459575808e-05, False]
  warnings.warn(
/usr/local/usrapps/ddomlab/sdehgha2/pls-dataset-env/lib/python3.10/site-packages/skopt/optimizer/optimizer.py:517: UserWarning: The objective has been evaluated at point [0.1, 1, 2000, True, 0.001, False] before, using random point [0.0565901706429108, 1, 77, True, 1.8733859997877286e-05, False]
  warnings.warn(
/usr/local/usrapps/ddomlab/sdehgha2/pls-dataset-env/lib/python3.10/site-packages/skopt/optimizer/optimizer.py:517: UserWarning: The objective has been evaluated at point [0.1, 1, 2000, True, 0.001, False] before, using random point [0.01707510579386648, 1, 613, True, 3.546517168100632e-06, False]
  warnings.warn(
/usr/local/usrapps/ddomlab/sdehgha2/pls-dataset-env/lib/python3.10/site-packages/skopt/optimizer/optimizer.py:517: UserWarning: The objective has been evaluated at point [0.1, 1, 2000, True, 0.001, False] before, using random point [0.00019546966077956156, 1, 1571, True, 1.0442908768448449e-06, False]
  warnings.warn(
/usr/local/usrapps/ddomlab/sdehgha2/pls-dataset-env/lib/python3.10/site-packages/skopt/optimizer/optimizer.py:517: UserWarning: The objective has been evaluated at point [0.1, 1, 2000, True, 0.001, False] before, using random point [0.00012180117889702719, 1, 1563, True, 5.595178954604561e-06, False]
  warnings.warn(
/usr/local/usrapps/ddomlab/sdehgha2/pls-dataset-env/lib/python3.10/site-packages/skopt/optimizer/optimizer.py:517: UserWarning: The objective has been evaluated at point [0.1, 1, 2000, True, 0.001, False] before, using random point [0.03864962748473445, 1, 262, True, 0.000775823593395194, False]
  warnings.warn(
/usr/local/usrapps/ddomlab/sdehgha2/pls-dataset-env/lib/python3.10/site-packages/skopt/optimizer/optimizer.py:517: UserWarning: The objective has been evaluated at point [0.1, 1, 2000, True, 0.001, False] before, using random point [0.004575221000908755, 1, 745, True, 8.94642869521139e-05, False]
  warnings.warn(
/usr/local/usrapps/ddomlab/sdehgha2/pls-dataset-env/lib/python3.10/site-packages/skopt/optimizer/optimizer.py:517: UserWarning: The objective has been evaluated at point [0.1, 1, 2000, True, 0.001, False] before, using random point [0.00016642139219102934, 1, 614, True, 2.5654233747396943e-06, False]
  warnings.warn(
/usr/local/usrapps/ddomlab/sdehgha2/pls-dataset-env/lib/python3.10/site-packages/skopt/optimizer/optimizer.py:517: UserWarning: The objective has been evaluated at point [0.1, 1, 2000, True, 1e-06, False] before, using random point [0.004219671323801641, 1, 1673, True, 1.0625517653736443e-06, False]
  warnings.warn(
/usr/local/usrapps/ddomlab/sdehgha2/pls-dataset-env/lib/python3.10/site-packages/skopt/optimizer/optimizer.py:517: UserWarning: The objective has been evaluated at point [0.1, 1, 2000, True, 1e-06, False] before, using random point [0.004219671323801641, 1, 1673, True, 1.0625517653736443e-06, False]
  warnings.warn(
/usr/local/usrapps/ddomlab/sdehgha2/pls-dataset-env/lib/python3.10/site-packages/skopt/optimizer/optimizer.py:517: UserWarning: The objective has been evaluated at point [0.1, 1, 2000, True, 1e-06, False] before, using random point [0.07898675028522285, 1, 701, True, 0.00029935036179329474, False]
  warnings.warn(
/usr/local/usrapps/ddomlab/sdehgha2/pls-dataset-env/lib/python3.10/site-packages/skopt/optimizer/optimizer.py:517: UserWarning: The objective has been evaluated at point [0.1, 1, 50, True, 0.001, False] before, using random point [0.017761870046305712, 1, 267, True, 9.474005269227448e-06, False]
  warnings.warn(
/usr/local/usrapps/ddomlab/sdehgha2/pls-dataset-env/lib/python3.10/site-packages/skopt/optimizer/optimizer.py:517: UserWarning: The objective has been evaluated at point [0.1, 1, 50, True, 0.001, False] before, using random point [0.0729008987052178, 1, 223, True, 7.63633516790953e-06, False]
  warnings.warn(
/usr/local/usrapps/ddomlab/sdehgha2/pls-dataset-env/lib/python3.10/site-packages/skopt/optimizer/optimizer.py:517: UserWarning: The objective has been evaluated at point [0.1, 1, 2000, True, 0.001, False] before, using random point [0.06182571704387309, 1, 232, True, 0.00021818776450749822, False]
  warnings.warn(
/usr/local/usrapps/ddomlab/sdehgha2/pls-dataset-env/lib/python3.10/site-packages/skopt/optimizer/optimizer.py:517: UserWarning: The objective has been evaluated at point [0.1, 1, 2000, True, 0.001, False] before, using random point [0.012066314142156895, 1, 155, True, 4.7255952107197764e-05, False]
  warnings.warn(
/usr/local/usrapps/ddomlab/sdehgha2/pls-dataset-env/lib/python3.10/site-packages/skopt/optimizer/optimizer.py:517: UserWarning: The objective has been evaluated at point [0.1, 1, 2000, True, 0.001, False] before, using random point [0.0034472980656429127, 1, 239, True, 6.334432601004258e-05, False]
  warnings.warn(
/usr/local/usrapps/ddomlab/sdehgha2/pls-dataset-env/lib/python3.10/site-packages/skopt/optimizer/optimizer.py:517: UserWarning: The objective has been evaluated at point [0.1, 1, 50, True, 0.001, False] before, using random point [0.00035108814573770966, 1, 92, True, 5.178566368255941e-06, False]
  warnings.warn(
/usr/local/usrapps/ddomlab/sdehgha2/pls-dataset-env/lib/python3.10/site-packages/skopt/optimizer/optimizer.py:517: UserWarning: The objective has been evaluated at point [0.1, 1, 50, True, 0.001, False] before, using random point [0.0008536714600266263, 1, 1007, True, 0.0003862157613264864, False]
  warnings.warn(
/usr/local/usrapps/ddomlab/sdehgha2/pls-dataset-env/lib/python3.10/site-packages/skopt/optimizer/optimizer.py:517: UserWarning: The objective has been evaluated at point [0.1, 1, 50, True, 0.001, False] before, using random point [0.001565360406230398, 1, 138, True, 0.0005340531932464406, False]
  warnings.warn(
/usr/local/usrapps/ddomlab/sdehgha2/pls-dataset-env/lib/python3.10/site-packages/skopt/optimizer/optimizer.py:517: UserWarning: The objective has been evaluated at point [0.1, 1, 50, True, 0.001, False] before, using random point [0.00011894845639230813, 1, 183, True, 5.34245603459432e-06, False]
  warnings.warn(
/usr/local/usrapps/ddomlab/sdehgha2/pls-dataset-env/lib/python3.10/site-packages/skopt/optimizer/optimizer.py:517: UserWarning: The objective has been evaluated at point [0.1, 1, 50, True, 0.001, False] before, using random point [0.0003604585344310605, 1, 105, True, 5.042819965747978e-05, False]
  warnings.warn(
/usr/local/usrapps/ddomlab/sdehgha2/pls-dataset-env/lib/python3.10/site-packages/skopt/optimizer/optimizer.py:517: UserWarning: The objective has been evaluated at point [0.1, 1, 50, True, 0.001, False] before, using random point [0.02611771848088472, 1, 1231, True, 3.5713241738094106e-06, False]
  warnings.warn(
/usr/local/usrapps/ddomlab/sdehgha2/pls-dataset-env/lib/python3.10/site-packages/skopt/optimizer/optimizer.py:517: UserWarning: The objective has been evaluated at point [0.1, 1, 50, True, 0.001, False] before, using random point [0.0006309734369999129, 1, 232, True, 3.0210021352648518e-05, False]
  warnings.warn(
/usr/local/usrapps/ddomlab/sdehgha2/pls-dataset-env/lib/python3.10/site-packages/skopt/optimizer/optimizer.py:517: UserWarning: The objective has been evaluated at point [0.1, 1, 50, True, 0.001, False] before, using random point [0.0001710123577095909, 1, 853, True, 2.0286955790567503e-06, False]
  warnings.warn(
/usr/local/usrapps/ddomlab/sdehgha2/pls-dataset-env/lib/python3.10/site-packages/skopt/optimizer/optimizer.py:517: UserWarning: The objective has been evaluated at point [0.1, 1, 50, True, 0.001, False] before, using random point [0.025417398691464282, 1, 1358, True, 1.1834329115877803e-06, False]
  warnings.warn(
/usr/local/usrapps/ddomlab/sdehgha2/pls-dataset-env/lib/python3.10/site-packages/skopt/optimizer/optimizer.py:517: UserWarning: The objective has been evaluated at point [0.1, 1, 50, True, 0.001, False] before, using random point [0.0012929245851185786, 1, 108, True, 0.0009111911212590682, False]
  warnings.warn(
/usr/local/usrapps/ddomlab/sdehgha2/pls-dataset-env/lib/python3.10/site-packages/skopt/optimizer/optimizer.py:517: UserWarning: The objective has been evaluated at point [0.1, 1, 50, True, 0.001, False] before, using random point [0.08603836609287525, 1, 99, True, 0.00010434300958697912, False]
  warnings.warn(
/usr/local/usrapps/ddomlab/sdehgha2/pls-dataset-env/lib/python3.10/site-packages/skopt/optimizer/optimizer.py:517: UserWarning: The objective has been evaluated at point [0.1, 1, 50, True, 1e-06, False] before, using random point [0.0007803768000389418, 1, 663, True, 1.8962270538309703e-05, False]
  warnings.warn(
/usr/local/usrapps/ddomlab/sdehgha2/pls-dataset-env/lib/python3.10/site-packages/skopt/optimizer/optimizer.py:517: UserWarning: The objective has been evaluated at point [0.1, 1, 50, True, 0.001, False] before, using random point [0.03559274519818588, 1, 954, True, 8.105813565041927e-06, False]
  warnings.warn(
/usr/local/usrapps/ddomlab/sdehgha2/pls-dataset-env/lib/python3.10/site-packages/skopt/optimizer/optimizer.py:517: UserWarning: The objective has been evaluated at point [0.1, 1, 50, True, 0.001, False] before, using random point [0.03072972758912493, 1, 1429, True, 1.928608206438564e-05, False]
  warnings.warn(
/usr/local/usrapps/ddomlab/sdehgha2/pls-dataset-env/lib/python3.10/site-packages/skopt/optimizer/optimizer.py:517: UserWarning: The objective has been evaluated at point [0.1, 1, 50, True, 0.001, False] before, using random point [0.0018044482365485368, 1, 176, True, 0.0002759962246721082, False]
  warnings.warn(
/usr/local/usrapps/ddomlab/sdehgha2/pls-dataset-env/lib/python3.10/site-packages/skopt/optimizer/optimizer.py:517: UserWarning: The objective has been evaluated at point [0.1, 1, 50, True, 0.001, False] before, using random point [0.00017218142713814968, 1, 499, True, 0.0009811565599764321, False]
  warnings.warn(
/usr/local/usrapps/ddomlab/sdehgha2/pls-dataset-env/lib/python3.10/site-packages/skopt/optimizer/optimizer.py:517: UserWarning: The objective has been evaluated at point [0.1, 1, 2000, True, 1e-06, False] before, using random point [0.08448837075241764, 1, 1522, True, 5.705909534330573e-06, False]
  warnings.warn(
/usr/local/usrapps/ddomlab/sdehgha2/pls-dataset-env/lib/python3.10/site-packages/skopt/optimizer/optimizer.py:517: UserWarning: The objective has been evaluated at point [0.1, 1, 50, True, 0.001, False] before, using random point [0.003052973733963394, 1, 328, True, 0.00027437936104804844, False]
  warnings.warn(
/usr/local/usrapps/ddomlab/sdehgha2/pls-dataset-env/lib/python3.10/site-packages/skopt/optimizer/optimizer.py:517: UserWarning: The objective has been evaluated at point [0.1, 1, 50, True, 0.001, False] before, using random point [0.001815661626383686, 1, 280, True, 2.023700659402492e-05, False]
  warnings.warn(
/usr/local/usrapps/ddomlab/sdehgha2/pls-dataset-env/lib/python3.10/site-packages/skopt/optimizer/optimizer.py:517: UserWarning: The objective has been evaluated at point [0.1, 1, 2000, True, 0.001, False] before, using random point [0.003101505802960236, 1, 496, True, 0.00020226710742438575, False]
  warnings.warn(
/usr/local/usrapps/ddomlab/sdehgha2/pls-dataset-env/lib/python3.10/site-packages/skopt/optimizer/optimizer.py:517: UserWarning: The objective has been evaluated at point [0.1, 1, 2000, True, 0.001, False] before, using random point [0.008769419739882232, 1, 65, True, 6.04089975433638e-06, False]
  warnings.warn(
/usr/local/usrapps/ddomlab/sdehgha2/pls-dataset-env/lib/python3.10/site-packages/skopt/optimizer/optimizer.py:517: UserWarning: The objective has been evaluated at point [0.1, 1, 2000, True, 0.001, False] before, using random point [0.00012991014483463862, 1, 336, True, 1.7556283638707434e-05, False]
  warnings.warn(
/usr/local/usrapps/ddomlab/sdehgha2/pls-dataset-env/lib/python3.10/site-packages/skopt/optimizer/optimizer.py:517: UserWarning: The objective has been evaluated at point [0.1, 1, 2000, True, 0.001, False] before, using random point [0.002470752839954958, 1, 1322, True, 1.5836172209124683e-06, False]
  warnings.warn(
/usr/local/usrapps/ddomlab/sdehgha2/pls-dataset-env/lib/python3.10/site-packages/skopt/optimizer/optimizer.py:517: UserWarning: The objective has been evaluated at point [0.1, 1, 2000, True, 0.001, False] before, using random point [0.04595248607420589, 1, 314, True, 4.7039894396456006e-06, False]
  warnings.warn(
/usr/local/usrapps/ddomlab/sdehgha2/pls-dataset-env/lib/python3.10/site-packages/skopt/optimizer/optimizer.py:517: UserWarning: The objective has been evaluated at point [0.1, 1, 2000, True, 0.001, False] before, using random point [0.00010405918196552572, 1, 714, True, 1.5264559701950963e-05, False]
  warnings.warn(
/usr/local/usrapps/ddomlab/sdehgha2/pls-dataset-env/lib/python3.10/site-packages/skopt/optimizer/optimizer.py:517: UserWarning: The objective has been evaluated at point [0.1, 1, 2000, True, 0.001, False] before, using random point [0.0019890130033190004, 1, 727, True, 1.9532892131820974e-06, False]
  warnings.warn(
/usr/local/usrapps/ddomlab/sdehgha2/pls-dataset-env/lib/python3.10/site-packages/skopt/optimizer/optimizer.py:517: UserWarning: The objective has been evaluated at point [0.1, 1, 2000, True, 0.001, False] before, using random point [0.01012559664977446, 1, 52, True, 1.6178575806738837e-05, False]
  warnings.warn(
/usr/local/usrapps/ddomlab/sdehgha2/pls-dataset-env/lib/python3.10/site-packages/skopt/optimizer/optimizer.py:517: UserWarning: The objective has been evaluated at point [0.1, 1, 2000, True, 0.001, False] before, using random point [0.00012485258612761886, 1, 512, True, 0.00044350789157202123, False]
  warnings.warn(
/usr/local/usrapps/ddomlab/sdehgha2/pls-dataset-env/lib/python3.10/site-packages/skopt/optimizer/optimizer.py:517: UserWarning: The objective has been evaluated at point [0.1, 1, 2000, True, 0.001, False] before, using random point [0.0030006547300872695, 1, 662, True, 6.61326633015041e-05, False]
  warnings.warn(
/usr/local/usrapps/ddomlab/sdehgha2/pls-dataset-env/lib/python3.10/site-packages/skopt/optimizer/optimizer.py:517: UserWarning: The objective has been evaluated at point [0.1, 1, 2000, True, 0.001, False] before, using random point [0.012504965465102933, 1, 543, True, 0.0007664439749487882, False]
  warnings.warn(
/usr/local/usrapps/ddomlab/sdehgha2/pls-dataset-env/lib/python3.10/site-packages/skopt/optimizer/optimizer.py:517: UserWarning: The objective has been evaluated at point [0.1, 1, 2000, True, 0.001, False] before, using random point [0.009569451501686258, 1, 51, True, 0.0002880202889891777, False]
  warnings.warn(
/usr/local/usrapps/ddomlab/sdehgha2/pls-dataset-env/lib/python3.10/site-packages/skopt/optimizer/optimizer.py:517: UserWarning: The objective has been evaluated at point [0.1, 1, 2000, True, 0.001, False] before, using random point [0.005620906446534632, 1, 497, True, 1.7457889755098673e-06, False]
  warnings.warn(
/usr/local/usrapps/ddomlab/sdehgha2/pls-dataset-env/lib/python3.10/site-packages/skopt/optimizer/optimizer.py:517: UserWarning: The objective has been evaluated at point [0.1, 1, 2000, True, 0.001, False] before, using random point [0.00023182502697804841, 1, 1219, True, 5.987651171189204e-06, False]
  warnings.warn(
/usr/local/usrapps/ddomlab/sdehgha2/pls-dataset-env/lib/python3.10/site-packages/skopt/optimizer/optimizer.py:517: UserWarning: The objective has been evaluated at point [0.1, 1, 2000, True, 0.001, False] before, using random point [0.000386321768751347, 1, 120, True, 4.7587277670580644e-05, False]
  warnings.warn(
/usr/local/usrapps/ddomlab/sdehgha2/pls-dataset-env/lib/python3.10/site-packages/skopt/optimizer/optimizer.py:517: UserWarning: The objective has been evaluated at point [0.1, 1, 2000, True, 0.001, False] before, using random point [0.0005057880568103314, 1, 1362, True, 8.208551706996474e-05, False]
  warnings.warn(
/usr/local/usrapps/ddomlab/sdehgha2/pls-dataset-env/lib/python3.10/site-packages/skopt/optimizer/optimizer.py:517: UserWarning: The objective has been evaluated at point [0.1, 1, 2000, True, 0.001, False] before, using random point [0.00011763576581200534, 1, 459, True, 1.1320043072225818e-06, False]
  warnings.warn(
/usr/local/usrapps/ddomlab/sdehgha2/pls-dataset-env/lib/python3.10/site-packages/skopt/optimizer/optimizer.py:517: UserWarning: The objective has been evaluated at point [0.1, 1, 2000, True, 0.001, False] before, using random point [0.09955394902926368, 1, 85, True, 1.3005040863386193e-06, False]
  warnings.warn(
/usr/local/usrapps/ddomlab/sdehgha2/pls-dataset-env/lib/python3.10/site-packages/skopt/optimizer/optimizer.py:517: UserWarning: The objective has been evaluated at point [0.1, 1, 2000, True, 1e-06, False] before, using random point [0.0004689179612345662, 1, 526, True, 1.0040866846418685e-05, False]
  warnings.warn(
/usr/local/usrapps/ddomlab/sdehgha2/pls-dataset-env/lib/python3.10/site-packages/skopt/optimizer/optimizer.py:517: UserWarning: The objective has been evaluated at point [0.1, 1, 2000, True, 0.001, False] before, using random point [0.009591866001509308, 1, 290, True, 0.0002487907936370736, False]
  warnings.warn(
/usr/local/usrapps/ddomlab/sdehgha2/pls-dataset-env/lib/python3.10/site-packages/skopt/optimizer/optimizer.py:517: UserWarning: The objective has been evaluated at point [0.1, 1, 2000, True, 0.001, False] before, using random point [0.004383563747774247, 1, 366, True, 3.71459228288051e-05, False]
  warnings.warn(
/usr/local/usrapps/ddomlab/sdehgha2/pls-dataset-env/lib/python3.10/site-packages/skopt/optimizer/optimizer.py:517: UserWarning: The objective has been evaluated at point [0.1, 1, 2000, True, 0.001, False] before, using random point [0.00525949814301105, 1, 1884, True, 0.0004653773355468672, False]
  warnings.warn(
/usr/local/usrapps/ddomlab/sdehgha2/pls-dataset-env/lib/python3.10/site-packages/skopt/optimizer/optimizer.py:517: UserWarning: The objective has been evaluated at point [0.1, 1, 2000, True, 1e-06, False] before, using random point [0.009591866001509308, 1, 290, True, 0.0002487907936370736, False]
  warnings.warn(
/usr/local/usrapps/ddomlab/sdehgha2/pls-dataset-env/lib/python3.10/site-packages/skopt/optimizer/optimizer.py:517: UserWarning: The objective has been evaluated at point [0.1, 1, 2000, True, 1e-06, False] before, using random point [0.004383563747774247, 1, 366, True, 3.71459228288051e-05, False]
  warnings.warn(
/usr/local/usrapps/ddomlab/sdehgha2/pls-dataset-env/lib/python3.10/site-packages/skopt/optimizer/optimizer.py:517: UserWarning: The objective has been evaluated at point [0.1, 1, 2000, True, 0.001, False] before, using random point [0.038717223652965656, 1, 1334, True, 5.528274697107728e-06, False]
  warnings.warn(
/usr/local/usrapps/ddomlab/sdehgha2/pls-dataset-env/lib/python3.10/site-packages/skopt/optimizer/optimizer.py:517: UserWarning: The objective has been evaluated at point [0.1, 1, 2000, True, 0.001, False] before, using random point [0.0004971198569375435, 1, 1418, True, 8.24634810875749e-05, False]
  warnings.warn(
/usr/local/usrapps/ddomlab/sdehgha2/pls-dataset-env/lib/python3.10/site-packages/skopt/optimizer/optimizer.py:517: UserWarning: The objective has been evaluated at point [0.1, 1, 2000, True, 1e-06, False] before, using random point [0.0012578950114513104, 1, 514, True, 0.0004228998434568543, False]
  warnings.warn(
/usr/local/usrapps/ddomlab/sdehgha2/pls-dataset-env/lib/python3.10/site-packages/skopt/optimizer/optimizer.py:517: UserWarning: The objective has been evaluated at point [0.1, 1, 2000, True, 1e-06, False] before, using random point [0.010252388012499248, 1, 474, True, 0.00065743940328587, False]
  warnings.warn(
/usr/local/usrapps/ddomlab/sdehgha2/pls-dataset-env/lib/python3.10/site-packages/skopt/optimizer/optimizer.py:517: UserWarning: The objective has been evaluated at point [0.1, 1, 2000, True, 1e-06, False] before, using random point [0.0005439736904921165, 1, 268, True, 0.0006508288297695006, False]
  warnings.warn(
/usr/local/usrapps/ddomlab/sdehgha2/pls-dataset-env/lib/python3.10/site-packages/skopt/optimizer/optimizer.py:517: UserWarning: The objective has been evaluated at point [0.1, 1, 2000, True, 1e-06, False] before, using random point [0.0006443458113260074, 1, 207, True, 1.8872647179084173e-05, False]
  warnings.warn(
/usr/local/usrapps/ddomlab/sdehgha2/pls-dataset-env/lib/python3.10/site-packages/skopt/optimizer/optimizer.py:517: UserWarning: The objective has been evaluated at point [0.1, 1, 2000, True, 1e-06, False] before, using random point [0.00014875351706710713, 1, 296, True, 0.00016121224971581128, False]
  warnings.warn(
/usr/local/usrapps/ddomlab/sdehgha2/pls-dataset-env/lib/python3.10/site-packages/skopt/optimizer/optimizer.py:517: UserWarning: The objective has been evaluated at point [0.1, 1, 2000, True, 1e-06, False] before, using random point [0.0909332113502048, 1, 69, True, 1.000468852387887e-05, False]
  warnings.warn(
/usr/local/usrapps/ddomlab/sdehgha2/pls-dataset-env/lib/python3.10/site-packages/skopt/optimizer/optimizer.py:517: UserWarning: The objective has been evaluated at point [0.0001, 1, 2000, True, 0.001, False] before, using random point [0.0025756602840127803, 1, 1062, True, 3.2407169647061606e-06, False]
  warnings.warn(
/usr/local/usrapps/ddomlab/sdehgha2/pls-dataset-env/lib/python3.10/site-packages/skopt/optimizer/optimizer.py:517: UserWarning: The objective has been evaluated at point [0.1, 1, 2000, True, 1e-06, False] before, using random point [0.004489892219968856, 1, 131, True, 4.813136939192244e-06, False]
  warnings.warn(
/usr/local/usrapps/ddomlab/sdehgha2/pls-dataset-env/lib/python3.10/site-packages/skopt/optimizer/optimizer.py:517: UserWarning: The objective has been evaluated at point [0.1, 1, 2000, True, 1e-06, False] before, using random point [0.00970852939824471, 1, 138, True, 1.489070277952473e-06, False]
  warnings.warn(
/usr/local/usrapps/ddomlab/sdehgha2/pls-dataset-env/lib/python3.10/site-packages/skopt/optimizer/optimizer.py:517: UserWarning: The objective has been evaluated at point [0.1, 1, 2000, True, 1e-06, False] before, using random point [0.0014123600013179797, 1, 440, True, 1.7378951747841752e-06, False]
  warnings.warn(
/usr/local/usrapps/ddomlab/sdehgha2/pls-dataset-env/lib/python3.10/site-packages/skopt/optimizer/optimizer.py:517: UserWarning: The objective has been evaluated at point [0.1, 1, 2000, True, 1e-06, False] before, using random point [0.0909332113502048, 1, 69, True, 1.000468852387887e-05, False]
  warnings.warn(
/usr/local/usrapps/ddomlab/sdehgha2/pls-dataset-env/lib/python3.10/site-packages/skopt/optimizer/optimizer.py:517: UserWarning: The objective has been evaluated at point [0.1, 1, 50, True, 0.001, False] before, using random point [0.00016513103915663134, 1, 62, True, 7.960074924836544e-06, False]
  warnings.warn(
/usr/local/usrapps/ddomlab/sdehgha2/pls-dataset-env/lib/python3.10/site-packages/skopt/optimizer/optimizer.py:517: UserWarning: The objective has been evaluated at point [0.1, 1, 50, True, 0.001, False] before, using random point [0.0010772512779927761, 1, 1472, True, 4.816843602887947e-06, False]
  warnings.warn(
/usr/local/usrapps/ddomlab/sdehgha2/pls-dataset-env/lib/python3.10/site-packages/skopt/optimizer/optimizer.py:517: UserWarning: The objective has been evaluated at point [0.1, 1, 2000, True, 0.001, False] before, using random point [0.004219671323801641, 1, 1673, True, 1.0625517653736443e-06, False]
  warnings.warn(
/usr/local/usrapps/ddomlab/sdehgha2/pls-dataset-env/lib/python3.10/site-packages/skopt/optimizer/optimizer.py:517: UserWarning: The objective has been evaluated at point [0.1, 1, 2000, True, 0.001, False] before, using random point [0.0729008987052178, 1, 223, True, 7.63633516790953e-06, False]
  warnings.warn(
/usr/local/usrapps/ddomlab/sdehgha2/pls-dataset-env/lib/python3.10/site-packages/skopt/optimizer/optimizer.py:517: UserWarning: The objective has been evaluated at point [0.1, 1, 2000, True, 0.001, False] before, using random point [0.01145397798468445, 1, 632, True, 3.341876152457657e-06, False]
  warnings.warn(
/usr/local/usrapps/ddomlab/sdehgha2/pls-dataset-env/lib/python3.10/site-packages/skopt/optimizer/optimizer.py:517: UserWarning: The objective has been evaluated at point [0.1, 1, 2000, True, 0.001, False] before, using random point [0.008194027186071576, 1, 131, True, 0.00010139369722405396, False]
  warnings.warn(
/usr/local/usrapps/ddomlab/sdehgha2/pls-dataset-env/lib/python3.10/site-packages/skopt/optimizer/optimizer.py:517: UserWarning: The objective has been evaluated at point [0.1, 1, 2000, True, 0.001, False] before, using random point [0.002278168866500747, 1, 232, True, 0.0003136992731718017, False]
  warnings.warn(
/usr/local/usrapps/ddomlab/sdehgha2/pls-dataset-env/lib/python3.10/site-packages/skopt/optimizer/optimizer.py:517: UserWarning: The objective has been evaluated at point [0.1, 1, 2000, True, 0.001, False] before, using random point [0.0284172866447641, 1, 192, True, 2.056198663712488e-06, False]
  warnings.warn(
/usr/local/usrapps/ddomlab/sdehgha2/pls-dataset-env/lib/python3.10/site-packages/skopt/optimizer/optimizer.py:517: UserWarning: The objective has been evaluated at point [0.1, 1, 2000, True, 0.001, False] before, using random point [0.016932744552068692, 1, 479, True, 7.8491381638832e-06, False]
  warnings.warn(
/usr/local/usrapps/ddomlab/sdehgha2/pls-dataset-env/lib/python3.10/site-packages/skopt/optimizer/optimizer.py:517: UserWarning: The objective has been evaluated at point [0.1, 1, 2000, True, 0.001, False] before, using random point [0.07898675028522285, 1, 701, True, 0.00029935036179329474, False]
  warnings.warn(
/usr/local/usrapps/ddomlab/sdehgha2/pls-dataset-env/lib/python3.10/site-packages/skopt/optimizer/optimizer.py:517: UserWarning: The objective has been evaluated at point [0.1, 1, 2000, True, 0.001, False] before, using random point [0.000240829127184811, 1, 286, True, 3.018238765105107e-05, False]
  warnings.warn(
/usr/local/usrapps/ddomlab/sdehgha2/pls-dataset-env/lib/python3.10/site-packages/skopt/optimizer/optimizer.py:517: UserWarning: The objective has been evaluated at point [0.1, 1, 2000, True, 1e-06, False] before, using random point [0.006742555860114095, 1, 377, True, 3.756954932192281e-06, False]
  warnings.warn(
/usr/local/usrapps/ddomlab/sdehgha2/pls-dataset-env/lib/python3.10/site-packages/skopt/optimizer/optimizer.py:517: UserWarning: The objective has been evaluated at point [0.1, 1, 2000, True, 1e-06, False] before, using random point [0.00048068261178315307, 1, 798, True, 3.0495478221931123e-06, False]
  warnings.warn(
/usr/local/usrapps/ddomlab/sdehgha2/pls-dataset-env/lib/python3.10/site-packages/skopt/optimizer/optimizer.py:517: UserWarning: The objective has been evaluated at point [0.1, 1, 50, True, 0.001, False] before, using random point [0.000240829127184811, 1, 286, True, 3.018238765105107e-05, False]
  warnings.warn(
/usr/local/usrapps/ddomlab/sdehgha2/pls-dataset-env/lib/python3.10/site-packages/skopt/optimizer/optimizer.py:517: UserWarning: The objective has been evaluated at point [0.1, 1, 50, True, 0.001, False] before, using random point [0.06257016811885516, 1, 71, True, 4.442562576751451e-06, False]
  warnings.warn(
/usr/local/usrapps/ddomlab/sdehgha2/pls-dataset-env/lib/python3.10/site-packages/skopt/optimizer/optimizer.py:517: UserWarning: The objective has been evaluated at point [0.1, 1, 2000, True, 0.001, False] before, using random point [0.026627701781420945, 1, 861, True, 4.727235549031084e-06, False]
  warnings.warn(
/usr/local/usrapps/ddomlab/sdehgha2/pls-dataset-env/lib/python3.10/site-packages/skopt/optimizer/optimizer.py:517: UserWarning: The objective has been evaluated at point [0.1, 1, 2000, True, 1e-06, False] before, using random point [0.06182571704387309, 1, 232, True, 0.00021818776450749822, False]
  warnings.warn(
/usr/local/usrapps/ddomlab/sdehgha2/pls-dataset-env/lib/python3.10/site-packages/skopt/optimizer/optimizer.py:517: UserWarning: The objective has been evaluated at point [0.1, 1, 2000, True, 1e-06, False] before, using random point [0.012066314142156895, 1, 155, True, 4.7255952107197764e-05, False]
  warnings.warn(
/usr/local/usrapps/ddomlab/sdehgha2/pls-dataset-env/lib/python3.10/site-packages/skopt/optimizer/optimizer.py:517: UserWarning: The objective has been evaluated at point [0.1, 1, 2000, True, 1e-06, False] before, using random point [0.00032044679857238563, 1, 56, True, 0.0003913884644776747, False]
  warnings.warn(
/usr/local/usrapps/ddomlab/sdehgha2/pls-dataset-env/lib/python3.10/site-packages/skopt/optimizer/optimizer.py:517: UserWarning: The objective has been evaluated at point [0.1, 1, 2000, True, 1e-06, False] before, using random point [0.0034472980656429127, 1, 239, True, 6.334432601004258e-05, False]
  warnings.warn(
/usr/local/usrapps/ddomlab/sdehgha2/pls-dataset-env/lib/python3.10/site-packages/skopt/optimizer/optimizer.py:517: UserWarning: The objective has been evaluated at point [0.1, 1, 2000, True, 1e-06, False] before, using random point [0.03615444215817928, 1, 1108, True, 2.1985491486977563e-06, False]
  warnings.warn(
/usr/local/usrapps/ddomlab/sdehgha2/pls-dataset-env/lib/python3.10/site-packages/skopt/optimizer/optimizer.py:517: UserWarning: The objective has been evaluated at point [0.1, 1, 2000, True, 1e-06, False] before, using random point [0.025540903904792325, 1, 628, True, 9.263583719429987e-06, False]
  warnings.warn(
/usr/local/usrapps/ddomlab/sdehgha2/pls-dataset-env/lib/python3.10/site-packages/skopt/optimizer/optimizer.py:517: UserWarning: The objective has been evaluated at point [0.1, 1, 2000, True, 1e-06, False] before, using random point [0.012581214311249306, 1, 51, True, 2.374508285485508e-05, False]
  warnings.warn(
/usr/local/usrapps/ddomlab/sdehgha2/pls-dataset-env/lib/python3.10/site-packages/skopt/optimizer/optimizer.py:517: UserWarning: The objective has been evaluated at point [0.1, 1, 2000, True, 0.001, False] before, using random point [0.00016513103915663134, 1, 62, True, 7.960074924836544e-06, False]
  warnings.warn(
/usr/local/usrapps/ddomlab/sdehgha2/pls-dataset-env/lib/python3.10/site-packages/skopt/optimizer/optimizer.py:517: UserWarning: The objective has been evaluated at point [0.1, 1, 2000, True, 0.001, False] before, using random point [0.00388030437032022, 1, 1211, True, 5.336875208245031e-05, False]
  warnings.warn(
/usr/local/usrapps/ddomlab/sdehgha2/pls-dataset-env/lib/python3.10/site-packages/skopt/optimizer/optimizer.py:517: UserWarning: The objective has been evaluated at point [0.1, 1, 2000, True, 0.001, False] before, using random point [0.0008179653690183683, 1, 655, True, 3.397750648376989e-05, False]
  warnings.warn(
/usr/local/usrapps/ddomlab/sdehgha2/pls-dataset-env/lib/python3.10/site-packages/skopt/optimizer/optimizer.py:517: UserWarning: The objective has been evaluated at point [0.1, 1, 2000, True, 0.001, False] before, using random point [0.017761870046305712, 1, 267, True, 9.474005269227448e-06, False]
  warnings.warn(
/usr/local/usrapps/ddomlab/sdehgha2/pls-dataset-env/lib/python3.10/site-packages/skopt/optimizer/optimizer.py:517: UserWarning: The objective has been evaluated at point [0.1, 1, 50, True, 0.001, False] before, using random point [0.06257016811885516, 1, 71, True, 4.442562576751451e-06, False]
  warnings.warn(
/usr/local/usrapps/ddomlab/sdehgha2/pls-dataset-env/lib/python3.10/site-packages/skopt/optimizer/optimizer.py:517: UserWarning: The objective has been evaluated at point [0.1, 1, 2000, True, 0.001, False] before, using random point [0.001826534022078676, 1, 924, True, 0.0007565733123814571, False]
  warnings.warn(
/usr/local/usrapps/ddomlab/sdehgha2/pls-dataset-env/lib/python3.10/site-packages/skopt/optimizer/optimizer.py:517: UserWarning: The objective has been evaluated at point [0.1, 1, 2000, True, 1e-06, False] before, using random point [0.00017215660594130602, 1, 1117, True, 6.249767988384669e-06, False]
  warnings.warn(
/usr/local/usrapps/ddomlab/sdehgha2/pls-dataset-env/lib/python3.10/site-packages/skopt/optimizer/optimizer.py:517: UserWarning: The objective has been evaluated at point [0.1, 1, 2000, True, 0.001, False] before, using random point [0.0011217317848879497, 1, 158, True, 9.183148193468959e-06, False]
  warnings.warn(
/usr/local/usrapps/ddomlab/sdehgha2/pls-dataset-env/lib/python3.10/site-packages/skopt/optimizer/optimizer.py:517: UserWarning: The objective has been evaluated at point [0.1, 1, 2000, True, 0.001, False] before, using random point [0.006618799174953843, 1, 685, True, 2.9055327218130034e-06, False]
  warnings.warn(
/usr/local/usrapps/ddomlab/sdehgha2/pls-dataset-env/lib/python3.10/site-packages/skopt/optimizer/optimizer.py:517: UserWarning: The objective has been evaluated at point [0.1, 1, 2000, True, 0.001, False] before, using random point [0.09557674663573557, 1, 848, True, 4.7988338306357485e-05, False]
  warnings.warn(
/usr/local/usrapps/ddomlab/sdehgha2/pls-dataset-env/lib/python3.10/site-packages/skopt/optimizer/optimizer.py:517: UserWarning: The objective has been evaluated at point [0.1, 1, 2000, True, 0.001, False] before, using random point [0.0019242682712893998, 1, 51, True, 1.5391660338732437e-06, False]
  warnings.warn(
/usr/local/usrapps/ddomlab/sdehgha2/pls-dataset-env/lib/python3.10/site-packages/skopt/optimizer/optimizer.py:517: UserWarning: The objective has been evaluated at point [0.1, 1, 2000, True, 0.001, False] before, using random point [0.0008694390937532724, 1, 616, True, 2.839627208043726e-06, False]
  warnings.warn(
/usr/local/usrapps/ddomlab/sdehgha2/pls-dataset-env/lib/python3.10/site-packages/skopt/optimizer/optimizer.py:517: UserWarning: The objective has been evaluated at point [0.1, 1, 2000, True, 0.001, False] before, using random point [0.05883237366688581, 1, 1314, True, 0.0006760824287123497, False]
  warnings.warn(
/usr/local/usrapps/ddomlab/sdehgha2/pls-dataset-env/lib/python3.10/site-packages/skopt/optimizer/optimizer.py:517: UserWarning: The objective has been evaluated at point [0.1, 1, 2000, True, 1e-06, False] before, using random point [0.06182571704387309, 1, 232, True, 0.00021818776450749822, False]
  warnings.warn(
/usr/local/usrapps/ddomlab/sdehgha2/pls-dataset-env/lib/python3.10/site-packages/skopt/optimizer/optimizer.py:517: UserWarning: The objective has been evaluated at point [0.1, 1, 2000, True, 0.001, False] before, using random point [0.012066314142156895, 1, 155, True, 4.7255952107197764e-05, False]
  warnings.warn(
/usr/local/usrapps/ddomlab/sdehgha2/pls-dataset-env/lib/python3.10/site-packages/skopt/optimizer/optimizer.py:517: UserWarning: The objective has been evaluated at point [0.1, 1, 2000, True, 1e-06, False] before, using random point [0.00032044679857238563, 1, 56, True, 0.0003913884644776747, False]
  warnings.warn(
/usr/local/usrapps/ddomlab/sdehgha2/pls-dataset-env/lib/python3.10/site-packages/skopt/optimizer/optimizer.py:517: UserWarning: The objective has been evaluated at point [0.1, 1, 2000, True, 0.001, False] before, using random point [0.0034472980656429127, 1, 239, True, 6.334432601004258e-05, False]
  warnings.warn(
/usr/local/usrapps/ddomlab/sdehgha2/pls-dataset-env/lib/python3.10/site-packages/skopt/optimizer/optimizer.py:517: UserWarning: The objective has been evaluated at point [0.1, 1, 2000, True, 0.001, False] before, using random point [0.03615444215817928, 1, 1108, True, 2.1985491486977563e-06, False]
  warnings.warn(
/usr/local/usrapps/ddomlab/sdehgha2/pls-dataset-env/lib/python3.10/site-packages/skopt/optimizer/optimizer.py:517: UserWarning: The objective has been evaluated at point [0.1, 1, 2000, True, 1e-06, False] before, using random point [0.025540903904792325, 1, 628, True, 9.263583719429987e-06, False]
  warnings.warn(
/usr/local/usrapps/ddomlab/sdehgha2/pls-dataset-env/lib/python3.10/site-packages/skopt/optimizer/optimizer.py:517: UserWarning: The objective has been evaluated at point [0.1, 1, 2000, True, 1e-06, False] before, using random point [0.012581214311249306, 1, 51, True, 2.374508285485508e-05, False]
  warnings.warn(
/usr/local/usrapps/ddomlab/sdehgha2/pls-dataset-env/lib/python3.10/site-packages/skopt/optimizer/optimizer.py:517: UserWarning: The objective has been evaluated at point [0.1, 1, 2000, True, 1e-06, False] before, using random point [0.06610392791400534, 1, 462, True, 7.826801972460072e-06, False]
  warnings.warn(
/usr/local/usrapps/ddomlab/sdehgha2/pls-dataset-env/lib/python3.10/site-packages/skopt/optimizer/optimizer.py:517: UserWarning: The objective has been evaluated at point [0.1, 1, 2000, True, 1e-06, False] before, using random point [0.03000244660585327, 1, 426, True, 0.00013160408885153297, False]
  warnings.warn(
/usr/local/usrapps/ddomlab/sdehgha2/pls-dataset-env/lib/python3.10/site-packages/skopt/optimizer/optimizer.py:517: UserWarning: The objective has been evaluated at point [0.1, 1, 2000, True, 1e-06, False] before, using random point [0.001186795380217221, 1, 1197, True, 8.876318054021814e-05, False]
  warnings.warn(
/usr/local/usrapps/ddomlab/sdehgha2/pls-dataset-env/lib/python3.10/site-packages/skopt/optimizer/optimizer.py:517: UserWarning: The objective has been evaluated at point [0.1, 1, 2000, True, 1e-06, False] before, using random point [0.0023997910064361525, 1, 152, True, 3.822729909902378e-05, False]
  warnings.warn(
/usr/local/usrapps/ddomlab/sdehgha2/pls-dataset-env/lib/python3.10/site-packages/skopt/optimizer/optimizer.py:517: UserWarning: The objective has been evaluated at point [0.1, 1, 2000, True, 1e-06, False] before, using random point [0.022151823410285133, 1, 706, True, 1.1779032555102984e-06, False]
  warnings.warn(
/usr/local/usrapps/ddomlab/sdehgha2/pls-dataset-env/lib/python3.10/site-packages/skopt/optimizer/optimizer.py:517: UserWarning: The objective has been evaluated at point [0.1, 1, 2000, True, 1e-06, False] before, using random point [0.000123339686169303, 1, 386, True, 6.319607910747145e-05, False]
  warnings.warn(
/usr/local/usrapps/ddomlab/sdehgha2/pls-dataset-env/lib/python3.10/site-packages/skopt/optimizer/optimizer.py:517: UserWarning: The objective has been evaluated at point [0.1, 1, 2000, True, 1e-06, False] before, using random point [0.0023168891853805724, 1, 616, True, 3.417652540921954e-05, False]
  warnings.warn(
/usr/local/usrapps/ddomlab/sdehgha2/pls-dataset-env/lib/python3.10/site-packages/skopt/optimizer/optimizer.py:517: UserWarning: The objective has been evaluated at point [0.1, 1, 2000, True, 1e-06, False] before, using random point [0.00019204019211973623, 1, 421, True, 0.00018628569440321856, False]
  warnings.warn(
/usr/local/usrapps/ddomlab/sdehgha2/pls-dataset-env/lib/python3.10/site-packages/skopt/optimizer/optimizer.py:517: UserWarning: The objective has been evaluated at point [0.1, 1, 2000, True, 0.001, False] before, using random point [0.017865846766430802, 1, 411, True, 2.5966383733877323e-06, False]
  warnings.warn(
/usr/local/usrapps/ddomlab/sdehgha2/pls-dataset-env/lib/python3.10/site-packages/skopt/optimizer/optimizer.py:517: UserWarning: The objective has been evaluated at point [0.1, 1, 2000, True, 0.001, False] before, using random point [0.008283419842830465, 1, 77, True, 3.61509626399564e-06, False]
  warnings.warn(
/usr/local/usrapps/ddomlab/sdehgha2/pls-dataset-env/lib/python3.10/site-packages/skopt/optimizer/optimizer.py:517: UserWarning: The objective has been evaluated at point [0.1, 1, 2000, True, 0.001, False] before, using random point [0.0002834624010237799, 1, 93, True, 2.3412941396049228e-05, False]
  warnings.warn(
/usr/local/usrapps/ddomlab/sdehgha2/pls-dataset-env/lib/python3.10/site-packages/skopt/optimizer/optimizer.py:517: UserWarning: The objective has been evaluated at point [0.1, 1, 2000, True, 0.001, False] before, using random point [0.04416102682156243, 1, 158, True, 4.515171785320414e-05, False]
  warnings.warn(
/usr/local/usrapps/ddomlab/sdehgha2/pls-dataset-env/lib/python3.10/site-packages/skopt/optimizer/optimizer.py:517: UserWarning: The objective has been evaluated at point [0.1, 1, 2000, True, 0.001, False] before, using random point [0.033602831385389643, 1, 222, True, 1.0268662956763074e-05, False]
  warnings.warn(
/usr/local/usrapps/ddomlab/sdehgha2/pls-dataset-env/lib/python3.10/site-packages/skopt/optimizer/optimizer.py:517: UserWarning: The objective has been evaluated at point [0.1, 1, 2000, True, 0.001, False] before, using random point [0.003056022961332241, 1, 66, True, 4.799480486523497e-05, False]
  warnings.warn(
/usr/local/usrapps/ddomlab/sdehgha2/pls-dataset-env/lib/python3.10/site-packages/skopt/optimizer/optimizer.py:517: UserWarning: The objective has been evaluated at point [0.1, 1, 2000, True, 0.001, False] before, using random point [0.0002332895505334672, 1, 901, True, 0.00014835445922634256, False]
  warnings.warn(
/usr/local/usrapps/ddomlab/sdehgha2/pls-dataset-env/lib/python3.10/site-packages/skopt/optimizer/optimizer.py:517: UserWarning: The objective has been evaluated at point [0.1, 1, 2000, True, 0.001, False] before, using random point [0.008265832128103615, 1, 812, True, 0.0007114315898543859, False]
  warnings.warn(
/usr/local/usrapps/ddomlab/sdehgha2/pls-dataset-env/lib/python3.10/site-packages/skopt/optimizer/optimizer.py:517: UserWarning: The objective has been evaluated at point [0.1, 1, 2000, True, 0.001, False] before, using random point [0.0014056851228903776, 1, 441, True, 3.67203582255672e-05, False]
  warnings.warn(
/usr/local/usrapps/ddomlab/sdehgha2/pls-dataset-env/lib/python3.10/site-packages/skopt/optimizer/optimizer.py:517: UserWarning: The objective has been evaluated at point [0.1, 1, 2000, True, 0.001, False] before, using random point [0.008283419842830465, 1, 77, True, 3.61509626399564e-06, False]
  warnings.warn(
/usr/local/usrapps/ddomlab/sdehgha2/pls-dataset-env/lib/python3.10/site-packages/skopt/optimizer/optimizer.py:517: UserWarning: The objective has been evaluated at point [0.1, 1, 2000, True, 0.001, False] before, using random point [0.0004689179612345662, 1, 526, True, 1.0040866846418685e-05, False]
  warnings.warn(
/usr/local/usrapps/ddomlab/sdehgha2/pls-dataset-env/lib/python3.10/site-packages/skopt/optimizer/optimizer.py:517: UserWarning: The objective has been evaluated at point [0.1, 1, 2000, True, 0.001, False] before, using random point [0.001815661626383686, 1, 280, True, 2.023700659402492e-05, False]
  warnings.warn(
/usr/local/usrapps/ddomlab/sdehgha2/pls-dataset-env/lib/python3.10/site-packages/skopt/optimizer/optimizer.py:517: UserWarning: The objective has been evaluated at point [0.1, 1, 2000, True, 0.001, False] before, using random point [0.003101505802960236, 1, 496, True, 0.00020226710742438575, False]
  warnings.warn(
/usr/local/usrapps/ddomlab/sdehgha2/pls-dataset-env/lib/python3.10/site-packages/skopt/optimizer/optimizer.py:517: UserWarning: The objective has been evaluated at point [0.1, 1, 2000, True, 0.001, False] before, using random point [0.008769419739882232, 1, 65, True, 6.04089975433638e-06, False]
  warnings.warn(
/usr/local/usrapps/ddomlab/sdehgha2/pls-dataset-env/lib/python3.10/site-packages/skopt/optimizer/optimizer.py:517: UserWarning: The objective has been evaluated at point [0.1, 1, 2000, True, 0.001, False] before, using random point [0.002470752839954958, 1, 1322, True, 1.5836172209124683e-06, False]
  warnings.warn(
/usr/local/usrapps/ddomlab/sdehgha2/pls-dataset-env/lib/python3.10/site-packages/skopt/optimizer/optimizer.py:517: UserWarning: The objective has been evaluated at point [0.1, 1, 2000, True, 0.001, False] before, using random point [0.0006486186278126808, 1, 1682, True, 1.0859928370938165e-05, False]
  warnings.warn(
/usr/local/usrapps/ddomlab/sdehgha2/pls-dataset-env/lib/python3.10/site-packages/skopt/optimizer/optimizer.py:517: UserWarning: The objective has been evaluated at point [0.1, 1, 2000, True, 0.001, False] before, using random point [0.0019890130033190004, 1, 727, True, 1.9532892131820974e-06, False]
  warnings.warn(
/usr/local/usrapps/ddomlab/sdehgha2/pls-dataset-env/lib/python3.10/site-packages/skopt/optimizer/optimizer.py:517: UserWarning: The objective has been evaluated at point [0.1, 1, 2000, True, 1e-06, False] before, using random point [0.00012485258612761886, 1, 512, True, 0.00044350789157202123, False]
  warnings.warn(
/usr/local/usrapps/ddomlab/sdehgha2/pls-dataset-env/lib/python3.10/site-packages/skopt/optimizer/optimizer.py:517: UserWarning: The objective has been evaluated at point [0.1, 1, 2000, True, 1e-06, False] before, using random point [0.0030006547300872695, 1, 662, True, 6.61326633015041e-05, False]
  warnings.warn(
/usr/local/usrapps/ddomlab/sdehgha2/pls-dataset-env/lib/python3.10/site-packages/skopt/optimizer/optimizer.py:517: UserWarning: The objective has been evaluated at point [0.1, 1, 2000, True, 1e-06, False] before, using random point [0.012504965465102933, 1, 543, True, 0.0007664439749487882, False]
  warnings.warn(
/usr/local/usrapps/ddomlab/sdehgha2/pls-dataset-env/lib/python3.10/site-packages/skopt/optimizer/optimizer.py:517: UserWarning: The objective has been evaluated at point [0.1, 1, 2000, True, 1e-06, False] before, using random point [0.005620906446534632, 1, 497, True, 1.7457889755098673e-06, False]
  warnings.warn(
/usr/local/usrapps/ddomlab/sdehgha2/pls-dataset-env/lib/python3.10/site-packages/skopt/optimizer/optimizer.py:517: UserWarning: The objective has been evaluated at point [0.1, 1, 2000, True, 1e-06, False] before, using random point [0.008283419842830465, 1, 77, True, 3.61509626399564e-06, False]
  warnings.warn(
/usr/local/usrapps/ddomlab/sdehgha2/pls-dataset-env/lib/python3.10/site-packages/skopt/optimizer/optimizer.py:517: UserWarning: The objective has been evaluated at point [0.1, 1, 2000, True, 1e-06, False] before, using random point [0.009591866001509308, 1, 290, True, 0.0002487907936370736, False]
  warnings.warn(
/usr/local/usrapps/ddomlab/sdehgha2/pls-dataset-env/lib/python3.10/site-packages/skopt/optimizer/optimizer.py:517: UserWarning: The objective has been evaluated at point [0.1, 1, 2000, True, 1e-06, False] before, using random point [0.0007049105265637034, 1, 102, True, 1.0465715887507866e-05, False]
  warnings.warn(
/usr/local/usrapps/ddomlab/sdehgha2/pls-dataset-env/lib/python3.10/site-packages/skopt/optimizer/optimizer.py:517: UserWarning: The objective has been evaluated at point [0.1, 1, 2000, True, 1e-06, False] before, using random point [0.0001760927044718443, 1, 1020, True, 0.000593747921201853, False]
  warnings.warn(
/usr/local/usrapps/ddomlab/sdehgha2/pls-dataset-env/lib/python3.10/site-packages/skopt/optimizer/optimizer.py:517: UserWarning: The objective has been evaluated at point [0.1, 1, 2000, True, 1e-06, False] before, using random point [0.00010910771069161642, 1, 865, True, 3.853093600321669e-06, False]
  warnings.warn(
/usr/local/usrapps/ddomlab/sdehgha2/pls-dataset-env/lib/python3.10/site-packages/skopt/optimizer/optimizer.py:517: UserWarning: The objective has been evaluated at point [0.1, 1, 2000, True, 1e-06, False] before, using random point [0.0015446056421294684, 1, 131, True, 2.369446104914026e-06, False]
  warnings.warn(
/usr/local/usrapps/ddomlab/sdehgha2/pls-dataset-env/lib/python3.10/site-packages/skopt/optimizer/optimizer.py:517: UserWarning: The objective has been evaluated at point [0.1, 1, 2000, True, 1e-06, False] before, using random point [0.0008184456210413325, 1, 899, True, 0.0004675801206350609, False]
  warnings.warn(
/usr/local/usrapps/ddomlab/sdehgha2/pls-dataset-env/lib/python3.10/site-packages/skopt/optimizer/optimizer.py:517: UserWarning: The objective has been evaluated at point [0.1, 1, 2000, True, 1e-06, False] before, using random point [0.022576523586028064, 1, 254, True, 5.447591184659497e-06, False]
  warnings.warn(
/usr/local/usrapps/ddomlab/sdehgha2/pls-dataset-env/lib/python3.10/site-packages/skopt/optimizer/optimizer.py:517: UserWarning: The objective has been evaluated at point [0.1, 1, 2000, True, 1e-06, False] before, using random point [0.0034950002265819453, 1, 205, True, 3.880950855075055e-06, False]
  warnings.warn(
/usr/local/usrapps/ddomlab/sdehgha2/pls-dataset-env/lib/python3.10/site-packages/skopt/optimizer/optimizer.py:517: UserWarning: The objective has been evaluated at point [0.1, 1, 2000, True, 1e-06, False] before, using random point [0.008478769562136123, 1, 844, True, 7.489598141752939e-06, False]
  warnings.warn(
/usr/local/usrapps/ddomlab/sdehgha2/pls-dataset-env/lib/python3.10/site-packages/skopt/optimizer/optimizer.py:517: UserWarning: The objective has been evaluated at point [0.1, 1, 2000, True, 1e-06, False] before, using random point [0.0016710644381688084, 1, 145, True, 3.911231028381332e-05, False]
  warnings.warn(
/usr/local/usrapps/ddomlab/sdehgha2/pls-dataset-env/lib/python3.10/site-packages/skopt/optimizer/optimizer.py:517: UserWarning: The objective has been evaluated at point [0.1, 1, 2000, True, 1e-06, False] before, using random point [0.0024121873292580593, 1, 476, True, 2.2541123296536662e-06, False]
  warnings.warn(
/usr/local/usrapps/ddomlab/sdehgha2/pls-dataset-env/lib/python3.10/site-packages/skopt/optimizer/optimizer.py:517: UserWarning: The objective has been evaluated at point [0.1, 1, 2000, True, 1e-06, False] before, using random point [0.01934169517019095, 1, 1719, True, 0.0003392000495990448, False]
  warnings.warn(
/usr/local/usrapps/ddomlab/sdehgha2/pls-dataset-env/lib/python3.10/site-packages/skopt/optimizer/optimizer.py:517: UserWarning: The objective has been evaluated at point [0.1, 1, 2000, True, 1e-06, False] before, using random point [0.007809469613716113, 1, 86, True, 0.00010513840954630375, False]
  warnings.warn(
/usr/local/usrapps/ddomlab/sdehgha2/pls-dataset-env/lib/python3.10/site-packages/skopt/optimizer/optimizer.py:517: UserWarning: The objective has been evaluated at point [0.1, 1, 2000, True, 1e-06, False] before, using random point [0.003718746848948271, 1, 441, True, 7.834958630342918e-05, False]
  warnings.warn(
/usr/local/usrapps/ddomlab/sdehgha2/pls-dataset-env/lib/python3.10/site-packages/skopt/optimizer/optimizer.py:517: UserWarning: The objective has been evaluated at point [0.1, 1, 2000, True, 1e-06, False] before, using random point [0.07115269422947683, 1, 498, True, 1.3528729130039897e-05, False]
  warnings.warn(
/usr/local/usrapps/ddomlab/sdehgha2/pls-dataset-env/lib/python3.10/site-packages/skopt/optimizer/optimizer.py:517: UserWarning: The objective has been evaluated at point [0.1, 1, 2000, True, 0.001, False] before, using random point [0.025924971105116264, 1, 712, True, 0.00048126662436310006, False]
  warnings.warn(
/usr/local/usrapps/ddomlab/sdehgha2/pls-dataset-env/lib/python3.10/site-packages/skopt/optimizer/optimizer.py:517: UserWarning: The objective has been evaluated at point [0.1, 1, 2000, True, 0.001, False] before, using random point [0.0015908610057508157, 1, 441, True, 4.945719487854239e-05, False]
  warnings.warn(
/usr/local/usrapps/ddomlab/sdehgha2/pls-dataset-env/lib/python3.10/site-packages/skopt/optimizer/optimizer.py:517: UserWarning: The objective has been evaluated at point [0.1, 1, 2000, True, 0.001, False] before, using random point [0.00026458106412725804, 1, 996, True, 0.00015705795526603985, False]
  warnings.warn(
/usr/local/usrapps/ddomlab/sdehgha2/pls-dataset-env/lib/python3.10/site-packages/skopt/optimizer/optimizer.py:517: UserWarning: The objective has been evaluated at point [0.1, 1, 2000, True, 0.001, False] before, using random point [0.0009492001449255441, 1, 1170, True, 1.2724298477446248e-06, False]
  warnings.warn(
/usr/local/usrapps/ddomlab/sdehgha2/pls-dataset-env/lib/python3.10/site-packages/skopt/optimizer/optimizer.py:517: UserWarning: The objective has been evaluated at point [0.1, 1, 2000, True, 0.001, False] before, using random point [0.06032148817977704, 1, 374, True, 1.8325717091775664e-05, False]
  warnings.warn(
/usr/local/usrapps/ddomlab/sdehgha2/pls-dataset-env/lib/python3.10/site-packages/skopt/optimizer/optimizer.py:517: UserWarning: The objective has been evaluated at point [0.1, 1, 2000, True, 1e-06, False] before, using random point [0.0016912512518917433, 1, 76, True, 0.00015860430175598173, False]
  warnings.warn(
/usr/local/usrapps/ddomlab/sdehgha2/pls-dataset-env/lib/python3.10/site-packages/skopt/optimizer/optimizer.py:517: UserWarning: The objective has been evaluated at point [0.1, 1, 2000, True, 1e-06, False] before, using random point [0.00042487584336923487, 1, 421, True, 5.256696235834288e-06, False]
  warnings.warn(
/usr/local/usrapps/ddomlab/sdehgha2/pls-dataset-env/lib/python3.10/site-packages/skopt/optimizer/optimizer.py:517: UserWarning: The objective has been evaluated at point [0.1, 1, 2000, True, 1e-06, False] before, using random point [0.0006154162402193208, 1, 232, True, 0.00044430443154171606, False]
  warnings.warn(
/usr/local/usrapps/ddomlab/sdehgha2/pls-dataset-env/lib/python3.10/site-packages/skopt/optimizer/optimizer.py:517: UserWarning: The objective has been evaluated at point [0.1, 1, 2000, True, 1e-06, False] before, using random point [0.0030062010673117044, 1, 1260, True, 0.00016141579545618414, False]
  warnings.warn(
/usr/local/usrapps/ddomlab/sdehgha2/pls-dataset-env/lib/python3.10/site-packages/skopt/optimizer/optimizer.py:517: UserWarning: The objective has been evaluated at point [0.1, 1, 2000, True, 1e-06, False] before, using random point [0.005642382960447129, 1, 278, True, 2.0003300546342006e-05, False]
  warnings.warn(
/usr/local/usrapps/ddomlab/sdehgha2/pls-dataset-env/lib/python3.10/site-packages/skopt/optimizer/optimizer.py:517: UserWarning: The objective has been evaluated at point [0.1, 1, 2000, True, 1e-06, False] before, using random point [0.0055218801409236806, 1, 220, True, 1.0918358091635648e-05, False]
  warnings.warn(
/usr/local/usrapps/ddomlab/sdehgha2/pls-dataset-env/lib/python3.10/site-packages/skopt/optimizer/optimizer.py:517: UserWarning: The objective has been evaluated at point [0.1, 1, 2000, True, 1e-06, False] before, using random point [0.0008649202629067524, 1, 193, True, 0.0006044297881809244, False]
  warnings.warn(
findfont: Generic family 'sans-serif' not found because none of the following families were found: Arial
findfont: Generic family 'sans-serif' not found because none of the following families were found: Arial
findfont: Generic family 'sans-serif' not found because none of the following families were found: Arial
findfont: Generic family 'sans-serif' not found because none of the following families were found: Arial
findfont: Generic family 'sans-serif' not found because none of the following families were found: Arial
findfont: Generic family 'sans-serif' not found because none of the following families were found: Arial
findfont: Generic family 'sans-serif' not found because none of the following families were found: Arial
findfont: Generic family 'sans-serif' not found because none of the following families were found: Arial
findfont: Generic family 'sans-serif' not found because none of the following families were found: Arial
findfont: Generic family 'sans-serif' not found because none of the following families were found: Arial
findfont: Generic family 'sans-serif' not found because none of the following families were found: Arial
findfont: Generic family 'sans-serif' not found because none of the following families were found: Arial
findfont: Generic family 'sans-serif' not found because none of the following families were found: Arial
findfont: Generic family 'sans-serif' not found because none of the following families were found: Arial
findfont: Generic family 'sans-serif' not found because none of the following families were found: Arial
findfont: Generic family 'sans-serif' not found because none of the following families were found: Arial
findfont: Generic family 'sans-serif' not found because none of the following families were found: Arial
findfont: Generic family 'sans-serif' not found because none of the following families were found: Arial
findfont: Generic family 'sans-serif' not found because none of the following families were found: Arial
findfont: Generic family 'sans-serif' not found because none of the following families were found: Arial
findfont: Generic family 'sans-serif' not found because none of the following families were found: Arial
findfont: Generic family 'sans-serif' not found because none of the following families were found: Arial
findfont: Generic family 'sans-serif' not found because none of the following families were found: Arial
findfont: Generic family 'sans-serif' not found because none of the following families were found: Arial
findfont: Generic family 'sans-serif' not found because none of the following families were found: Arial
findfont: Generic family 'sans-serif' not found because none of the following families were found: Arial
findfont: Generic family 'sans-serif' not found because none of the following families were found: Arial
findfont: Generic family 'sans-serif' not found because none of the following families were found: Arial
findfont: Generic family 'sans-serif' not found because none of the following families were found: Arial
findfont: Generic family 'sans-serif' not found because none of the following families were found: Arial
findfont: Generic family 'sans-serif' not found because none of the following families were found: Arial
findfont: Generic family 'sans-serif' not found because none of the following families were found: Arial
findfont: Generic family 'sans-serif' not found because none of the following families were found: Arial
findfont: Generic family 'sans-serif' not found because none of the following families were found: Arial
findfont: Generic family 'sans-serif' not found because none of the following families were found: Arial
findfont: Generic family 'sans-serif' not found because none of the following families were found: Arial
findfont: Generic family 'sans-serif' not found because none of the following families were found: Arial
findfont: Generic family 'sans-serif' not found because none of the following families were found: Arial
findfont: Generic family 'sans-serif' not found because none of the following families were found: Arial
findfont: Generic family 'sans-serif' not found because none of the following families were found: Arial
findfont: Generic family 'sans-serif' not found because none of the following families were found: Arial
findfont: Generic family 'sans-serif' not found because none of the following families were found: Arial
findfont: Generic family 'sans-serif' not found because none of the following families were found: Arial
findfont: Generic family 'sans-serif' not found because none of the following families were found: Arial
findfont: Generic family 'sans-serif' not found because none of the following families were found: Arial
findfont: Generic family 'sans-serif' not found because none of the following families were found: Arial
findfont: Generic family 'sans-serif' not found because none of the following families were found: Arial
findfont: Generic family 'sans-serif' not found because none of the following families were found: Arial
findfont: Generic family 'sans-serif' not found because none of the following families were found: Arial
findfont: Generic family 'sans-serif' not found because none of the following families were found: Arial
findfont: Generic family 'sans-serif' not found because none of the following families were found: Arial
findfont: Generic family 'sans-serif' not found because none of the following families were found: Arial
findfont: Generic family 'sans-serif' not found because none of the following families were found: Arial
findfont: Generic family 'sans-serif' not found because none of the following families were found: Arial
findfont: Generic family 'sans-serif' not found because none of the following families were found: Arial
findfont: Generic family 'sans-serif' not found because none of the following families were found: Arial
findfont: Generic family 'sans-serif' not found because none of the following families were found: Arial
findfont: Generic family 'sans-serif' not found because none of the following families were found: Arial
findfont: Generic family 'sans-serif' not found because none of the following families were found: Arial
findfont: Generic family 'sans-serif' not found because none of the following families were found: Arial
findfont: Generic family 'sans-serif' not found because none of the following families were found: Arial
findfont: Generic family 'sans-serif' not found because none of the following families were found: Arial
findfont: Generic family 'sans-serif' not found because none of the following families were found: Arial
findfont: Generic family 'sans-serif' not found because none of the following families were found: Arial
findfont: Generic family 'sans-serif' not found because none of the following families were found: Arial
findfont: Generic family 'sans-serif' not found because none of the following families were found: Arial
findfont: Generic family 'sans-serif' not found because none of the following families were found: Arial
findfont: Generic family 'sans-serif' not found because none of the following families were found: Arial
findfont: Generic family 'sans-serif' not found because none of the following families were found: Arial
findfont: Generic family 'sans-serif' not found because none of the following families were found: Arial
findfont: Generic family 'sans-serif' not found because none of the following families were found: Arial
findfont: Generic family 'sans-serif' not found because none of the following families were found: Arial
findfont: Generic family 'sans-serif' not found because none of the following families were found: Arial
findfont: Generic family 'sans-serif' not found because none of the following families were found: Arial
findfont: Generic family 'sans-serif' not found because none of the following families were found: Arial
findfont: Generic family 'sans-serif' not found because none of the following families were found: Arial
findfont: Generic family 'sans-serif' not found because none of the following families were found: Arial
findfont: Generic family 'sans-serif' not found because none of the following families were found: Arial
findfont: Generic family 'sans-serif' not found because none of the following families were found: Arial
findfont: Generic family 'sans-serif' not found because none of the following families were found: Arial
findfont: Generic family 'sans-serif' not found because none of the following families were found: Arial
findfont: Generic family 'sans-serif' not found because none of the following families were found: Arial
findfont: Generic family 'sans-serif' not found because none of the following families were found: Arial
findfont: Generic family 'sans-serif' not found because none of the following families were found: Arial
findfont: Generic family 'sans-serif' not found because none of the following families were found: Arial
findfont: Generic family 'sans-serif' not found because none of the following families were found: Arial
findfont: Generic family 'sans-serif' not found because none of the following families were found: Arial
findfont: Generic family 'sans-serif' not found because none of the following families were found: Arial
findfont: Generic family 'sans-serif' not found because none of the following families were found: Arial
findfont: Generic family 'sans-serif' not found because none of the following families were found: Arial
findfont: Generic family 'sans-serif' not found because none of the following families were found: Arial
findfont: Generic family 'sans-serif' not found because none of the following families were found: Arial
findfont: Generic family 'sans-serif' not found because none of the following families were found: Arial
findfont: Generic family 'sans-serif' not found because none of the following families were found: Arial
findfont: Generic family 'sans-serif' not found because none of the following families were found: Arial
findfont: Generic family 'sans-serif' not found because none of the following families were found: Arial
findfont: Generic family 'sans-serif' not found because none of the following families were found: Arial
findfont: Generic family 'sans-serif' not found because none of the following families were found: Arial
findfont: Generic family 'sans-serif' not found because none of the following families were found: Arial
findfont: Generic family 'sans-serif' not found because none of the following families were found: Arial
findfont: Generic family 'sans-serif' not found because none of the following families were found: Arial
findfont: Generic family 'sans-serif' not found because none of the following families were found: Arial
findfont: Generic family 'sans-serif' not found because none of the following families were found: Arial
findfont: Generic family 'sans-serif' not found because none of the following families were found: Arial
findfont: Generic family 'sans-serif' not found because none of the following families were found: Arial
findfont: Generic family 'sans-serif' not found because none of the following families were found: Arial
findfont: Generic family 'sans-serif' not found because none of the following families were found: Arial
findfont: Generic family 'sans-serif' not found because none of the following families were found: Arial
findfont: Generic family 'sans-serif' not found because none of the following families were found: Arial
findfont: Generic family 'sans-serif' not found because none of the following families were found: Arial
findfont: Generic family 'sans-serif' not found because none of the following families were found: Arial
findfont: Generic family 'sans-serif' not found because none of the following families were found: Arial
findfont: Generic family 'sans-serif' not found because none of the following families were found: Arial
findfont: Generic family 'sans-serif' not found because none of the following families were found: Arial
findfont: Generic family 'sans-serif' not found because none of the following families were found: Arial
findfont: Generic family 'sans-serif' not found because none of the following families were found: Arial
findfont: Generic family 'sans-serif' not found because none of the following families were found: Arial
findfont: Generic family 'sans-serif' not found because none of the following families were found: Arial
findfont: Generic family 'sans-serif' not found because none of the following families were found: Arial
findfont: Generic family 'sans-serif' not found because none of the following families were found: Arial
findfont: Generic family 'sans-serif' not found because none of the following families were found: Arial
findfont: Generic family 'sans-serif' not found because none of the following families were found: Arial
findfont: Generic family 'sans-serif' not found because none of the following families were found: Arial
findfont: Generic family 'sans-serif' not found because none of the following families were found: Arial
findfont: Generic family 'sans-serif' not found because none of the following families were found: Arial
findfont: Generic family 'sans-serif' not found because none of the following families were found: Arial
findfont: Generic family 'sans-serif' not found because none of the following families were found: Arial
findfont: Generic family 'sans-serif' not found because none of the following families were found: Arial
findfont: Generic family 'sans-serif' not found because none of the following families were found: Arial
findfont: Generic family 'sans-serif' not found because none of the following families were found: Arial
findfont: Generic family 'sans-serif' not found because none of the following families were found: Arial
findfont: Generic family 'sans-serif' not found because none of the following families were found: Arial
findfont: Generic family 'sans-serif' not found because none of the following families were found: Arial
findfont: Generic family 'sans-serif' not found because none of the following families were found: Arial
findfont: Generic family 'sans-serif' not found because none of the following families were found: Arial
findfont: Generic family 'sans-serif' not found because none of the following families were found: Arial
findfont: Generic family 'sans-serif' not found because none of the following families were found: Arial
findfont: Generic family 'sans-serif' not found because none of the following families were found: Arial
findfont: Generic family 'sans-serif' not found because none of the following families were found: Arial
findfont: Generic family 'sans-serif' not found because none of the following families were found: Arial
findfont: Generic family 'sans-serif' not found because none of the following families were found: Arial
findfont: Generic family 'sans-serif' not found because none of the following families were found: Arial
findfont: Generic family 'sans-serif' not found because none of the following families were found: Arial
findfont: Generic family 'sans-serif' not found because none of the following families were found: Arial
findfont: Generic family 'sans-serif' not found because none of the following families were found: Arial
findfont: Generic family 'sans-serif' not found because none of the following families were found: Arial
findfont: Generic family 'sans-serif' not found because none of the following families were found: Arial
findfont: Generic family 'sans-serif' not found because none of the following families were found: Arial
findfont: Generic family 'sans-serif' not found because none of the following families were found: Arial
findfont: Generic family 'sans-serif' not found because none of the following families were found: Arial
findfont: Generic family 'sans-serif' not found because none of the following families were found: Arial
findfont: Generic family 'sans-serif' not found because none of the following families were found: Arial
findfont: Generic family 'sans-serif' not found because none of the following families were found: Arial
findfont: Generic family 'sans-serif' not found because none of the following families were found: Arial
findfont: Generic family 'sans-serif' not found because none of the following families were found: Arial
findfont: Generic family 'sans-serif' not found because none of the following families were found: Arial
findfont: Generic family 'sans-serif' not found because none of the following families were found: Arial
findfont: Generic family 'sans-serif' not found because none of the following families were found: Arial
findfont: Generic family 'sans-serif' not found because none of the following families were found: Arial
findfont: Generic family 'sans-serif' not found because none of the following families were found: Arial
findfont: Generic family 'sans-serif' not found because none of the following families were found: Arial
findfont: Generic family 'sans-serif' not found because none of the following families were found: Arial
findfont: Generic family 'sans-serif' not found because none of the following families were found: Arial
findfont: Generic family 'sans-serif' not found because none of the following families were found: Arial
findfont: Generic family 'sans-serif' not found because none of the following families were found: Arial
findfont: Generic family 'sans-serif' not found because none of the following families were found: Arial
findfont: Generic family 'sans-serif' not found because none of the following families were found: Arial
findfont: Generic family 'sans-serif' not found because none of the following families were found: Arial
findfont: Generic family 'sans-serif' not found because none of the following families were found: Arial
findfont: Generic family 'sans-serif' not found because none of the following families were found: Arial
findfont: Generic family 'sans-serif' not found because none of the following families were found: Arial
findfont: Generic family 'sans-serif' not found because none of the following families were found: Arial
findfont: Generic family 'sans-serif' not found because none of the following families were found: Arial
findfont: Generic family 'sans-serif' not found because none of the following families were found: Arial
findfont: Generic family 'sans-serif' not found because none of the following families were found: Arial
findfont: Generic family 'sans-serif' not found because none of the following families were found: Arial
findfont: Generic family 'sans-serif' not found because none of the following families were found: Arial
findfont: Generic family 'sans-serif' not found because none of the following families were found: Arial
findfont: Generic family 'sans-serif' not found because none of the following families were found: Arial
findfont: Generic family 'sans-serif' not found because none of the following families were found: Arial
findfont: Generic family 'sans-serif' not found because none of the following families were found: Arial
findfont: Generic family 'sans-serif' not found because none of the following families were found: Arial
findfont: Generic family 'sans-serif' not found because none of the following families were found: Arial
findfont: Generic family 'sans-serif' not found because none of the following families were found: Arial
findfont: Generic family 'sans-serif' not found because none of the following families were found: Arial
findfont: Generic family 'sans-serif' not found because none of the following families were found: Arial
findfont: Generic family 'sans-serif' not found because none of the following families were found: Arial
findfont: Generic family 'sans-serif' not found because none of the following families were found: Arial
findfont: Generic family 'sans-serif' not found because none of the following families were found: Arial
findfont: Generic family 'sans-serif' not found because none of the following families were found: Arial
findfont: Generic family 'sans-serif' not found because none of the following families were found: Arial
findfont: Generic family 'sans-serif' not found because none of the following families were found: Arial
findfont: Generic family 'sans-serif' not found because none of the following families were found: Arial
findfont: Generic family 'sans-serif' not found because none of the following families were found: Arial
findfont: Generic family 'sans-serif' not found because none of the following families were found: Arial
findfont: Generic family 'sans-serif' not found because none of the following families were found: Arial
findfont: Generic family 'sans-serif' not found because none of the following families were found: Arial
findfont: Generic family 'sans-serif' not found because none of the following families were found: Arial
findfont: Generic family 'sans-serif' not found because none of the following families were found: Arial
findfont: Generic family 'sans-serif' not found because none of the following families were found: Arial
findfont: Generic family 'sans-serif' not found because none of the following families were found: Arial
findfont: Generic family 'sans-serif' not found because none of the following families were found: Arial
findfont: Generic family 'sans-serif' not found because none of the following families were found: Arial
findfont: Generic family 'sans-serif' not found because none of the following families were found: Arial
findfont: Generic family 'sans-serif' not found because none of the following families were found: Arial
findfont: Generic family 'sans-serif' not found because none of the following families were found: Arial
findfont: Generic family 'sans-serif' not found because none of the following families were found: Arial
findfont: Generic family 'sans-serif' not found because none of the following families were found: Arial
findfont: Generic family 'sans-serif' not found because none of the following families were found: Arial
findfont: Generic family 'sans-serif' not found because none of the following families were found: Arial
findfont: Generic family 'sans-serif' not found because none of the following families were found: Arial
findfont: Generic family 'sans-serif' not found because none of the following families were found: Arial
findfont: Generic family 'sans-serif' not found because none of the following families were found: Arial
findfont: Generic family 'sans-serif' not found because none of the following families were found: Arial
findfont: Generic family 'sans-serif' not found because none of the following families were found: Arial
findfont: Generic family 'sans-serif' not found because none of the following families were found: Arial
findfont: Generic family 'sans-serif' not found because none of the following families were found: Arial
findfont: Generic family 'sans-serif' not found because none of the following families were found: Arial
findfont: Generic family 'sans-serif' not found because none of the following families were found: Arial
findfont: Generic family 'sans-serif' not found because none of the following families were found: Arial
findfont: Generic family 'sans-serif' not found because none of the following families were found: Arial
findfont: Generic family 'sans-serif' not found because none of the following families were found: Arial
findfont: Generic family 'sans-serif' not found because none of the following families were found: Arial
findfont: Generic family 'sans-serif' not found because none of the following families were found: Arial
findfont: Generic family 'sans-serif' not found because none of the following families were found: Arial
findfont: Generic family 'sans-serif' not found because none of the following families were found: Arial
findfont: Generic family 'sans-serif' not found because none of the following families were found: Arial
findfont: Generic family 'sans-serif' not found because none of the following families were found: Arial
findfont: Generic family 'sans-serif' not found because none of the following families were found: Arial
findfont: Generic family 'sans-serif' not found because none of the following families were found: Arial
findfont: Generic family 'sans-serif' not found because none of the following families were found: Arial
findfont: Generic family 'sans-serif' not found because none of the following families were found: Arial
findfont: Generic family 'sans-serif' not found because none of the following families were found: Arial
findfont: Generic family 'sans-serif' not found because none of the following families were found: Arial
findfont: Generic family 'sans-serif' not found because none of the following families were found: Arial
findfont: Generic family 'sans-serif' not found because none of the following families were found: Arial
findfont: Generic family 'sans-serif' not found because none of the following families were found: Arial
findfont: Generic family 'sans-serif' not found because none of the following families were found: Arial
findfont: Generic family 'sans-serif' not found because none of the following families were found: Arial
findfont: Generic family 'sans-serif' not found because none of the following families were found: Arial
findfont: Generic family 'sans-serif' not found because none of the following families were found: Arial
findfont: Generic family 'sans-serif' not found because none of the following families were found: Arial
findfont: Generic family 'sans-serif' not found because none of the following families were found: Arial
findfont: Generic family 'sans-serif' not found because none of the following families were found: Arial
findfont: Generic family 'sans-serif' not found because none of the following families were found: Arial
findfont: Generic family 'sans-serif' not found because none of the following families were found: Arial
findfont: Generic family 'sans-serif' not found because none of the following families were found: Arial
findfont: Generic family 'sans-serif' not found because none of the following families were found: Arial
findfont: Generic family 'sans-serif' not found because none of the following families were found: Arial
findfont: Generic family 'sans-serif' not found because none of the following families were found: Arial
findfont: Generic family 'sans-serif' not found because none of the following families were found: Arial
findfont: Generic family 'sans-serif' not found because none of the following families were found: Arial
findfont: Generic family 'sans-serif' not found because none of the following families were found: Arial
findfont: Generic family 'sans-serif' not found because none of the following families were found: Arial
findfont: Generic family 'sans-serif' not found because none of the following families were found: Arial
findfont: Generic family 'sans-serif' not found because none of the following families were found: Arial
findfont: Generic family 'sans-serif' not found because none of the following families were found: Arial
findfont: Generic family 'sans-serif' not found because none of the following families were found: Arial
findfont: Generic family 'sans-serif' not found because none of the following families were found: Arial
findfont: Generic family 'sans-serif' not found because none of the following families were found: Arial
findfont: Generic family 'sans-serif' not found because none of the following families were found: Arial
findfont: Generic family 'sans-serif' not found because none of the following families were found: Arial
findfont: Generic family 'sans-serif' not found because none of the following families were found: Arial
findfont: Generic family 'sans-serif' not found because none of the following families were found: Arial
findfont: Generic family 'sans-serif' not found because none of the following families were found: Arial
findfont: Generic family 'sans-serif' not found because none of the following families were found: Arial
findfont: Generic family 'sans-serif' not found because none of the following families were found: Arial
findfont: Generic family 'sans-serif' not found because none of the following families were found: Arial
findfont: Generic family 'sans-serif' not found because none of the following families were found: Arial
findfont: Generic family 'sans-serif' not found because none of the following families were found: Arial
findfont: Generic family 'sans-serif' not found because none of the following families were found: Arial
findfont: Generic family 'sans-serif' not found because none of the following families were found: Arial
findfont: Generic family 'sans-serif' not found because none of the following families were found: Arial
findfont: Generic family 'sans-serif' not found because none of the following families were found: Arial
findfont: Generic family 'sans-serif' not found because none of the following families were found: Arial
findfont: Generic family 'sans-serif' not found because none of the following families were found: Arial
findfont: Generic family 'sans-serif' not found because none of the following families were found: Arial
findfont: Generic family 'sans-serif' not found because none of the following families were found: Arial
findfont: Generic family 'sans-serif' not found because none of the following families were found: Arial
findfont: Generic family 'sans-serif' not found because none of the following families were found: Arial
findfont: Generic family 'sans-serif' not found because none of the following families were found: Arial
findfont: Generic family 'sans-serif' not found because none of the following families were found: Arial
findfont: Generic family 'sans-serif' not found because none of the following families were found: Arial
findfont: Generic family 'sans-serif' not found because none of the following families were found: Arial
findfont: Generic family 'sans-serif' not found because none of the following families were found: Arial
findfont: Generic family 'sans-serif' not found because none of the following families were found: Arial
findfont: Generic family 'sans-serif' not found because none of the following families were found: Arial
findfont: Generic family 'sans-serif' not found because none of the following families were found: Arial
findfont: Generic family 'sans-serif' not found because none of the following families were found: Arial
findfont: Generic family 'sans-serif' not found because none of the following families were found: Arial
findfont: Generic family 'sans-serif' not found because none of the following families were found: Arial
findfont: Generic family 'sans-serif' not found because none of the following families were found: Arial
findfont: Generic family 'sans-serif' not found because none of the following families were found: Arial
findfont: Generic family 'sans-serif' not found because none of the following families were found: Arial
findfont: Generic family 'sans-serif' not found because none of the following families were found: Arial
findfont: Generic family 'sans-serif' not found because none of the following families were found: Arial
findfont: Generic family 'sans-serif' not found because none of the following families were found: Arial
findfont: Generic family 'sans-serif' not found because none of the following families were found: Arial
findfont: Generic family 'sans-serif' not found because none of the following families were found: Arial
findfont: Generic family 'sans-serif' not found because none of the following families were found: Arial
findfont: Generic family 'sans-serif' not found because none of the following families were found: Arial
findfont: Generic family 'sans-serif' not found because none of the following families were found: Arial
findfont: Generic family 'sans-serif' not found because none of the following families were found: Arial
findfont: Generic family 'sans-serif' not found because none of the following families were found: Arial
findfont: Generic family 'sans-serif' not found because none of the following families were found: Arial
findfont: Generic family 'sans-serif' not found because none of the following families were found: Arial
findfont: Generic family 'sans-serif' not found because none of the following families were found: Arial
findfont: Generic family 'sans-serif' not found because none of the following families were found: Arial
findfont: Generic family 'sans-serif' not found because none of the following families were found: Arial
findfont: Generic family 'sans-serif' not found because none of the following families were found: Arial
findfont: Generic family 'sans-serif' not found because none of the following families were found: Arial
findfont: Generic family 'sans-serif' not found because none of the following families were found: Arial
findfont: Generic family 'sans-serif' not found because none of the following families were found: Arial
findfont: Generic family 'sans-serif' not found because none of the following families were found: Arial
findfont: Generic family 'sans-serif' not found because none of the following families were found: Arial
findfont: Generic family 'sans-serif' not found because none of the following families were found: Arial
findfont: Generic family 'sans-serif' not found because none of the following families were found: Arial
findfont: Generic family 'sans-serif' not found because none of the following families were found: Arial
findfont: Generic family 'sans-serif' not found because none of the following families were found: Arial
findfont: Generic family 'sans-serif' not found because none of the following families were found: Arial
findfont: Generic family 'sans-serif' not found because none of the following families were found: Arial
findfont: Generic family 'sans-serif' not found because none of the following families were found: Arial
findfont: Generic family 'sans-serif' not found because none of the following families were found: Arial
findfont: Generic family 'sans-serif' not found because none of the following families were found: Arial
findfont: Generic family 'sans-serif' not found because none of the following families were found: Arial
findfont: Generic family 'sans-serif' not found because none of the following families were found: Arial
findfont: Generic family 'sans-serif' not found because none of the following families were found: Arial
findfont: Generic family 'sans-serif' not found because none of the following families were found: Arial
findfont: Generic family 'sans-serif' not found because none of the following families were found: Arial
findfont: Generic family 'sans-serif' not found because none of the following families were found: Arial
findfont: Generic family 'sans-serif' not found because none of the following families were found: Arial
findfont: Generic family 'sans-serif' not found because none of the following families were found: Arial
findfont: Generic family 'sans-serif' not found because none of the following families were found: Arial
findfont: Generic family 'sans-serif' not found because none of the following families were found: Arial
findfont: Generic family 'sans-serif' not found because none of the following families were found: Arial
findfont: Generic family 'sans-serif' not found because none of the following families were found: Arial
findfont: Generic family 'sans-serif' not found because none of the following families were found: Arial
findfont: Generic family 'sans-serif' not found because none of the following families were found: Arial
findfont: Generic family 'sans-serif' not found because none of the following families were found: Arial
findfont: Generic family 'sans-serif' not found because none of the following families were found: Arial
findfont: Generic family 'sans-serif' not found because none of the following families were found: Arial
findfont: Generic family 'sans-serif' not found because none of the following families were found: Arial
findfont: Generic family 'sans-serif' not found because none of the following families were found: Arial
findfont: Generic family 'sans-serif' not found because none of the following families were found: Arial
findfont: Generic family 'sans-serif' not found because none of the following families were found: Arial
findfont: Generic family 'sans-serif' not found because none of the following families were found: Arial
findfont: Generic family 'sans-serif' not found because none of the following families were found: Arial
findfont: Generic family 'sans-serif' not found because none of the following families were found: Arial
findfont: Generic family 'sans-serif' not found because none of the following families were found: Arial
findfont: Generic family 'sans-serif' not found because none of the following families were found: Arial
findfont: Generic family 'sans-serif' not found because none of the following families were found: Arial
findfont: Generic family 'sans-serif' not found because none of the following families were found: Arial
findfont: Generic family 'sans-serif' not found because none of the following families were found: Arial
findfont: Generic family 'sans-serif' not found because none of the following families were found: Arial
findfont: Generic family 'sans-serif' not found because none of the following families were found: Arial
findfont: Generic family 'sans-serif' not found because none of the following families were found: Arial
findfont: Generic family 'sans-serif' not found because none of the following families were found: Arial
findfont: Generic family 'sans-serif' not found because none of the following families were found: Arial
findfont: Generic family 'sans-serif' not found because none of the following families were found: Arial
findfont: Generic family 'sans-serif' not found because none of the following families were found: Arial
findfont: Generic family 'sans-serif' not found because none of the following families were found: Arial
findfont: Generic family 'sans-serif' not found because none of the following families were found: Arial
findfont: Generic family 'sans-serif' not found because none of the following families were found: Arial
findfont: Generic family 'sans-serif' not found because none of the following families were found: Arial
findfont: Generic family 'sans-serif' not found because none of the following families were found: Arial
findfont: Generic family 'sans-serif' not found because none of the following families were found: Arial
findfont: Generic family 'sans-serif' not found because none of the following families were found: Arial
findfont: Generic family 'sans-serif' not found because none of the following families were found: Arial
findfont: Generic family 'sans-serif' not found because none of the following families were found: Arial
findfont: Generic family 'sans-serif' not found because none of the following families were found: Arial
findfont: Generic family 'sans-serif' not found because none of the following families were found: Arial
findfont: Generic family 'sans-serif' not found because none of the following families were found: Arial
findfont: Generic family 'sans-serif' not found because none of the following families were found: Arial
findfont: Generic family 'sans-serif' not found because none of the following families were found: Arial
findfont: Generic family 'sans-serif' not found because none of the following families were found: Arial
findfont: Generic family 'sans-serif' not found because none of the following families were found: Arial
findfont: Generic family 'sans-serif' not found because none of the following families were found: Arial
findfont: Generic family 'sans-serif' not found because none of the following families were found: Arial
findfont: Generic family 'sans-serif' not found because none of the following families were found: Arial
findfont: Generic family 'sans-serif' not found because none of the following families were found: Arial
findfont: Generic family 'sans-serif' not found because none of the following families were found: Arial
findfont: Generic family 'sans-serif' not found because none of the following families were found: Arial
findfont: Generic family 'sans-serif' not found because none of the following families were found: Arial
findfont: Generic family 'sans-serif' not found because none of the following families were found: Arial
findfont: Generic family 'sans-serif' not found because none of the following families were found: Arial
findfont: Generic family 'sans-serif' not found because none of the following families were found: Arial
findfont: Generic family 'sans-serif' not found because none of the following families were found: Arial
findfont: Generic family 'sans-serif' not found because none of the following families were found: Arial
findfont: Generic family 'sans-serif' not found because none of the following families were found: Arial
findfont: Generic family 'sans-serif' not found because none of the following families were found: Arial
findfont: Generic family 'sans-serif' not found because none of the following families were found: Arial
findfont: Generic family 'sans-serif' not found because none of the following families were found: Arial
findfont: Generic family 'sans-serif' not found because none of the following families were found: Arial
findfont: Generic family 'sans-serif' not found because none of the following families were found: Arial
findfont: Generic family 'sans-serif' not found because none of the following families were found: Arial
findfont: Generic family 'sans-serif' not found because none of the following families were found: Arial
findfont: Generic family 'sans-serif' not found because none of the following families were found: Arial
findfont: Generic family 'sans-serif' not found because none of the following families were found: Arial
findfont: Generic family 'sans-serif' not found because none of the following families were found: Arial
findfont: Generic family 'sans-serif' not found because none of the following families were found: Arial
findfont: Generic family 'sans-serif' not found because none of the following families were found: Arial
findfont: Generic family 'sans-serif' not found because none of the following families were found: Arial
findfont: Generic family 'sans-serif' not found because none of the following families were found: Arial
findfont: Generic family 'sans-serif' not found because none of the following families were found: Arial
findfont: Generic family 'sans-serif' not found because none of the following families were found: Arial
findfont: Generic family 'sans-serif' not found because none of the following families were found: Arial
findfont: Generic family 'sans-serif' not found because none of the following families were found: Arial
findfont: Generic family 'sans-serif' not found because none of the following families were found: Arial
findfont: Generic family 'sans-serif' not found because none of the following families were found: Arial
findfont: Generic family 'sans-serif' not found because none of the following families were found: Arial
findfont: Generic family 'sans-serif' not found because none of the following families were found: Arial
findfont: Generic family 'sans-serif' not found because none of the following families were found: Arial
findfont: Generic family 'sans-serif' not found because none of the following families were found: Arial
findfont: Generic family 'sans-serif' not found because none of the following families were found: Arial
findfont: Generic family 'sans-serif' not found because none of the following families were found: Arial
findfont: Generic family 'sans-serif' not found because none of the following families were found: Arial
findfont: Generic family 'sans-serif' not found because none of the following families were found: Arial
findfont: Generic family 'sans-serif' not found because none of the following families were found: Arial
findfont: Generic family 'sans-serif' not found because none of the following families were found: Arial
findfont: Generic family 'sans-serif' not found because none of the following families were found: Arial
findfont: Generic family 'sans-serif' not found because none of the following families were found: Arial
findfont: Generic family 'sans-serif' not found because none of the following families were found: Arial
findfont: Generic family 'sans-serif' not found because none of the following families were found: Arial
findfont: Generic family 'sans-serif' not found because none of the following families were found: Arial
findfont: Generic family 'sans-serif' not found because none of the following families were found: Arial
findfont: Generic family 'sans-serif' not found because none of the following families were found: Arial
findfont: Generic family 'sans-serif' not found because none of the following families were found: Arial
findfont: Generic family 'sans-serif' not found because none of the following families were found: Arial
findfont: Generic family 'sans-serif' not found because none of the following families were found: Arial
findfont: Generic family 'sans-serif' not found because none of the following families were found: Arial
findfont: Generic family 'sans-serif' not found because none of the following families were found: Arial
findfont: Generic family 'sans-serif' not found because none of the following families were found: Arial
findfont: Generic family 'sans-serif' not found because none of the following families were found: Arial
findfont: Generic family 'sans-serif' not found because none of the following families were found: Arial
findfont: Generic family 'sans-serif' not found because none of the following families were found: Arial
findfont: Generic family 'sans-serif' not found because none of the following families were found: Arial
findfont: Generic family 'sans-serif' not found because none of the following families were found: Arial
findfont: Generic family 'sans-serif' not found because none of the following families were found: Arial
findfont: Generic family 'sans-serif' not found because none of the following families were found: Arial
findfont: Generic family 'sans-serif' not found because none of the following families were found: Arial
findfont: Generic family 'sans-serif' not found because none of the following families were found: Arial
findfont: Generic family 'sans-serif' not found because none of the following families were found: Arial
findfont: Generic family 'sans-serif' not found because none of the following families were found: Arial
findfont: Generic family 'sans-serif' not found because none of the following families were found: Arial
findfont: Generic family 'sans-serif' not found because none of the following families were found: Arial
findfont: Generic family 'sans-serif' not found because none of the following families were found: Arial
findfont: Generic family 'sans-serif' not found because none of the following families were found: Arial
findfont: Generic family 'sans-serif' not found because none of the following families were found: Arial
findfont: Generic family 'sans-serif' not found because none of the following families were found: Arial
findfont: Generic family 'sans-serif' not found because none of the following families were found: Arial
findfont: Generic family 'sans-serif' not found because none of the following families were found: Arial
findfont: Generic family 'sans-serif' not found because none of the following families were found: Arial
findfont: Generic family 'sans-serif' not found because none of the following families were found: Arial
findfont: Generic family 'sans-serif' not found because none of the following families were found: Arial
findfont: Generic family 'sans-serif' not found because none of the following families were found: Arial
findfont: Generic family 'sans-serif' not found because none of the following families were found: Arial
findfont: Generic family 'sans-serif' not found because none of the following families were found: Arial
findfont: Generic family 'sans-serif' not found because none of the following families were found: Arial
findfont: Generic family 'sans-serif' not found because none of the following families were found: Arial
findfont: Generic family 'sans-serif' not found because none of the following families were found: Arial
findfont: Generic family 'sans-serif' not found because none of the following families were found: Arial
findfont: Generic family 'sans-serif' not found because none of the following families were found: Arial
findfont: Generic family 'sans-serif' not found because none of the following families were found: Arial
findfont: Generic family 'sans-serif' not found because none of the following families were found: Arial
findfont: Generic family 'sans-serif' not found because none of the following families were found: Arial
findfont: Generic family 'sans-serif' not found because none of the following families were found: Arial
findfont: Generic family 'sans-serif' not found because none of the following families were found: Arial
findfont: Generic family 'sans-serif' not found because none of the following families were found: Arial
findfont: Generic family 'sans-serif' not found because none of the following families were found: Arial
findfont: Generic family 'sans-serif' not found because none of the following families were found: Arial
findfont: Generic family 'sans-serif' not found because none of the following families were found: Arial
findfont: Generic family 'sans-serif' not found because none of the following families were found: Arial
findfont: Generic family 'sans-serif' not found because none of the following families were found: Arial
findfont: Generic family 'sans-serif' not found because none of the following families were found: Arial
findfont: Generic family 'sans-serif' not found because none of the following families were found: Arial
findfont: Generic family 'sans-serif' not found because none of the following families were found: Arial
findfont: Generic family 'sans-serif' not found because none of the following families were found: Arial
findfont: Generic family 'sans-serif' not found because none of the following families were found: Arial
findfont: Generic family 'sans-serif' not found because none of the following families were found: Arial
findfont: Generic family 'sans-serif' not found because none of the following families were found: Arial
findfont: Generic family 'sans-serif' not found because none of the following families were found: Arial
findfont: Generic family 'sans-serif' not found because none of the following families were found: Arial
findfont: Generic family 'sans-serif' not found because none of the following families were found: Arial
findfont: Generic family 'sans-serif' not found because none of the following families were found: Arial
findfont: Generic family 'sans-serif' not found because none of the following families were found: Arial
findfont: Generic family 'sans-serif' not found because none of the following families were found: Arial
findfont: Generic family 'sans-serif' not found because none of the following families were found: Arial
findfont: Generic family 'sans-serif' not found because none of the following families were found: Arial
findfont: Generic family 'sans-serif' not found because none of the following families were found: Arial
findfont: Generic family 'sans-serif' not found because none of the following families were found: Arial
findfont: Generic family 'sans-serif' not found because none of the following families were found: Arial
findfont: Generic family 'sans-serif' not found because none of the following families were found: Arial
findfont: Generic family 'sans-serif' not found because none of the following families were found: Arial
findfont: Generic family 'sans-serif' not found because none of the following families were found: Arial
findfont: Generic family 'sans-serif' not found because none of the following families were found: Arial
findfont: Generic family 'sans-serif' not found because none of the following families were found: Arial
findfont: Generic family 'sans-serif' not found because none of the following families were found: Arial
findfont: Generic family 'sans-serif' not found because none of the following families were found: Arial
findfont: Generic family 'sans-serif' not found because none of the following families were found: Arial
findfont: Generic family 'sans-serif' not found because none of the following families were found: Arial
findfont: Generic family 'sans-serif' not found because none of the following families were found: Arial
findfont: Generic family 'sans-serif' not found because none of the following families were found: Arial
findfont: Generic family 'sans-serif' not found because none of the following families were found: Arial
findfont: Generic family 'sans-serif' not found because none of the following families were found: Arial
findfont: Generic family 'sans-serif' not found because none of the following families were found: Arial
findfont: Generic family 'sans-serif' not found because none of the following families were found: Arial
findfont: Generic family 'sans-serif' not found because none of the following families were found: Arial
findfont: Generic family 'sans-serif' not found because none of the following families were found: Arial
findfont: Generic family 'sans-serif' not found because none of the following families were found: Arial
findfont: Generic family 'sans-serif' not found because none of the following families were found: Arial
findfont: Generic family 'sans-serif' not found because none of the following families were found: Arial
findfont: Generic family 'sans-serif' not found because none of the following families were found: Arial
findfont: Generic family 'sans-serif' not found because none of the following families were found: Arial
findfont: Generic family 'sans-serif' not found because none of the following families were found: Arial
findfont: Generic family 'sans-serif' not found because none of the following families were found: Arial
findfont: Generic family 'sans-serif' not found because none of the following families were found: Arial
findfont: Generic family 'sans-serif' not found because none of the following families were found: Arial
findfont: Generic family 'sans-serif' not found because none of the following families were found: Arial
findfont: Generic family 'sans-serif' not found because none of the following families were found: Arial
findfont: Generic family 'sans-serif' not found because none of the following families were found: Arial
findfont: Generic family 'sans-serif' not found because none of the following families were found: Arial
findfont: Generic family 'sans-serif' not found because none of the following families were found: Arial
findfont: Generic family 'sans-serif' not found because none of the following families were found: Arial
findfont: Generic family 'sans-serif' not found because none of the following families were found: Arial
findfont: Generic family 'sans-serif' not found because none of the following families were found: Arial
findfont: Generic family 'sans-serif' not found because none of the following families were found: Arial
findfont: Generic family 'sans-serif' not found because none of the following families were found: Arial
findfont: Generic family 'sans-serif' not found because none of the following families were found: Arial
findfont: Generic family 'sans-serif' not found because none of the following families were found: Arial
findfont: Generic family 'sans-serif' not found because none of the following families were found: Arial
findfont: Generic family 'sans-serif' not found because none of the following families were found: Arial
findfont: Generic family 'sans-serif' not found because none of the following families were found: Arial
findfont: Generic family 'sans-serif' not found because none of the following families were found: Arial
findfont: Generic family 'sans-serif' not found because none of the following families were found: Arial
findfont: Generic family 'sans-serif' not found because none of the following families were found: Arial
findfont: Generic family 'sans-serif' not found because none of the following families were found: Arial
findfont: Generic family 'sans-serif' not found because none of the following families were found: Arial
findfont: Generic family 'sans-serif' not found because none of the following families were found: Arial
findfont: Generic family 'sans-serif' not found because none of the following families were found: Arial
findfont: Generic family 'sans-serif' not found because none of the following families were found: Arial
findfont: Generic family 'sans-serif' not found because none of the following families were found: Arial
findfont: Generic family 'sans-serif' not found because none of the following families were found: Arial
findfont: Generic family 'sans-serif' not found because none of the following families were found: Arial
findfont: Generic family 'sans-serif' not found because none of the following families were found: Arial
findfont: Generic family 'sans-serif' not found because none of the following families were found: Arial
findfont: Generic family 'sans-serif' not found because none of the following families were found: Arial
findfont: Generic family 'sans-serif' not found because none of the following families were found: Arial
findfont: Generic family 'sans-serif' not found because none of the following families were found: Arial
findfont: Generic family 'sans-serif' not found because none of the following families were found: Arial
findfont: Generic family 'sans-serif' not found because none of the following families were found: Arial
findfont: Generic family 'sans-serif' not found because none of the following families were found: Arial
findfont: Generic family 'sans-serif' not found because none of the following families were found: Arial
findfont: Generic family 'sans-serif' not found because none of the following families were found: Arial
findfont: Generic family 'sans-serif' not found because none of the following families were found: Arial
findfont: Generic family 'sans-serif' not found because none of the following families were found: Arial
findfont: Generic family 'sans-serif' not found because none of the following families were found: Arial
findfont: Generic family 'sans-serif' not found because none of the following families were found: Arial
findfont: Generic family 'sans-serif' not found because none of the following families were found: Arial
findfont: Generic family 'sans-serif' not found because none of the following families were found: Arial
findfont: Generic family 'sans-serif' not found because none of the following families were found: Arial
findfont: Generic family 'sans-serif' not found because none of the following families were found: Arial
findfont: Generic family 'sans-serif' not found because none of the following families were found: Arial
findfont: Generic family 'sans-serif' not found because none of the following families were found: Arial
findfont: Generic family 'sans-serif' not found because none of the following families were found: Arial
findfont: Generic family 'sans-serif' not found because none of the following families were found: Arial
findfont: Generic family 'sans-serif' not found because none of the following families were found: Arial
findfont: Generic family 'sans-serif' not found because none of the following families were found: Arial
findfont: Generic family 'sans-serif' not found because none of the following families were found: Arial
findfont: Generic family 'sans-serif' not found because none of the following families were found: Arial
findfont: Generic family 'sans-serif' not found because none of the following families were found: Arial
findfont: Generic family 'sans-serif' not found because none of the following families were found: Arial
findfont: Generic family 'sans-serif' not found because none of the following families were found: Arial
findfont: Generic family 'sans-serif' not found because none of the following families were found: Arial
findfont: Generic family 'sans-serif' not found because none of the following families were found: Arial
findfont: Generic family 'sans-serif' not found because none of the following families were found: Arial
findfont: Generic family 'sans-serif' not found because none of the following families were found: Arial
findfont: Generic family 'sans-serif' not found because none of the following families were found: Arial
findfont: Generic family 'sans-serif' not found because none of the following families were found: Arial
findfont: Generic family 'sans-serif' not found because none of the following families were found: Arial
findfont: Generic family 'sans-serif' not found because none of the following families were found: Arial
findfont: Generic family 'sans-serif' not found because none of the following families were found: Arial
findfont: Generic family 'sans-serif' not found because none of the following families were found: Arial
findfont: Generic family 'sans-serif' not found because none of the following families were found: Arial
findfont: Generic family 'sans-serif' not found because none of the following families were found: Arial
findfont: Generic family 'sans-serif' not found because none of the following families were found: Arial
findfont: Generic family 'sans-serif' not found because none of the following families were found: Arial
findfont: Generic family 'sans-serif' not found because none of the following families were found: Arial
findfont: Generic family 'sans-serif' not found because none of the following families were found: Arial
findfont: Generic family 'sans-serif' not found because none of the following families were found: Arial
findfont: Generic family 'sans-serif' not found because none of the following families were found: Arial
findfont: Generic family 'sans-serif' not found because none of the following families were found: Arial
findfont: Generic family 'sans-serif' not found because none of the following families were found: Arial
findfont: Generic family 'sans-serif' not found because none of the following families were found: Arial
findfont: Generic family 'sans-serif' not found because none of the following families were found: Arial
findfont: Generic family 'sans-serif' not found because none of the following families were found: Arial
findfont: Generic family 'sans-serif' not found because none of the following families were found: Arial
findfont: Generic family 'sans-serif' not found because none of the following families were found: Arial
findfont: Generic family 'sans-serif' not found because none of the following families were found: Arial
findfont: Generic family 'sans-serif' not found because none of the following families were found: Arial
findfont: Generic family 'sans-serif' not found because none of the following families were found: Arial
findfont: Generic family 'sans-serif' not found because none of the following families were found: Arial
findfont: Generic family 'sans-serif' not found because none of the following families were found: Arial
findfont: Generic family 'sans-serif' not found because none of the following families were found: Arial
findfont: Generic family 'sans-serif' not found because none of the following families were found: Arial
findfont: Generic family 'sans-serif' not found because none of the following families were found: Arial
findfont: Generic family 'sans-serif' not found because none of the following families were found: Arial
findfont: Generic family 'sans-serif' not found because none of the following families were found: Arial
findfont: Generic family 'sans-serif' not found because none of the following families were found: Arial
findfont: Generic family 'sans-serif' not found because none of the following families were found: Arial
findfont: Generic family 'sans-serif' not found because none of the following families were found: Arial
findfont: Generic family 'sans-serif' not found because none of the following families were found: Arial
findfont: Generic family 'sans-serif' not found because none of the following families were found: Arial
findfont: Generic family 'sans-serif' not found because none of the following families were found: Arial
findfont: Generic family 'sans-serif' not found because none of the following families were found: Arial
findfont: Generic family 'sans-serif' not found because none of the following families were found: Arial
findfont: Generic family 'sans-serif' not found because none of the following families were found: Arial
findfont: Generic family 'sans-serif' not found because none of the following families were found: Arial
findfont: Generic family 'sans-serif' not found because none of the following families were found: Arial
findfont: Generic family 'sans-serif' not found because none of the following families were found: Arial
findfont: Generic family 'sans-serif' not found because none of the following families were found: Arial
findfont: Generic family 'sans-serif' not found because none of the following families were found: Arial
findfont: Generic family 'sans-serif' not found because none of the following families were found: Arial
findfont: Generic family 'sans-serif' not found because none of the following families were found: Arial
findfont: Generic family 'sans-serif' not found because none of the following families were found: Arial
findfont: Generic family 'sans-serif' not found because none of the following families were found: Arial
findfont: Generic family 'sans-serif' not found because none of the following families were found: Arial
findfont: Generic family 'sans-serif' not found because none of the following families were found: Arial
findfont: Generic family 'sans-serif' not found because none of the following families were found: Arial
findfont: Generic family 'sans-serif' not found because none of the following families were found: Arial
findfont: Generic family 'sans-serif' not found because none of the following families were found: Arial
findfont: Generic family 'sans-serif' not found because none of the following families were found: Arial
findfont: Generic family 'sans-serif' not found because none of the following families were found: Arial
findfont: Generic family 'sans-serif' not found because none of the following families were found: Arial
findfont: Generic family 'sans-serif' not found because none of the following families were found: Arial
findfont: Generic family 'sans-serif' not found because none of the following families were found: Arial
findfont: Generic family 'sans-serif' not found because none of the following families were found: Arial
findfont: Generic family 'sans-serif' not found because none of the following families were found: Arial
findfont: Generic family 'sans-serif' not found because none of the following families were found: Arial
findfont: Generic family 'sans-serif' not found because none of the following families were found: Arial
findfont: Generic family 'sans-serif' not found because none of the following families were found: Arial
findfont: Generic family 'sans-serif' not found because none of the following families were found: Arial
findfont: Generic family 'sans-serif' not found because none of the following families were found: Arial
findfont: Generic family 'sans-serif' not found because none of the following families were found: Arial
findfont: Generic family 'sans-serif' not found because none of the following families were found: Arial
findfont: Generic family 'sans-serif' not found because none of the following families were found: Arial
findfont: Generic family 'sans-serif' not found because none of the following families were found: Arial
findfont: Generic family 'sans-serif' not found because none of the following families were found: Arial
findfont: Generic family 'sans-serif' not found because none of the following families were found: Arial
findfont: Generic family 'sans-serif' not found because none of the following families were found: Arial
findfont: Generic family 'sans-serif' not found because none of the following families were found: Arial
findfont: Generic family 'sans-serif' not found because none of the following families were found: Arial
findfont: Generic family 'sans-serif' not found because none of the following families were found: Arial
findfont: Generic family 'sans-serif' not found because none of the following families were found: Arial
findfont: Generic family 'sans-serif' not found because none of the following families were found: Arial
findfont: Generic family 'sans-serif' not found because none of the following families were found: Arial
findfont: Generic family 'sans-serif' not found because none of the following families were found: Arial
findfont: Generic family 'sans-serif' not found because none of the following families were found: Arial
findfont: Generic family 'sans-serif' not found because none of the following families were found: Arial
findfont: Generic family 'sans-serif' not found because none of the following families were found: Arial
findfont: Generic family 'sans-serif' not found because none of the following families were found: Arial
findfont: Generic family 'sans-serif' not found because none of the following families were found: Arial
findfont: Generic family 'sans-serif' not found because none of the following families were found: Arial
findfont: Generic family 'sans-serif' not found because none of the following families were found: Arial
findfont: Generic family 'sans-serif' not found because none of the following families were found: Arial
findfont: Generic family 'sans-serif' not found because none of the following families were found: Arial
findfont: Generic family 'sans-serif' not found because none of the following families were found: Arial
findfont: Generic family 'sans-serif' not found because none of the following families were found: Arial
findfont: Generic family 'sans-serif' not found because none of the following families were found: Arial
findfont: Generic family 'sans-serif' not found because none of the following families were found: Arial
findfont: Generic family 'sans-serif' not found because none of the following families were found: Arial
findfont: Generic family 'sans-serif' not found because none of the following families were found: Arial
findfont: Generic family 'sans-serif' not found because none of the following families were found: Arial
findfont: Generic family 'sans-serif' not found because none of the following families were found: Arial
findfont: Generic family 'sans-serif' not found because none of the following families were found: Arial
findfont: Generic family 'sans-serif' not found because none of the following families were found: Arial
findfont: Generic family 'sans-serif' not found because none of the following families were found: Arial
findfont: Generic family 'sans-serif' not found because none of the following families were found: Arial
findfont: Generic family 'sans-serif' not found because none of the following families were found: Arial
findfont: Generic family 'sans-serif' not found because none of the following families were found: Arial
findfont: Generic family 'sans-serif' not found because none of the following families were found: Arial
findfont: Generic family 'sans-serif' not found because none of the following families were found: Arial
findfont: Generic family 'sans-serif' not found because none of the following families were found: Arial
findfont: Generic family 'sans-serif' not found because none of the following families were found: Arial
findfont: Generic family 'sans-serif' not found because none of the following families were found: Arial
findfont: Generic family 'sans-serif' not found because none of the following families were found: Arial
findfont: Generic family 'sans-serif' not found because none of the following families were found: Arial
findfont: Generic family 'sans-serif' not found because none of the following families were found: Arial
findfont: Generic family 'sans-serif' not found because none of the following families were found: Arial
findfont: Generic family 'sans-serif' not found because none of the following families were found: Arial
findfont: Generic family 'sans-serif' not found because none of the following families were found: Arial
findfont: Generic family 'sans-serif' not found because none of the following families were found: Arial
findfont: Generic family 'sans-serif' not found because none of the following families were found: Arial
findfont: Generic family 'sans-serif' not found because none of the following families were found: Arial
findfont: Generic family 'sans-serif' not found because none of the following families were found: Arial
findfont: Generic family 'sans-serif' not found because none of the following families were found: Arial
findfont: Generic family 'sans-serif' not found because none of the following families were found: Arial
findfont: Generic family 'sans-serif' not found because none of the following families were found: Arial
findfont: Generic family 'sans-serif' not found because none of the following families were found: Arial
findfont: Generic family 'sans-serif' not found because none of the following families were found: Arial
findfont: Generic family 'sans-serif' not found because none of the following families were found: Arial
findfont: Font family ['sans-serif'] not found. Falling back to DejaVu Sans.
findfont: Generic family 'sans-serif' not found because none of the following families were found: Arial
findfont: Generic family 'sans-serif' not found because none of the following families were found: Arial
findfont: Generic family 'sans-serif' not found because none of the following families were found: Arial
findfont: Generic family 'sans-serif' not found because none of the following families were found: Arial
findfont: Generic family 'sans-serif' not found because none of the following families were found: Arial
findfont: Generic family 'sans-serif' not found because none of the following families were found: Arial
findfont: Generic family 'sans-serif' not found because none of the following families were found: Arial
findfont: Generic family 'sans-serif' not found because none of the following families were found: Arial
findfont: Generic family 'sans-serif' not found because none of the following families were found: Arial
findfont: Generic family 'sans-serif' not found because none of the following families were found: Arial
findfont: Generic family 'sans-serif' not found because none of the following families were found: Arial
findfont: Generic family 'sans-serif' not found because none of the following families were found: Arial
findfont: Generic family 'sans-serif' not found because none of the following families were found: Arial
findfont: Generic family 'sans-serif' not found because none of the following families were found: Arial
findfont: Generic family 'sans-serif' not found because none of the following families were found: Arial
findfont: Generic family 'sans-serif' not found because none of the following families were found: Arial
findfont: Generic family 'sans-serif' not found because none of the following families were found: Arial
findfont: Generic family 'sans-serif' not found because none of the following families were found: Arial
findfont: Generic family 'sans-serif' not found because none of the following families were found: Arial
findfont: Generic family 'sans-serif' not found because none of the following families were found: Arial
findfont: Generic family 'sans-serif' not found because none of the following families were found: Arial
findfont: Generic family 'sans-serif' not found because none of the following families were found: Arial
findfont: Generic family 'sans-serif' not found because none of the following families were found: Arial
findfont: Generic family 'sans-serif' not found because none of the following families were found: Arial
findfont: Generic family 'sans-serif' not found because none of the following families were found: Arial
findfont: Generic family 'sans-serif' not found because none of the following families were found: Arial
findfont: Generic family 'sans-serif' not found because none of the following families were found: Arial
findfont: Generic family 'sans-serif' not found because none of the following families were found: Arial
findfont: Generic family 'sans-serif' not found because none of the following families were found: Arial
findfont: Generic family 'sans-serif' not found because none of the following families were found: Arial
findfont: Generic family 'sans-serif' not found because none of the following families were found: Arial
findfont: Generic family 'sans-serif' not found because none of the following families were found: Arial
findfont: Generic family 'sans-serif' not found because none of the following families were found: Arial
findfont: Generic family 'sans-serif' not found because none of the following families were found: Arial
findfont: Generic family 'sans-serif' not found because none of the following families were found: Arial
findfont: Generic family 'sans-serif' not found because none of the following families were found: Arial
findfont: Generic family 'sans-serif' not found because none of the following families were found: Arial
findfont: Generic family 'sans-serif' not found because none of the following families were found: Arial
findfont: Generic family 'sans-serif' not found because none of the following families were found: Arial
findfont: Generic family 'sans-serif' not found because none of the following families were found: Arial
findfont: Generic family 'sans-serif' not found because none of the following families were found: Arial
findfont: Generic family 'sans-serif' not found because none of the following families were found: Arial
findfont: Generic family 'sans-serif' not found because none of the following families were found: Arial
findfont: Generic family 'sans-serif' not found because none of the following families were found: Arial
findfont: Generic family 'sans-serif' not found because none of the following families were found: Arial
findfont: Generic family 'sans-serif' not found because none of the following families were found: Arial
findfont: Generic family 'sans-serif' not found because none of the following families were found: Arial
findfont: Generic family 'sans-serif' not found because none of the following families were found: Arial
findfont: Generic family 'sans-serif' not found because none of the following families were found: Arial
findfont: Generic family 'sans-serif' not found because none of the following families were found: Arial
findfont: Generic family 'sans-serif' not found because none of the following families were found: Arial
findfont: Generic family 'sans-serif' not found because none of the following families were found: Arial
findfont: Generic family 'sans-serif' not found because none of the following families were found: Arial
findfont: Generic family 'sans-serif' not found because none of the following families were found: Arial
findfont: Generic family 'sans-serif' not found because none of the following families were found: Arial
findfont: Generic family 'sans-serif' not found because none of the following families were found: Arial
findfont: Generic family 'sans-serif' not found because none of the following families were found: Arial
findfont: Generic family 'sans-serif' not found because none of the following families were found: Arial
findfont: Generic family 'sans-serif' not found because none of the following families were found: Arial
findfont: Generic family 'sans-serif' not found because none of the following families were found: Arial
findfont: Generic family 'sans-serif' not found because none of the following families were found: Arial
findfont: Generic family 'sans-serif' not found because none of the following families were found: Arial
findfont: Generic family 'sans-serif' not found because none of the following families were found: Arial
findfont: Generic family 'sans-serif' not found because none of the following families were found: Arial
findfont: Generic family 'sans-serif' not found because none of the following families were found: Arial
findfont: Generic family 'sans-serif' not found because none of the following families were found: Arial
findfont: Generic family 'sans-serif' not found because none of the following families were found: Arial
findfont: Generic family 'sans-serif' not found because none of the following families were found: Arial
findfont: Generic family 'sans-serif' not found because none of the following families were found: Arial
findfont: Generic family 'sans-serif' not found because none of the following families were found: Arial
findfont: Generic family 'sans-serif' not found because none of the following families were found: Arial
findfont: Generic family 'sans-serif' not found because none of the following families were found: Arial
findfont: Generic family 'sans-serif' not found because none of the following families were found: Arial
findfont: Generic family 'sans-serif' not found because none of the following families were found: Arial
findfont: Generic family 'sans-serif' not found because none of the following families were found: Arial
findfont: Generic family 'sans-serif' not found because none of the following families were found: Arial
findfont: Generic family 'sans-serif' not found because none of the following families were found: Arial
findfont: Generic family 'sans-serif' not found because none of the following families were found: Arial
findfont: Generic family 'sans-serif' not found because none of the following families were found: Arial
findfont: Generic family 'sans-serif' not found because none of the following families were found: Arial
findfont: Generic family 'sans-serif' not found because none of the following families were found: Arial
findfont: Generic family 'sans-serif' not found because none of the following families were found: Arial
findfont: Generic family 'sans-serif' not found because none of the following families were found: Arial
findfont: Generic family 'sans-serif' not found because none of the following families were found: Arial
findfont: Generic family 'sans-serif' not found because none of the following families were found: Arial
findfont: Generic family 'sans-serif' not found because none of the following families were found: Arial
findfont: Generic family 'sans-serif' not found because none of the following families were found: Arial
findfont: Generic family 'sans-serif' not found because none of the following families were found: Arial
findfont: Generic family 'sans-serif' not found because none of the following families were found: Arial
findfont: Generic family 'sans-serif' not found because none of the following families were found: Arial
findfont: Generic family 'sans-serif' not found because none of the following families were found: Arial
findfont: Generic family 'sans-serif' not found because none of the following families were found: Arial
findfont: Generic family 'sans-serif' not found because none of the following families were found: Arial
findfont: Generic family 'sans-serif' not found because none of the following families were found: Arial
findfont: Generic family 'sans-serif' not found because none of the following families were found: Arial
findfont: Generic family 'sans-serif' not found because none of the following families were found: Arial
findfont: Generic family 'sans-serif' not found because none of the following families were found: Arial
findfont: Generic family 'sans-serif' not found because none of the following families were found: Arial
findfont: Generic family 'sans-serif' not found because none of the following families were found: Arial
findfont: Generic family 'sans-serif' not found because none of the following families were found: Arial
findfont: Generic family 'sans-serif' not found because none of the following families were found: Arial
findfont: Generic family 'sans-serif' not found because none of the following families were found: Arial
findfont: Generic family 'sans-serif' not found because none of the following families were found: Arial
findfont: Generic family 'sans-serif' not found because none of the following families were found: Arial
findfont: Generic family 'sans-serif' not found because none of the following families were found: Arial
findfont: Generic family 'sans-serif' not found because none of the following families were found: Arial
findfont: Generic family 'sans-serif' not found because none of the following families were found: Arial
findfont: Generic family 'sans-serif' not found because none of the following families were found: Arial
findfont: Generic family 'sans-serif' not found because none of the following families were found: Arial
findfont: Generic family 'sans-serif' not found because none of the following families were found: Arial
findfont: Generic family 'sans-serif' not found because none of the following families were found: Arial
findfont: Generic family 'sans-serif' not found because none of the following families were found: Arial
findfont: Generic family 'sans-serif' not found because none of the following families were found: Arial
findfont: Generic family 'sans-serif' not found because none of the following families were found: Arial
findfont: Generic family 'sans-serif' not found because none of the following families were found: Arial
findfont: Generic family 'sans-serif' not found because none of the following families were found: Arial
findfont: Generic family 'sans-serif' not found because none of the following families were found: Arial
findfont: Generic family 'sans-serif' not found because none of the following families were found: Arial
findfont: Generic family 'sans-serif' not found because none of the following families were found: Arial
findfont: Generic family 'sans-serif' not found because none of the following families were found: Arial
findfont: Generic family 'sans-serif' not found because none of the following families were found: Arial
findfont: Generic family 'sans-serif' not found because none of the following families were found: Arial
findfont: Generic family 'sans-serif' not found because none of the following families were found: Arial
findfont: Generic family 'sans-serif' not found because none of the following families were found: Arial
findfont: Generic family 'sans-serif' not found because none of the following families were found: Arial
findfont: Generic family 'sans-serif' not found because none of the following families were found: Arial
findfont: Generic family 'sans-serif' not found because none of the following families were found: Arial
findfont: Generic family 'sans-serif' not found because none of the following families were found: Arial
findfont: Generic family 'sans-serif' not found because none of the following families were found: Arial
findfont: Generic family 'sans-serif' not found because none of the following families were found: Arial
findfont: Generic family 'sans-serif' not found because none of the following families were found: Arial
findfont: Generic family 'sans-serif' not found because none of the following families were found: Arial
findfont: Generic family 'sans-serif' not found because none of the following families were found: Arial
findfont: Generic family 'sans-serif' not found because none of the following families were found: Arial
findfont: Generic family 'sans-serif' not found because none of the following families were found: Arial
findfont: Generic family 'sans-serif' not found because none of the following families were found: Arial
findfont: Generic family 'sans-serif' not found because none of the following families were found: Arial
findfont: Generic family 'sans-serif' not found because none of the following families were found: Arial
findfont: Generic family 'sans-serif' not found because none of the following families were found: Arial
findfont: Generic family 'sans-serif' not found because none of the following families were found: Arial
findfont: Generic family 'sans-serif' not found because none of the following families were found: Arial
findfont: Generic family 'sans-serif' not found because none of the following families were found: Arial
findfont: Generic family 'sans-serif' not found because none of the following families were found: Arial
findfont: Generic family 'sans-serif' not found because none of the following families were found: Arial
findfont: Generic family 'sans-serif' not found because none of the following families were found: Arial
findfont: Generic family 'sans-serif' not found because none of the following families were found: Arial
findfont: Generic family 'sans-serif' not found because none of the following families were found: Arial
findfont: Generic family 'sans-serif' not found because none of the following families were found: Arial
findfont: Generic family 'sans-serif' not found because none of the following families were found: Arial
findfont: Generic family 'sans-serif' not found because none of the following families were found: Arial
findfont: Generic family 'sans-serif' not found because none of the following families were found: Arial
findfont: Generic family 'sans-serif' not found because none of the following families were found: Arial
findfont: Generic family 'sans-serif' not found because none of the following families were found: Arial
findfont: Generic family 'sans-serif' not found because none of the following families were found: Arial
findfont: Generic family 'sans-serif' not found because none of the following families were found: Arial
findfont: Generic family 'sans-serif' not found because none of the following families were found: Arial
findfont: Generic family 'sans-serif' not found because none of the following families were found: Arial
findfont: Generic family 'sans-serif' not found because none of the following families were found: Arial
findfont: Generic family 'sans-serif' not found because none of the following families were found: Arial
findfont: Generic family 'sans-serif' not found because none of the following families were found: Arial
findfont: Generic family 'sans-serif' not found because none of the following families were found: Arial
findfont: Generic family 'sans-serif' not found because none of the following families were found: Arial
findfont: Generic family 'sans-serif' not found because none of the following families were found: Arial
findfont: Generic family 'sans-serif' not found because none of the following families were found: Arial
findfont: Generic family 'sans-serif' not found because none of the following families were found: Arial
findfont: Generic family 'sans-serif' not found because none of the following families were found: Arial
findfont: Generic family 'sans-serif' not found because none of the following families were found: Arial
findfont: Generic family 'sans-serif' not found because none of the following families were found: Arial
findfont: Generic family 'sans-serif' not found because none of the following families were found: Arial
findfont: Generic family 'sans-serif' not found because none of the following families were found: Arial
findfont: Generic family 'sans-serif' not found because none of the following families were found: Arial
findfont: Generic family 'sans-serif' not found because none of the following families were found: Arial
findfont: Generic family 'sans-serif' not found because none of the following families were found: Arial
findfont: Generic family 'sans-serif' not found because none of the following families were found: Arial
findfont: Generic family 'sans-serif' not found because none of the following families were found: Arial
findfont: Generic family 'sans-serif' not found because none of the following families were found: Arial
findfont: Generic family 'sans-serif' not found because none of the following families were found: Arial
findfont: Generic family 'sans-serif' not found because none of the following families were found: Arial
findfont: Generic family 'sans-serif' not found because none of the following families were found: Arial
findfont: Generic family 'sans-serif' not found because none of the following families were found: Arial
findfont: Generic family 'sans-serif' not found because none of the following families were found: Arial
findfont: Generic family 'sans-serif' not found because none of the following families were found: Arial
findfont: Generic family 'sans-serif' not found because none of the following families were found: Arial
findfont: Generic family 'sans-serif' not found because none of the following families were found: Arial
findfont: Generic family 'sans-serif' not found because none of the following families were found: Arial
findfont: Generic family 'sans-serif' not found because none of the following families were found: Arial
findfont: Generic family 'sans-serif' not found because none of the following families were found: Arial
findfont: Generic family 'sans-serif' not found because none of the following families were found: Arial
findfont: Generic family 'sans-serif' not found because none of the following families were found: Arial
findfont: Generic family 'sans-serif' not found because none of the following families were found: Arial
findfont: Generic family 'sans-serif' not found because none of the following families were found: Arial
findfont: Generic family 'sans-serif' not found because none of the following families were found: Arial
findfont: Generic family 'sans-serif' not found because none of the following families were found: Arial
findfont: Generic family 'sans-serif' not found because none of the following families were found: Arial
findfont: Generic family 'sans-serif' not found because none of the following families were found: Arial
findfont: Generic family 'sans-serif' not found because none of the following families were found: Arial
findfont: Generic family 'sans-serif' not found because none of the following families were found: Arial
findfont: Generic family 'sans-serif' not found because none of the following families were found: Arial
findfont: Generic family 'sans-serif' not found because none of the following families were found: Arial
findfont: Generic family 'sans-serif' not found because none of the following families were found: Arial
findfont: Generic family 'sans-serif' not found because none of the following families were found: Arial
/usr/local/usrapps/ddomlab/sdehgha2/pls-dataset-env/lib/python3.10/site-packages/skopt/optimizer/optimizer.py:517: UserWarning: The objective has been evaluated at point [0.1, 1, 50, True, 0.001, False] before, using random point [0.001312319190589489, 1, 77, True, 2.075844522992245e-05, False]
  warnings.warn(
/usr/local/usrapps/ddomlab/sdehgha2/pls-dataset-env/lib/python3.10/site-packages/skopt/optimizer/optimizer.py:517: UserWarning: The objective has been evaluated at point [0.1, 1, 2000, True, 0.001, False] before, using random point [0.00388030437032022, 1, 1211, True, 5.336875208245031e-05, False]
  warnings.warn(
/usr/local/usrapps/ddomlab/sdehgha2/pls-dataset-env/lib/python3.10/site-packages/skopt/optimizer/optimizer.py:517: UserWarning: The objective has been evaluated at point [0.1, 1, 2000, True, 0.001, False] before, using random point [0.0008179653690183683, 1, 655, True, 3.397750648376989e-05, False]
  warnings.warn(
/usr/local/usrapps/ddomlab/sdehgha2/pls-dataset-env/lib/python3.10/site-packages/skopt/optimizer/optimizer.py:517: UserWarning: The objective has been evaluated at point [0.1, 1, 2000, True, 1e-06, False] before, using random point [0.0011217317848879497, 1, 158, True, 9.183148193468959e-06, False]
  warnings.warn(
/usr/local/usrapps/ddomlab/sdehgha2/pls-dataset-env/lib/python3.10/site-packages/skopt/optimizer/optimizer.py:517: UserWarning: The objective has been evaluated at point [0.1, 1, 2000, True, 1e-06, False] before, using random point [0.001463948150829362, 1, 58, True, 4.917111782049682e-06, False]
  warnings.warn(
/usr/local/usrapps/ddomlab/sdehgha2/pls-dataset-env/lib/python3.10/site-packages/skopt/optimizer/optimizer.py:517: UserWarning: The objective has been evaluated at point [0.1, 1, 2000, True, 1e-06, False] before, using random point [0.0006096116950702183, 1, 73, True, 1.0878530736005373e-05, False]
  warnings.warn(
/usr/local/usrapps/ddomlab/sdehgha2/pls-dataset-env/lib/python3.10/site-packages/skopt/optimizer/optimizer.py:517: UserWarning: The objective has been evaluated at point [0.1, 1, 2000, True, 1e-06, False] before, using random point [0.00014594209105447373, 1, 97, True, 0.00010858619420586525, False]
  warnings.warn(
/usr/local/usrapps/ddomlab/sdehgha2/pls-dataset-env/lib/python3.10/site-packages/skopt/optimizer/optimizer.py:517: UserWarning: The objective has been evaluated at point [0.1, 1, 2000, True, 1e-06, False] before, using random point [0.0007969202679040701, 1, 85, True, 0.0006460822959256869, False]
  warnings.warn(
/usr/local/usrapps/ddomlab/sdehgha2/pls-dataset-env/lib/python3.10/site-packages/skopt/optimizer/optimizer.py:517: UserWarning: The objective has been evaluated at point [0.1, 1, 2000, True, 1e-06, False] before, using random point [0.026627701781420945, 1, 861, True, 4.727235549031084e-06, False]
  warnings.warn(
/usr/local/usrapps/ddomlab/sdehgha2/pls-dataset-env/lib/python3.10/site-packages/skopt/optimizer/optimizer.py:517: UserWarning: The objective has been evaluated at point [0.1, 1, 2000, True, 1e-06, False] before, using random point [0.0007803491636693451, 1, 129, True, 0.00010817325433886604, False]
  warnings.warn(
/usr/local/usrapps/ddomlab/sdehgha2/pls-dataset-env/lib/python3.10/site-packages/skopt/optimizer/optimizer.py:517: UserWarning: The objective has been evaluated at point [0.1, 1, 2000, True, 1e-06, False] before, using random point [0.0008241965951972926, 1, 212, True, 0.00023720069386872552, False]
  warnings.warn(
/usr/local/usrapps/ddomlab/sdehgha2/pls-dataset-env/lib/python3.10/site-packages/skopt/optimizer/optimizer.py:517: UserWarning: The objective has been evaluated at point [0.1, 1, 2000, True, 1e-06, False] before, using random point [0.00015499936999839348, 1, 895, True, 0.00017193285733090768, False]
  warnings.warn(
/usr/local/usrapps/ddomlab/sdehgha2/pls-dataset-env/lib/python3.10/site-packages/skopt/optimizer/optimizer.py:517: UserWarning: The objective has been evaluated at point [0.1, 1, 2000, True, 1e-06, False] before, using random point [0.00373253891845766, 1, 1609, True, 2.368681039622259e-05, False]
  warnings.warn(
/usr/local/usrapps/ddomlab/sdehgha2/pls-dataset-env/lib/python3.10/site-packages/skopt/optimizer/optimizer.py:517: UserWarning: The objective has been evaluated at point [0.1, 1, 2000, True, 1e-06, False] before, using random point [0.00012144804496155966, 1, 1998, True, 0.0004692508656116422, False]
  warnings.warn(
/usr/local/usrapps/ddomlab/sdehgha2/pls-dataset-env/lib/python3.10/site-packages/skopt/optimizer/optimizer.py:517: UserWarning: The objective has been evaluated at point [0.1, 1, 2000, True, 1e-06, False] before, using random point [0.0008434458007049109, 1, 160, True, 8.61405822207194e-05, False]
  warnings.warn(
/usr/local/usrapps/ddomlab/sdehgha2/pls-dataset-env/lib/python3.10/site-packages/skopt/optimizer/optimizer.py:517: UserWarning: The objective has been evaluated at point [0.1, 1, 2000, True, 1e-06, False] before, using random point [0.002892221195897241, 1, 55, True, 8.004026985014924e-06, False]
  warnings.warn(
/usr/local/usrapps/ddomlab/sdehgha2/pls-dataset-env/lib/python3.10/site-packages/skopt/optimizer/optimizer.py:517: UserWarning: The objective has been evaluated at point [0.1, 1, 2000, True, 1e-06, False] before, using random point [0.06715837872529572, 1, 1744, True, 0.0005019267446522377, False]
  warnings.warn(
/usr/local/usrapps/ddomlab/sdehgha2/pls-dataset-env/lib/python3.10/site-packages/skopt/optimizer/optimizer.py:517: UserWarning: The objective has been evaluated at point [0.1, 1, 2000, True, 1e-06, False] before, using random point [0.0047996912756746056, 1, 73, True, 5.340237887235552e-05, False]
  warnings.warn(
/usr/local/usrapps/ddomlab/sdehgha2/pls-dataset-env/lib/python3.10/site-packages/skopt/optimizer/optimizer.py:517: UserWarning: The objective has been evaluated at point [0.1, 1, 2000, True, 1e-06, False] before, using random point [0.00023947744614282186, 1, 384, True, 5.461549855311305e-05, False]
  warnings.warn(
/usr/local/usrapps/ddomlab/sdehgha2/pls-dataset-env/lib/python3.10/site-packages/skopt/optimizer/optimizer.py:517: UserWarning: The objective has been evaluated at point [0.1, 1, 2000, True, 1e-06, False] before, using random point [0.03337211807740813, 1, 1950, True, 0.00012629190717412122, False]
  warnings.warn(
/usr/local/usrapps/ddomlab/sdehgha2/pls-dataset-env/lib/python3.10/site-packages/skopt/optimizer/optimizer.py:517: UserWarning: The objective has been evaluated at point [0.1, 1, 2000, True, 1e-06, False] before, using random point [0.0004630420326253605, 1, 154, True, 0.0005556823496023869, False]
  warnings.warn(
/usr/local/usrapps/ddomlab/sdehgha2/pls-dataset-env/lib/python3.10/site-packages/skopt/optimizer/optimizer.py:517: UserWarning: The objective has been evaluated at point [0.1, 1, 2000, True, 1e-06, False] before, using random point [0.0008164068606089233, 1, 204, True, 0.00012551256886288243, False]
  warnings.warn(
/usr/local/usrapps/ddomlab/sdehgha2/pls-dataset-env/lib/python3.10/site-packages/skopt/optimizer/optimizer.py:517: UserWarning: The objective has been evaluated at point [0.1, 1, 2000, True, 1e-06, False] before, using random point [0.0036995303376640126, 1, 244, True, 5.516047322333215e-06, False]
  warnings.warn(
/usr/local/usrapps/ddomlab/sdehgha2/pls-dataset-env/lib/python3.10/site-packages/skopt/optimizer/optimizer.py:517: UserWarning: The objective has been evaluated at point [0.1, 1, 2000, True, 1e-06, False] before, using random point [0.00024676799262813464, 1, 89, True, 1.9047430570243545e-05, False]
  warnings.warn(
/usr/local/usrapps/ddomlab/sdehgha2/pls-dataset-env/lib/python3.10/site-packages/skopt/optimizer/optimizer.py:517: UserWarning: The objective has been evaluated at point [0.1, 1, 2000, True, 0.001, False] before, using random point [0.00015540232499270995, 1, 68, True, 2.250491521285756e-06, False]
  warnings.warn(
/usr/local/usrapps/ddomlab/sdehgha2/pls-dataset-env/lib/python3.10/site-packages/skopt/optimizer/optimizer.py:517: UserWarning: The objective has been evaluated at point [0.1, 1, 2000, True, 1e-06, False] before, using random point [0.00525949814301105, 1, 1884, True, 0.0004653773355468672, False]
  warnings.warn(
/usr/local/usrapps/ddomlab/sdehgha2/pls-dataset-env/lib/python3.10/site-packages/skopt/optimizer/optimizer.py:517: UserWarning: The objective has been evaluated at point [0.1, 1, 2000, True, 0.001, False] before, using random point [0.008283419842830465, 1, 77, True, 3.61509626399564e-06, False]
  warnings.warn(
