usage: train_numerical_only.py [-h] --target_features TARGET_FEATURES
                               --regressor_type
                               {RF,DT,MLR,SVR,XGBR,KNN,GPR,NGB,sklearn-GPR}
                               --numerical_feats {Mn (g/mol),Mw
                               (g/mol),PDI,Temperature SANS/SLS/DLS/SEC
                               (K),Concentration (mg/ml),solvent dP,polymer
                               dP,solvent dD,polymer dD,solvent dH,polymer
                               dH,Ra,abs(solvent dD - polymer dD),abs(solvent
                               dP - polymer dP),abs(solvent dH - polymer dH)}
                               [{Mn (g/mol),Mw (g/mol),PDI,Temperature SANS/SLS/DLS/SEC (K),Concentration (mg/ml),solvent dP,polymer dP,solvent dD,polymer dD,solvent dH,polymer dH,Ra,abs(solvent dD - polymer dD),abs(solvent dP - polymer dP),abs(solvent dH - polymer dH)} ...]
                               [--columns_to_impute [{Mn (g/mol),Mw (g/mol),PDI,Temperature SANS/SLS/DLS/SEC (K),Concentration (mg/ml),solvent dP,polymer dP,solvent dD,polymer dD,solvent dH,polymer dH,Ra} ...]]
                               [--imputer [{mean,median,most_frequent,distance KNN,None}]]
                               [--special_impute [{Mw (g/mol),None}]]
                               [--transform_type {Standard,Robust Scaler}]
                               [--kernel KERNEL]
train_numerical_only.py: error: argument --numerical_feats: invalid choice: 'concentration' (choose from 'Mn (g/mol)', 'Mw (g/mol)', 'PDI', 'Temperature SANS/SLS/DLS/SEC (K)', 'Concentration (mg/ml)', 'solvent dP', 'polymer dP', 'solvent dD', 'polymer dD', 'solvent dH', 'polymer dH', 'Ra', 'abs(solvent dD - polymer dD)', 'abs(solvent dP - polymer dP)', 'abs(solvent dH - polymer dH)')
usage: train_numerical_only.py [-h] --target_features TARGET_FEATURES
                               --regressor_type
                               {RF,DT,MLR,SVR,XGBR,KNN,GPR,NGB,sklearn-GPR}
                               --numerical_feats {Mn (g/mol),Mw
                               (g/mol),PDI,Temperature SANS/SLS/DLS/SEC
                               (K),Concentration (mg/ml),solvent dP,polymer
                               dP,solvent dD,polymer dD,solvent dH,polymer
                               dH,Ra,abs(solvent dD - polymer dD),abs(solvent
                               dP - polymer dP),abs(solvent dH - polymer dH)}
                               [{Mn (g/mol),Mw (g/mol),PDI,Temperature SANS/SLS/DLS/SEC (K),Concentration (mg/ml),solvent dP,polymer dP,solvent dD,polymer dD,solvent dH,polymer dH,Ra,abs(solvent dD - polymer dD),abs(solvent dP - polymer dP),abs(solvent dH - polymer dH)} ...]
                               [--columns_to_impute [{Mn (g/mol),Mw (g/mol),PDI,Temperature SANS/SLS/DLS/SEC (K),Concentration (mg/ml),solvent dP,polymer dP,solvent dD,polymer dD,solvent dH,polymer dH,Ra} ...]]
                               [--imputer [{mean,median,most_frequent,distance KNN,None}]]
                               [--special_impute [{Mw (g/mol),None}]]
                               [--transform_type {Standard,Robust Scaler}]
                               [--kernel KERNEL]
train_numerical_only.py: error: argument --numerical_feats: invalid choice: 'concentration' (choose from 'Mn (g/mol)', 'Mw (g/mol)', 'PDI', 'Temperature SANS/SLS/DLS/SEC (K)', 'Concentration (mg/ml)', 'solvent dP', 'polymer dP', 'solvent dD', 'polymer dD', 'solvent dH', 'polymer dH', 'Ra', 'abs(solvent dD - polymer dD)', 'abs(solvent dP - polymer dP)', 'abs(solvent dH - polymer dH)')
usage: train_numerical_only.py [-h] --target_features TARGET_FEATURES
                               --regressor_type
                               {RF,DT,MLR,SVR,XGBR,KNN,GPR,NGB,sklearn-GPR}
                               --numerical_feats {Mn (g/mol),Mw
                               (g/mol),PDI,Temperature SANS/SLS/DLS/SEC
                               (K),Concentration (mg/ml),solvent dP,polymer
                               dP,solvent dD,polymer dD,solvent dH,polymer
                               dH,Ra,abs(solvent dD - polymer dD),abs(solvent
                               dP - polymer dP),abs(solvent dH - polymer dH)}
                               [{Mn (g/mol),Mw (g/mol),PDI,Temperature SANS/SLS/DLS/SEC (K),Concentration (mg/ml),solvent dP,polymer dP,solvent dD,polymer dD,solvent dH,polymer dH,Ra,abs(solvent dD - polymer dD),abs(solvent dP - polymer dP),abs(solvent dH - polymer dH)} ...]
                               [--columns_to_impute [{Mn (g/mol),Mw (g/mol),PDI,Temperature SANS/SLS/DLS/SEC (K),Concentration (mg/ml),solvent dP,polymer dP,solvent dD,polymer dD,solvent dH,polymer dH,Ra} ...]]
                               [--imputer [{mean,median,most_frequent,distance KNN,None}]]
                               [--special_impute [{Mw (g/mol),None}]]
                               [--transform_type {Standard,Robust Scaler}]
                               [--kernel KERNEL]
train_numerical_only.py: error: argument --numerical_feats: invalid choice: 'concentration' (choose from 'Mn (g/mol)', 'Mw (g/mol)', 'PDI', 'Temperature SANS/SLS/DLS/SEC (K)', 'Concentration (mg/ml)', 'solvent dP', 'polymer dP', 'solvent dD', 'polymer dD', 'solvent dH', 'polymer dH', 'Ra', 'abs(solvent dD - polymer dD)', 'abs(solvent dP - polymer dP)', 'abs(solvent dH - polymer dH)')
/usr/local/usrapps/ddomlab/sdehgha2/pls-dataset-env/lib/python3.10/site-packages/skopt/optimizer/optimizer.py:517: UserWarning: The objective has been evaluated at point [None, 'sqrt', 0.99, 0.99, 50] before, using random point [None, 'log2', 0.6451445696035881, 0.09275113085044548, 68]
  warnings.warn(
/usr/local/usrapps/ddomlab/sdehgha2/pls-dataset-env/lib/python3.10/site-packages/skopt/optimizer/optimizer.py:517: UserWarning: The objective has been evaluated at point [None, 'sqrt', 0.99, 0.99, 50] before, using random point [None, 'sqrt', 0.32060222778635444, 0.892932095647164, 157]
  warnings.warn(
/usr/local/usrapps/ddomlab/sdehgha2/pls-dataset-env/lib/python3.10/site-packages/skopt/optimizer/optimizer.py:517: UserWarning: The objective has been evaluated at point [None, 'sqrt', 0.99, 0.05, 50] before, using random point [None, 'log2', 0.4235931206645987, 0.5538775136269797, 176]
  warnings.warn(
/usr/local/usrapps/ddomlab/sdehgha2/pls-dataset-env/lib/python3.10/site-packages/skopt/optimizer/optimizer.py:517: UserWarning: The objective has been evaluated at point [None, 'sqrt', 0.99, 0.05, 50] before, using random point [None, 'sqrt', 0.5677260024586812, 0.07286654643387756, 227]
  warnings.warn(
/usr/local/usrapps/ddomlab/sdehgha2/pls-dataset-env/lib/python3.10/site-packages/skopt/optimizer/optimizer.py:517: UserWarning: The objective has been evaluated at point [None, 'log2', 0.99, 0.05, 50] before, using random point [None, 'log2', 0.9506694257832914, 0.9840178003007299, 182]
  warnings.warn(
/usr/local/usrapps/ddomlab/sdehgha2/pls-dataset-env/lib/python3.10/site-packages/skopt/optimizer/optimizer.py:517: UserWarning: The objective has been evaluated at point [None, 'sqrt', 0.99, 0.05, 50] before, using random point [None, 'sqrt', 0.6826083068305756, 0.6586706971568489, 386]
  warnings.warn(
/usr/local/usrapps/ddomlab/sdehgha2/pls-dataset-env/lib/python3.10/site-packages/skopt/optimizer/optimizer.py:517: UserWarning: The objective has been evaluated at point [None, 'sqrt', 0.99, 0.05, 50] before, using random point [None, 'sqrt', 0.8563964363403621, 0.1978426796303815, 90]
  warnings.warn(
/usr/local/usrapps/ddomlab/sdehgha2/pls-dataset-env/lib/python3.10/site-packages/skopt/optimizer/optimizer.py:517: UserWarning: The objective has been evaluated at point [None, 'sqrt', 0.99, 0.05, 50] before, using random point [None, 'log2', 0.23167456232806782, 0.9124092650519039, 493]
  warnings.warn(
/usr/local/usrapps/ddomlab/sdehgha2/pls-dataset-env/lib/python3.10/site-packages/skopt/optimizer/optimizer.py:517: UserWarning: The objective has been evaluated at point [None, 'sqrt', 0.99, 0.05, 50] before, using random point [None, 'sqrt', 0.6254636425675725, 0.1675760942751522, 366]
  warnings.warn(
/usr/local/usrapps/ddomlab/sdehgha2/pls-dataset-env/lib/python3.10/site-packages/skopt/optimizer/optimizer.py:517: UserWarning: The objective has been evaluated at point [None, 'sqrt', 0.99, 0.05, 50] before, using random point [None, 'sqrt', 0.5776433438700064, 0.05888532864957279, 828]
  warnings.warn(
/usr/local/usrapps/ddomlab/sdehgha2/pls-dataset-env/lib/python3.10/site-packages/skopt/optimizer/optimizer.py:517: UserWarning: The objective has been evaluated at point [None, 'sqrt', 0.99, 0.05, 50] before, using random point [None, 'log2', 0.14512097854134975, 0.09579838756219444, 187]
  warnings.warn(
/usr/local/usrapps/ddomlab/sdehgha2/pls-dataset-env/lib/python3.10/site-packages/skopt/optimizer/optimizer.py:517: UserWarning: The objective has been evaluated at point [None, 'sqrt', 0.99, 0.05, 50] before, using random point [None, 'sqrt', 0.7571302739484828, 0.4353798772289895, 54]
  warnings.warn(
/usr/local/usrapps/ddomlab/sdehgha2/pls-dataset-env/lib/python3.10/site-packages/skopt/optimizer/optimizer.py:517: UserWarning: The objective has been evaluated at point [None, 'sqrt', 0.99, 0.05, 50] before, using random point [None, 'sqrt', 0.1032204811457067, 0.6580759836330243, 1906]
  warnings.warn(
/usr/local/usrapps/ddomlab/sdehgha2/pls-dataset-env/lib/python3.10/site-packages/skopt/optimizer/optimizer.py:517: UserWarning: The objective has been evaluated at point [None, 'sqrt', 0.99, 0.99, 50] before, using random point [None, 'sqrt', 0.3060613550222514, 0.11670412212533018, 427]
  warnings.warn(
/usr/local/usrapps/ddomlab/sdehgha2/pls-dataset-env/lib/python3.10/site-packages/skopt/optimizer/optimizer.py:517: UserWarning: The objective has been evaluated at point [None, 'log2', 0.99, 0.05, 2000] before, using random point [None, 'log2', 0.304016108907905, 0.47479063394357496, 189]
  warnings.warn(
/usr/local/usrapps/ddomlab/sdehgha2/pls-dataset-env/lib/python3.10/site-packages/skopt/optimizer/optimizer.py:517: UserWarning: The objective has been evaluated at point [None, 'sqrt', 0.99, 0.99, 2000] before, using random point [None, 'sqrt', 0.7060159860036791, 0.40551688932202634, 1204]
  warnings.warn(
/usr/local/usrapps/ddomlab/sdehgha2/pls-dataset-env/lib/python3.10/site-packages/skopt/optimizer/optimizer.py:517: UserWarning: The objective has been evaluated at point [None, 'sqrt', 0.99, 0.99, 2000] before, using random point [None, 'log2', 0.6285367335659691, 0.8594481903435588, 216]
  warnings.warn(
/usr/local/usrapps/ddomlab/sdehgha2/pls-dataset-env/lib/python3.10/site-packages/skopt/optimizer/optimizer.py:517: UserWarning: The objective has been evaluated at point [None, 'sqrt', 0.99, 0.05, 2000] before, using random point [None, 'log2', 0.7608614131514752, 0.8826759579022646, 57]
  warnings.warn(
/usr/local/usrapps/ddomlab/sdehgha2/pls-dataset-env/lib/python3.10/site-packages/skopt/optimizer/optimizer.py:517: UserWarning: The objective has been evaluated at point [None, 'sqrt', 0.99, 0.05, 50] before, using random point [None, 'sqrt', 0.0665852893109328, 0.6134435736074668, 1011]
  warnings.warn(
/usr/local/usrapps/ddomlab/sdehgha2/pls-dataset-env/lib/python3.10/site-packages/skopt/optimizer/optimizer.py:517: UserWarning: The objective has been evaluated at point [None, 'sqrt', 0.99, 0.05, 2000] before, using random point [None, 'sqrt', 0.27890048237954573, 0.3870907902522167, 51]
  warnings.warn(
/usr/local/usrapps/ddomlab/sdehgha2/pls-dataset-env/lib/python3.10/site-packages/skopt/optimizer/optimizer.py:517: UserWarning: The objective has been evaluated at point [None, 'log2', 0.99, 0.99, 2000] before, using random point [None, 'log2', 0.15847122890547716, 0.7039650496549297, 218]
  warnings.warn(
/usr/local/usrapps/ddomlab/sdehgha2/pls-dataset-env/lib/python3.10/site-packages/skopt/optimizer/optimizer.py:517: UserWarning: The objective has been evaluated at point [None, 'log2', 0.99, 0.99, 50] before, using random point [None, 'log2', 0.13244750904463698, 0.6246813184670503, 1242]
  warnings.warn(
/usr/local/usrapps/ddomlab/sdehgha2/pls-dataset-env/lib/python3.10/site-packages/skopt/optimizer/optimizer.py:517: UserWarning: The objective has been evaluated at point [None, 'log2', 0.99, 0.99, 50] before, using random point [None, 'log2', 0.6285367335659691, 0.8594481903435588, 216]
  warnings.warn(
/usr/local/usrapps/ddomlab/sdehgha2/pls-dataset-env/lib/python3.10/site-packages/skopt/optimizer/optimizer.py:517: UserWarning: The objective has been evaluated at point [None, 'log2', 0.99, 0.99, 50] before, using random point [None, 'log2', 0.7608614131514752, 0.8826759579022646, 57]
  warnings.warn(
/usr/local/usrapps/ddomlab/sdehgha2/pls-dataset-env/lib/python3.10/site-packages/skopt/optimizer/optimizer.py:517: UserWarning: The objective has been evaluated at point [None, 'log2', 0.99, 0.99, 50] before, using random point [None, 'sqrt', 0.5811229850663384, 0.702780690802663, 187]
  warnings.warn(
/usr/local/usrapps/ddomlab/sdehgha2/pls-dataset-env/lib/python3.10/site-packages/skopt/optimizer/optimizer.py:517: UserWarning: The objective has been evaluated at point [None, 'log2', 0.99, 0.99, 50] before, using random point [None, 'sqrt', 0.059947132458539304, 0.5541590019267051, 1982]
  warnings.warn(
/usr/local/usrapps/ddomlab/sdehgha2/pls-dataset-env/lib/python3.10/site-packages/skopt/optimizer/optimizer.py:517: UserWarning: The objective has been evaluated at point [None, 'sqrt', 0.99, 0.05, 50] before, using random point [None, 'sqrt', 0.7796641321923818, 0.7065110775416915, 510]
  warnings.warn(
/usr/local/usrapps/ddomlab/sdehgha2/pls-dataset-env/lib/python3.10/site-packages/skopt/optimizer/optimizer.py:517: UserWarning: The objective has been evaluated at point [None, 'log2', 0.99, 0.99, 50] before, using random point [None, 'log2', 0.9547593961720857, 0.5655906832746957, 1556]
  warnings.warn(
/usr/local/usrapps/ddomlab/sdehgha2/pls-dataset-env/lib/python3.10/site-packages/skopt/optimizer/optimizer.py:517: UserWarning: The objective has been evaluated at point [None, 'sqrt', 0.99, 0.99, 2000] before, using random point [None, 'log2', 0.31113944606419347, 0.3357373124183176, 275]
  warnings.warn(
/usr/local/usrapps/ddomlab/sdehgha2/pls-dataset-env/lib/python3.10/site-packages/skopt/optimizer/optimizer.py:517: UserWarning: The objective has been evaluated at point [None, 'log2', 0.99, 0.99, 50] before, using random point [None, 'log2', 0.13143103521798383, 0.8812693812069202, 481]
  warnings.warn(
/usr/local/usrapps/ddomlab/sdehgha2/pls-dataset-env/lib/python3.10/site-packages/skopt/optimizer/optimizer.py:517: UserWarning: The objective has been evaluated at point [None, 'sqrt', 0.99, 0.99, 50] before, using random point [None, 'sqrt', 0.9343511138079241, 0.5533888884485976, 395]
  warnings.warn(
/usr/local/usrapps/ddomlab/sdehgha2/pls-dataset-env/lib/python3.10/site-packages/skopt/optimizer/optimizer.py:517: UserWarning: The objective has been evaluated at point [None, 'sqrt', 0.99, 0.99, 2000] before, using random point [None, 'sqrt', 0.8918446562342829, 0.2855200087238091, 249]
  warnings.warn(
/usr/local/usrapps/ddomlab/sdehgha2/pls-dataset-env/lib/python3.10/site-packages/skopt/optimizer/optimizer.py:517: UserWarning: The objective has been evaluated at point [None, 'sqrt', 0.99, 0.99, 50] before, using random point [None, 'sqrt', 0.1520328310812082, 0.5710141790204359, 766]
  warnings.warn(
/usr/local/usrapps/ddomlab/sdehgha2/pls-dataset-env/lib/python3.10/site-packages/skopt/optimizer/optimizer.py:517: UserWarning: The objective has been evaluated at point [None, 'sqrt', 0.99, 0.99, 2000] before, using random point [None, 'log2', 0.9081821213227528, 0.31772065633631896, 263]
  warnings.warn(
/usr/local/usrapps/ddomlab/sdehgha2/pls-dataset-env/lib/python3.10/site-packages/skopt/optimizer/optimizer.py:517: UserWarning: The objective has been evaluated at point [None, 'log2', 0.99, 0.99, 50] before, using random point [None, 'sqrt', 0.18294227723868883, 0.3802919400302666, 373]
  warnings.warn(
/usr/local/usrapps/ddomlab/sdehgha2/pls-dataset-env/lib/python3.10/site-packages/skopt/optimizer/optimizer.py:517: UserWarning: The objective has been evaluated at point [None, 'log2', 0.99, 0.99, 50] before, using random point [None, 'log2', 0.3366213476228576, 0.7866663853176615, 1812]
  warnings.warn(
/usr/local/usrapps/ddomlab/sdehgha2/pls-dataset-env/lib/python3.10/site-packages/skopt/optimizer/optimizer.py:517: UserWarning: The objective has been evaluated at point [None, 'log2', 0.99, 0.05, 50] before, using random point [None, 'sqrt', 0.07043641390837133, 0.18530858466391242, 1333]
  warnings.warn(
/usr/local/usrapps/ddomlab/sdehgha2/pls-dataset-env/lib/python3.10/site-packages/skopt/optimizer/optimizer.py:517: UserWarning: The objective has been evaluated at point [None, 'log2', 0.99, 0.05, 50] before, using random point [None, 'sqrt', 0.33400163873240707, 0.3411817738651221, 362]
  warnings.warn(
/usr/local/usrapps/ddomlab/sdehgha2/pls-dataset-env/lib/python3.10/site-packages/skopt/optimizer/optimizer.py:517: UserWarning: The objective has been evaluated at point [None, 'log2', 0.99, 0.05, 50] before, using random point [None, 'sqrt', 0.16654335715487661, 0.19984964746562173, 174]
  warnings.warn(
Process LokyProcess-11:
Process LokyProcess-8:
Process LokyProcess-21:
Process LokyProcess-2:
Process LokyProcess-3:
Process LokyProcess-1:
Process LokyProcess-12:
Traceback (most recent call last):
  File "/usr/local/usrapps/ddomlab/sdehgha2/pls-dataset-env/lib/python3.10/site-packages/joblib/externals/loky/process_executor.py", line 426, in _process_worker
    call_item = call_queue.get(block=True, timeout=timeout)
  File "/usr/local/usrapps/ddomlab/sdehgha2/pls-dataset-env/lib/python3.10/multiprocessing/queues.py", line 108, in get
    if not self._rlock.acquire(block, timeout):
KeyboardInterrupt

During handling of the above exception, another exception occurred:

Traceback (most recent call last):
  File "/usr/local/usrapps/ddomlab/sdehgha2/pls-dataset-env/lib/python3.10/multiprocessing/process.py", line 314, in _bootstrap
    self.run()
Traceback (most recent call last):
  File "/usr/local/usrapps/ddomlab/sdehgha2/pls-dataset-env/lib/python3.10/multiprocessing/process.py", line 108, in run
    self._target(*self._args, **self._kwargs)
Traceback (most recent call last):
  File "/usr/local/usrapps/ddomlab/sdehgha2/pls-dataset-env/lib/python3.10/site-packages/joblib/externals/loky/process_executor.py", line 438, in _process_worker
    previous_tb = traceback.format_exc()
  File "/usr/local/usrapps/ddomlab/sdehgha2/pls-dataset-env/lib/python3.10/site-packages/joblib/externals/loky/process_executor.py", line 426, in _process_worker
    call_item = call_queue.get(block=True, timeout=timeout)
  File "/usr/local/usrapps/ddomlab/sdehgha2/pls-dataset-env/lib/python3.10/traceback.py", line 181, in format_exc
    def format_exc(limit=None, chain=True):
Traceback (most recent call last):
  File "/usr/local/usrapps/ddomlab/sdehgha2/pls-dataset-env/lib/python3.10/multiprocessing/queues.py", line 108, in get
    if not self._rlock.acquire(block, timeout):
  File "/usr/local/usrapps/ddomlab/sdehgha2/pls-dataset-env/lib/python3.10/site-packages/joblib/externals/loky/process_executor.py", line 426, in _process_worker
    call_item = call_queue.get(block=True, timeout=timeout)
KeyboardInterrupt
  File "/usr/local/usrapps/ddomlab/sdehgha2/pls-dataset-env/lib/python3.10/multiprocessing/queues.py", line 108, in get
    if not self._rlock.acquire(block, timeout):
KeyboardInterrupt
  File "/usr/local/usrapps/ddomlab/sdehgha2/pls-dataset-env/lib/python3.10/site-packages/joblib/externals/loky/process_executor.py", line 426, in _process_worker
    call_item = call_queue.get(block=True, timeout=timeout)
KeyboardInterrupt

During handling of the above exception, another exception occurred:

  File "/usr/local/usrapps/ddomlab/sdehgha2/pls-dataset-env/lib/python3.10/multiprocessing/queues.py", line 108, in get
    if not self._rlock.acquire(block, timeout):

During handling of the above exception, another exception occurred:

Traceback (most recent call last):
Traceback (most recent call last):
KeyboardInterrupt

During handling of the above exception, another exception occurred:

Traceback (most recent call last):
  File "/usr/local/usrapps/ddomlab/sdehgha2/pls-dataset-env/lib/python3.10/multiprocessing/process.py", line 314, in _bootstrap
    self.run()
  File "/usr/local/usrapps/ddomlab/sdehgha2/pls-dataset-env/lib/python3.10/multiprocessing/process.py", line 314, in _bootstrap
    self.run()
  File "/usr/local/usrapps/ddomlab/sdehgha2/pls-dataset-env/lib/python3.10/multiprocessing/process.py", line 108, in run
    self._target(*self._args, **self._kwargs)
  File "/usr/local/usrapps/ddomlab/sdehgha2/pls-dataset-env/lib/python3.10/multiprocessing/process.py", line 314, in _bootstrap
    self.run()
  File "/usr/local/usrapps/ddomlab/sdehgha2/pls-dataset-env/lib/python3.10/multiprocessing/process.py", line 108, in run
    self._target(*self._args, **self._kwargs)
  File "/usr/local/usrapps/ddomlab/sdehgha2/pls-dataset-env/lib/python3.10/site-packages/joblib/externals/loky/process_executor.py", line 438, in _process_worker
    previous_tb = traceback.format_exc()
  File "/usr/local/usrapps/ddomlab/sdehgha2/pls-dataset-env/lib/python3.10/site-packages/joblib/externals/loky/process_executor.py", line 438, in _process_worker
    previous_tb = traceback.format_exc()
  File "/usr/local/usrapps/ddomlab/sdehgha2/pls-dataset-env/lib/python3.10/traceback.py", line 181, in format_exc
    def format_exc(limit=None, chain=True):
  File "/usr/local/usrapps/ddomlab/sdehgha2/pls-dataset-env/lib/python3.10/multiprocessing/process.py", line 108, in run
    self._target(*self._args, **self._kwargs)
KeyboardInterrupt
  File "/usr/local/usrapps/ddomlab/sdehgha2/pls-dataset-env/lib/python3.10/traceback.py", line 183, in format_exc
    return "".join(format_exception(*sys.exc_info(), limit=limit, chain=chain))
  File "/usr/local/usrapps/ddomlab/sdehgha2/pls-dataset-env/lib/python3.10/site-packages/joblib/externals/loky/process_executor.py", line 438, in _process_worker
    previous_tb = traceback.format_exc()
  File "/usr/local/usrapps/ddomlab/sdehgha2/pls-dataset-env/lib/python3.10/traceback.py", line 135, in format_exception
    te = TracebackException(type(value), value, tb, limit=limit, compact=True)
  File "/usr/local/usrapps/ddomlab/sdehgha2/pls-dataset-env/lib/python3.10/traceback.py", line 181, in format_exc
    def format_exc(limit=None, chain=True):
  File "/usr/local/usrapps/ddomlab/sdehgha2/pls-dataset-env/lib/python3.10/traceback.py", line 502, in __init__
    self.stack = StackSummary.extract(
KeyboardInterrupt
  File "/usr/local/usrapps/ddomlab/sdehgha2/pls-dataset-env/lib/python3.10/traceback.py", line 376, in extract
    result.append(FrameSummary(
  File "/usr/local/usrapps/ddomlab/sdehgha2/pls-dataset-env/lib/python3.10/traceback.py", line 274, in __init__
    if lookup_line:
KeyboardInterrupt
Traceback (most recent call last):
  File "/usr/local/usrapps/ddomlab/sdehgha2/pls-dataset-env/lib/python3.10/site-packages/joblib/externals/loky/process_executor.py", line 426, in _process_worker
    call_item = call_queue.get(block=True, timeout=timeout)
  File "/usr/local/usrapps/ddomlab/sdehgha2/pls-dataset-env/lib/python3.10/multiprocessing/queues.py", line 108, in get
    if not self._rlock.acquire(block, timeout):
KeyboardInterrupt

During handling of the above exception, another exception occurred:

Traceback (most recent call last):
Traceback (most recent call last):
  File "/usr/local/usrapps/ddomlab/sdehgha2/pls-dataset-env/lib/python3.10/multiprocessing/process.py", line 314, in _bootstrap
    self.run()
  File "/usr/local/usrapps/ddomlab/sdehgha2/pls-dataset-env/lib/python3.10/multiprocessing/process.py", line 108, in run
    self._target(*self._args, **self._kwargs)
  File "/usr/local/usrapps/ddomlab/sdehgha2/pls-dataset-env/lib/python3.10/site-packages/joblib/externals/loky/process_executor.py", line 438, in _process_worker
    previous_tb = traceback.format_exc()
  File "/usr/local/usrapps/ddomlab/sdehgha2/pls-dataset-env/lib/python3.10/site-packages/joblib/externals/loky/process_executor.py", line 426, in _process_worker
    call_item = call_queue.get(block=True, timeout=timeout)
  File "/usr/local/usrapps/ddomlab/sdehgha2/pls-dataset-env/lib/python3.10/traceback.py", line 183, in format_exc
    return "".join(format_exception(*sys.exc_info(), limit=limit, chain=chain))
  File "/usr/local/usrapps/ddomlab/sdehgha2/pls-dataset-env/lib/python3.10/traceback.py", line 135, in format_exception
    te = TracebackException(type(value), value, tb, limit=limit, compact=True)
  File "/usr/local/usrapps/ddomlab/sdehgha2/pls-dataset-env/lib/python3.10/multiprocessing/queues.py", line 108, in get
    if not self._rlock.acquire(block, timeout):
  File "/usr/local/usrapps/ddomlab/sdehgha2/pls-dataset-env/lib/python3.10/traceback.py", line 502, in __init__
    self.stack = StackSummary.extract(
  File "/usr/local/usrapps/ddomlab/sdehgha2/pls-dataset-env/lib/python3.10/traceback.py", line 370, in extract
    linecache.lazycache(filename, f.f_globals)
KeyboardInterrupt
  File "/usr/local/usrapps/ddomlab/sdehgha2/pls-dataset-env/lib/python3.10/linecache.py", line 176, in lazycache
    get_source = getattr(loader, 'get_source', None)

During handling of the above exception, another exception occurred:

KeyboardInterrupt
Traceback (most recent call last):
  File "/usr/local/usrapps/ddomlab/sdehgha2/pls-dataset-env/lib/python3.10/multiprocessing/process.py", line 314, in _bootstrap
    self.run()
  File "/usr/local/usrapps/ddomlab/sdehgha2/pls-dataset-env/lib/python3.10/multiprocessing/process.py", line 108, in run
    self._target(*self._args, **self._kwargs)
  File "/usr/local/usrapps/ddomlab/sdehgha2/pls-dataset-env/lib/python3.10/site-packages/joblib/externals/loky/process_executor.py", line 438, in _process_worker
    previous_tb = traceback.format_exc()
  File "/usr/local/usrapps/ddomlab/sdehgha2/pls-dataset-env/lib/python3.10/traceback.py", line 183, in format_exc
    return "".join(format_exception(*sys.exc_info(), limit=limit, chain=chain))
  File "/usr/local/usrapps/ddomlab/sdehgha2/pls-dataset-env/lib/python3.10/traceback.py", line 135, in format_exception
    te = TracebackException(type(value), value, tb, limit=limit, compact=True)
  File "/usr/local/usrapps/ddomlab/sdehgha2/pls-dataset-env/lib/python3.10/traceback.py", line 502, in __init__
    self.stack = StackSummary.extract(
  File "/usr/local/usrapps/ddomlab/sdehgha2/pls-dataset-env/lib/python3.10/traceback.py", line 370, in extract
    linecache.lazycache(filename, f.f_globals)
  File "/usr/local/usrapps/ddomlab/sdehgha2/pls-dataset-env/lib/python3.10/linecache.py", line 147, in lazycache
    def lazycache(filename, module_globals):
KeyboardInterrupt
Traceback (most recent call last):
  File "/gpfs_common/share03/ddomlab/sdehgha2/working-space/main/P1_pls-dataset/pls-dataset-space/PLS-Dataset/code_/training/hpc_submit_training_Rh/../train_numerical_only.py", line 163, in <module>
    main_numerical_only(
  File "/gpfs_common/share03/ddomlab/sdehgha2/working-space/main/P1_pls-dataset/pls-dataset-space/PLS-Dataset/code_/training/hpc_submit_training_Rh/../train_numerical_only.py", line 36, in main_numerical_only
    scores, predictions,data_shapes  = train_regressor(
  File "/gpfs_common/share03/ddomlab/sdehgha2/working-space/main/P1_pls-dataset/pls-dataset-space/PLS-Dataset/code_/training/training_utils.py", line 67, in train_regressor
    scores, predictions, data_shape = _prepare_data(
  File "/gpfs_common/share03/ddomlab/sdehgha2/working-space/main/P1_pls-dataset/pls-dataset-space/PLS-Dataset/code_/training/training_utils.py", line 137, in _prepare_data
    score,predication= run(
  File "/gpfs_common/share03/ddomlab/sdehgha2/working-space/main/P1_pls-dataset/pls-dataset-space/PLS-Dataset/code_/training/training_utils.py", line 199, in run
    best_estimator, regressor_params = _optimize_hyperparams(
  File "/gpfs_common/share03/ddomlab/sdehgha2/working-space/main/P1_pls-dataset/pls-dataset-space/PLS-Dataset/code_/training/training_utils.py", line 265, in _optimize_hyperparams
    bayes.fit(X_train, y_train)
  File "/usr/local/usrapps/ddomlab/sdehgha2/pls-dataset-env/lib/python3.10/site-packages/skopt/searchcv.py", line 542, in fit
    super().fit(X=X, y=y, groups=groups, **fit_params)
  File "/usr/local/usrapps/ddomlab/sdehgha2/pls-dataset-env/lib/python3.10/site-packages/sklearn/base.py", line 1473, in wrapper
    return fit_method(estimator, *args, **kwargs)
  File "/usr/local/usrapps/ddomlab/sdehgha2/pls-dataset-env/lib/python3.10/site-packages/sklearn/model_selection/_search.py", line 1019, in fit
    self._run_search(evaluate_candidates)
  File "/usr/local/usrapps/ddomlab/sdehgha2/pls-dataset-env/lib/python3.10/site-packages/skopt/searchcv.py", line 599, in _run_search
    optim_result, score_name = self._step(
  File "/usr/local/usrapps/ddomlab/sdehgha2/pls-dataset-env/lib/python3.10/site-packages/skopt/searchcv.py", line 453, in _step
    all_results = evaluate_candidates(params_dict)
  File "/usr/local/usrapps/ddomlab/sdehgha2/pls-dataset-env/lib/python3.10/site-packages/sklearn/model_selection/_search.py", line 965, in evaluate_candidates
    out = parallel(
  File "/usr/local/usrapps/ddomlab/sdehgha2/pls-dataset-env/lib/python3.10/site-packages/sklearn/utils/parallel.py", line 74, in __call__
    return super().__call__(iterable_with_config)
  File "/usr/local/usrapps/ddomlab/sdehgha2/pls-dataset-env/lib/python3.10/site-packages/joblib/parallel.py", line 2007, in __call__
    return output if self.return_generator else list(output)
  File "/usr/local/usrapps/ddomlab/sdehgha2/pls-dataset-env/lib/python3.10/site-packages/joblib/parallel.py", line 1650, in _get_outputs
    yield from self._retrieve()
  File "/usr/local/usrapps/ddomlab/sdehgha2/pls-dataset-env/lib/python3.10/site-packages/joblib/parallel.py", line 1762, in _retrieve
    time.sleep(0.01)
KeyboardInterrupt
