usage: train_structure_only.py mordred [-h] [--regressor_type REGRESSOR_TYPE]
                                       [--target TARGET]
                                       [--oligo_type {Monomer,Dimer,Trimer,RRU Monomer,RRU Dimer,RRU Trimer}]
train_structure_only.py mordred: error: argument --oligo_type: invalid choice: 'RRU' (choose from 'Monomer', 'Dimer', 'Trimer', 'RRU Monomer', 'RRU Dimer', 'RRU Trimer')
/usr/local/usrapps/ddomlab/sdehgha2/pls-dataset-env/lib/python3.10/site-packages/scipy/stats/_continuous_distns.py:365: RuntimeWarning: overflow encountered in square
  return -x**2 / 2.0 - _norm_pdf_logC
/usr/local/usrapps/ddomlab/sdehgha2/pls-dataset-env/lib/python3.10/site-packages/scipy/stats/_continuous_distns.py:365: RuntimeWarning: overflow encountered in square
  return -x**2 / 2.0 - _norm_pdf_logC
/usr/local/usrapps/ddomlab/sdehgha2/pls-dataset-env/lib/python3.10/site-packages/ngboost/distns/normal.py:16: RuntimeWarning: invalid value encountered in divide
  D[:, 0] = (self.loc - Y) / self.var
/usr/local/usrapps/ddomlab/sdehgha2/pls-dataset-env/lib/python3.10/site-packages/ngboost/distns/normal.py:17: RuntimeWarning: invalid value encountered in divide
  D[:, 1] = 1 - ((self.loc - Y) ** 2) / self.var
/usr/local/usrapps/ddomlab/sdehgha2/pls-dataset-env/lib/python3.10/site-packages/ngboost/distns/normal.py:22: RuntimeWarning: divide by zero encountered in divide
  FI[:, 0, 0] = 1 / self.var
joblib.externals.loky.process_executor._RemoteTraceback: 
"""
Traceback (most recent call last):
  File "/usr/local/usrapps/ddomlab/sdehgha2/pls-dataset-env/lib/python3.10/site-packages/joblib/externals/loky/process_executor.py", line 463, in _process_worker
    r = call_item()
  File "/usr/local/usrapps/ddomlab/sdehgha2/pls-dataset-env/lib/python3.10/site-packages/joblib/externals/loky/process_executor.py", line 291, in __call__
    return self.fn(*self.args, **self.kwargs)
  File "/usr/local/usrapps/ddomlab/sdehgha2/pls-dataset-env/lib/python3.10/site-packages/joblib/parallel.py", line 598, in __call__
    return [func(*args, **kwargs)
  File "/usr/local/usrapps/ddomlab/sdehgha2/pls-dataset-env/lib/python3.10/site-packages/joblib/parallel.py", line 598, in <listcomp>
    return [func(*args, **kwargs)
  File "/usr/local/usrapps/ddomlab/sdehgha2/pls-dataset-env/lib/python3.10/site-packages/sklearn/utils/parallel.py", line 136, in __call__
    return self.function(*args, **kwargs)
  File "/usr/local/usrapps/ddomlab/sdehgha2/pls-dataset-env/lib/python3.10/site-packages/sklearn/model_selection/_validation.py", line 888, in _fit_and_score
    estimator.fit(X_train, y_train, **fit_params)
  File "/usr/local/usrapps/ddomlab/sdehgha2/pls-dataset-env/lib/python3.10/site-packages/sklearn/base.py", line 1473, in wrapper
    return fit_method(estimator, *args, **kwargs)
  File "/usr/local/usrapps/ddomlab/sdehgha2/pls-dataset-env/lib/python3.10/site-packages/sklearn/pipeline.py", line 473, in fit
    self._final_estimator.fit(Xt, y, **last_step_params["fit"])
  File "/usr/local/usrapps/ddomlab/sdehgha2/pls-dataset-env/lib/python3.10/site-packages/sklearn/base.py", line 1473, in wrapper
    return fit_method(estimator, *args, **kwargs)
  File "/usr/local/usrapps/ddomlab/sdehgha2/pls-dataset-env/lib/python3.10/site-packages/sklearn/compose/_target.py", line 288, in fit
    self.regressor_.fit(X, y_trans, **fit_params)
  File "/usr/local/usrapps/ddomlab/sdehgha2/pls-dataset-env/lib/python3.10/site-packages/ngboost/ngboost.py", line 250, in fit
    return self.partial_fit(
  File "/usr/local/usrapps/ddomlab/sdehgha2/pls-dataset-env/lib/python3.10/site-packages/ngboost/ngboost.py", line 385, in partial_fit
    proj_grad = self.fit_base(X_batch, grads, weight_batch)
  File "/usr/local/usrapps/ddomlab/sdehgha2/pls-dataset-env/lib/python3.10/site-packages/ngboost/ngboost.py", line 166, in fit_base
    models = [clone(self.Base).fit(X, g) for g in grads.T]
  File "/usr/local/usrapps/ddomlab/sdehgha2/pls-dataset-env/lib/python3.10/site-packages/ngboost/ngboost.py", line 166, in <listcomp>
    models = [clone(self.Base).fit(X, g) for g in grads.T]
  File "/usr/local/usrapps/ddomlab/sdehgha2/pls-dataset-env/lib/python3.10/site-packages/sklearn/base.py", line 1473, in wrapper
    return fit_method(estimator, *args, **kwargs)
  File "/usr/local/usrapps/ddomlab/sdehgha2/pls-dataset-env/lib/python3.10/site-packages/sklearn/tree/_classes.py", line 1377, in fit
    super()._fit(
  File "/usr/local/usrapps/ddomlab/sdehgha2/pls-dataset-env/lib/python3.10/site-packages/sklearn/tree/_classes.py", line 252, in _fit
    X, y = self._validate_data(
  File "/usr/local/usrapps/ddomlab/sdehgha2/pls-dataset-env/lib/python3.10/site-packages/sklearn/base.py", line 648, in _validate_data
    y = check_array(y, input_name="y", **check_y_params)
  File "/usr/local/usrapps/ddomlab/sdehgha2/pls-dataset-env/lib/python3.10/site-packages/sklearn/utils/validation.py", line 1064, in check_array
    _assert_all_finite(
  File "/usr/local/usrapps/ddomlab/sdehgha2/pls-dataset-env/lib/python3.10/site-packages/sklearn/utils/validation.py", line 123, in _assert_all_finite
    _assert_all_finite_element_wise(
  File "/usr/local/usrapps/ddomlab/sdehgha2/pls-dataset-env/lib/python3.10/site-packages/sklearn/utils/validation.py", line 172, in _assert_all_finite_element_wise
    raise ValueError(msg_err)
ValueError: Input y contains NaN.
"""

The above exception was the direct cause of the following exception:

Traceback (most recent call last):
  File "/gpfs_common/share03/ddomlab/sdehgha2/working-space/main/P1_pls-dataset/pls-dataset-space/PLS-Dataset/code_/training/train_structure_only.py", line 270, in <module>
    main()
  File "/gpfs_common/share03/ddomlab/sdehgha2/working-space/main/P1_pls-dataset/pls-dataset-space/PLS-Dataset/code_/training/train_structure_only.py", line 267, in main
    perform_model_mordred(args.regressor_type, args.target, args.oligo_type)
  File "/gpfs_common/share03/ddomlab/sdehgha2/working-space/main/P1_pls-dataset/pls-dataset-space/PLS-Dataset/code_/training/train_structure_only.py", line 210, in perform_model_mordred
    main_Mordred_only(
  File "/gpfs_common/share03/ddomlab/sdehgha2/working-space/main/P1_pls-dataset/pls-dataset-space/PLS-Dataset/code_/training/train_structure_only.py", line 141, in main_Mordred_only
    scores, predictions, data_shapes  = train_regressor(
  File "/gpfs_common/share03/ddomlab/sdehgha2/working-space/main/P1_pls-dataset/pls-dataset-space/PLS-Dataset/code_/training/training_utils.py", line 97, in train_regressor
    scores, predictions, data_shape = _prepare_data(
  File "/gpfs_common/share03/ddomlab/sdehgha2/working-space/main/P1_pls-dataset/pls-dataset-space/PLS-Dataset/code_/training/training_utils.py", line 167, in _prepare_data
    score,predication= run(
  File "/gpfs_common/share03/ddomlab/sdehgha2/working-space/main/P1_pls-dataset/pls-dataset-space/PLS-Dataset/code_/training/training_utils.py", line 206, in run
    best_estimator, regressor_params = _optimize_hyperparams(
  File "/gpfs_common/share03/ddomlab/sdehgha2/working-space/main/P1_pls-dataset/pls-dataset-space/PLS-Dataset/code_/training/training_utils.py", line 271, in _optimize_hyperparams
    bayes.fit(X_train, y_train)
  File "/usr/local/usrapps/ddomlab/sdehgha2/pls-dataset-env/lib/python3.10/site-packages/skopt/searchcv.py", line 542, in fit
    super().fit(X=X, y=y, groups=groups, **fit_params)
  File "/usr/local/usrapps/ddomlab/sdehgha2/pls-dataset-env/lib/python3.10/site-packages/sklearn/base.py", line 1473, in wrapper
    return fit_method(estimator, *args, **kwargs)
  File "/usr/local/usrapps/ddomlab/sdehgha2/pls-dataset-env/lib/python3.10/site-packages/sklearn/model_selection/_search.py", line 1019, in fit
    self._run_search(evaluate_candidates)
  File "/usr/local/usrapps/ddomlab/sdehgha2/pls-dataset-env/lib/python3.10/site-packages/skopt/searchcv.py", line 599, in _run_search
    optim_result, score_name = self._step(
  File "/usr/local/usrapps/ddomlab/sdehgha2/pls-dataset-env/lib/python3.10/site-packages/skopt/searchcv.py", line 453, in _step
    all_results = evaluate_candidates(params_dict)
  File "/usr/local/usrapps/ddomlab/sdehgha2/pls-dataset-env/lib/python3.10/site-packages/sklearn/model_selection/_search.py", line 965, in evaluate_candidates
    out = parallel(
  File "/usr/local/usrapps/ddomlab/sdehgha2/pls-dataset-env/lib/python3.10/site-packages/sklearn/utils/parallel.py", line 74, in __call__
    return super().__call__(iterable_with_config)
  File "/usr/local/usrapps/ddomlab/sdehgha2/pls-dataset-env/lib/python3.10/site-packages/joblib/parallel.py", line 2007, in __call__
    return output if self.return_generator else list(output)
  File "/usr/local/usrapps/ddomlab/sdehgha2/pls-dataset-env/lib/python3.10/site-packages/joblib/parallel.py", line 1650, in _get_outputs
    yield from self._retrieve()
  File "/usr/local/usrapps/ddomlab/sdehgha2/pls-dataset-env/lib/python3.10/site-packages/joblib/parallel.py", line 1754, in _retrieve
    self._raise_error_fast()
  File "/usr/local/usrapps/ddomlab/sdehgha2/pls-dataset-env/lib/python3.10/site-packages/joblib/parallel.py", line 1789, in _raise_error_fast
    error_job.get_result(self.timeout)
  File "/usr/local/usrapps/ddomlab/sdehgha2/pls-dataset-env/lib/python3.10/site-packages/joblib/parallel.py", line 745, in get_result
    return self._return_or_raise()
  File "/usr/local/usrapps/ddomlab/sdehgha2/pls-dataset-env/lib/python3.10/site-packages/joblib/parallel.py", line 763, in _return_or_raise
    raise self._result
ValueError: Input y contains NaN.
/usr/local/usrapps/ddomlab/sdehgha2/pls-dataset-env/lib/python3.10/site-packages/ngboost/distns/normal.py:22: RuntimeWarning: overflow encountered in divide
  FI[:, 0, 0] = 1 / self.var
/usr/local/usrapps/ddomlab/sdehgha2/pls-dataset-env/lib/python3.10/site-packages/ngboost/distns/normal.py:22: RuntimeWarning: overflow encountered in divide
  FI[:, 0, 0] = 1 / self.var
/usr/local/usrapps/ddomlab/sdehgha2/pls-dataset-env/lib/python3.10/site-packages/ngboost/distns/normal.py:22: RuntimeWarning: overflow encountered in divide
  FI[:, 0, 0] = 1 / self.var
/usr/local/usrapps/ddomlab/sdehgha2/pls-dataset-env/lib/python3.10/site-packages/ngboost/distns/normal.py:22: RuntimeWarning: overflow encountered in divide
  FI[:, 0, 0] = 1 / self.var
/usr/local/usrapps/ddomlab/sdehgha2/pls-dataset-env/lib/python3.10/site-packages/ngboost/distns/normal.py:22: RuntimeWarning: overflow encountered in divide
  FI[:, 0, 0] = 1 / self.var
/usr/local/usrapps/ddomlab/sdehgha2/pls-dataset-env/lib/python3.10/site-packages/ngboost/distns/normal.py:22: RuntimeWarning: overflow encountered in divide
  FI[:, 0, 0] = 1 / self.var
/usr/local/usrapps/ddomlab/sdehgha2/pls-dataset-env/lib/python3.10/site-packages/ngboost/distns/normal.py:22: RuntimeWarning: overflow encountered in divide
  FI[:, 0, 0] = 1 / self.var
/usr/local/usrapps/ddomlab/sdehgha2/pls-dataset-env/lib/python3.10/site-packages/ngboost/distns/normal.py:22: RuntimeWarning: overflow encountered in divide
  FI[:, 0, 0] = 1 / self.var
/usr/local/usrapps/ddomlab/sdehgha2/pls-dataset-env/lib/python3.10/site-packages/ngboost/distns/normal.py:22: RuntimeWarning: overflow encountered in divide
  FI[:, 0, 0] = 1 / self.var
/usr/local/usrapps/ddomlab/sdehgha2/pls-dataset-env/lib/python3.10/site-packages/ngboost/distns/normal.py:22: RuntimeWarning: overflow encountered in divide
  FI[:, 0, 0] = 1 / self.var
/usr/local/usrapps/ddomlab/sdehgha2/pls-dataset-env/lib/python3.10/site-packages/ngboost/distns/normal.py:22: RuntimeWarning: overflow encountered in divide
  FI[:, 0, 0] = 1 / self.var
/usr/local/usrapps/ddomlab/sdehgha2/pls-dataset-env/lib/python3.10/site-packages/ngboost/distns/normal.py:22: RuntimeWarning: overflow encountered in divide
  FI[:, 0, 0] = 1 / self.var
/usr/local/usrapps/ddomlab/sdehgha2/pls-dataset-env/lib/python3.10/site-packages/ngboost/distns/normal.py:22: RuntimeWarning: overflow encountered in divide
  FI[:, 0, 0] = 1 / self.var
/usr/local/usrapps/ddomlab/sdehgha2/pls-dataset-env/lib/python3.10/site-packages/ngboost/distns/normal.py:22: RuntimeWarning: overflow encountered in divide
  FI[:, 0, 0] = 1 / self.var
/usr/local/usrapps/ddomlab/sdehgha2/pls-dataset-env/lib/python3.10/site-packages/ngboost/distns/normal.py:22: RuntimeWarning: overflow encountered in divide
  FI[:, 0, 0] = 1 / self.var
/usr/local/usrapps/ddomlab/sdehgha2/pls-dataset-env/lib/python3.10/site-packages/ngboost/distns/normal.py:22: RuntimeWarning: overflow encountered in divide
  FI[:, 0, 0] = 1 / self.var
/usr/local/usrapps/ddomlab/sdehgha2/pls-dataset-env/lib/python3.10/site-packages/ngboost/distns/normal.py:22: RuntimeWarning: overflow encountered in divide
  FI[:, 0, 0] = 1 / self.var
/usr/local/usrapps/ddomlab/sdehgha2/pls-dataset-env/lib/python3.10/site-packages/ngboost/distns/normal.py:22: RuntimeWarning: overflow encountered in divide
  FI[:, 0, 0] = 1 / self.var
/usr/local/usrapps/ddomlab/sdehgha2/pls-dataset-env/lib/python3.10/site-packages/ngboost/distns/normal.py:22: RuntimeWarning: overflow encountered in divide
  FI[:, 0, 0] = 1 / self.var
/usr/local/usrapps/ddomlab/sdehgha2/pls-dataset-env/lib/python3.10/site-packages/ngboost/distns/normal.py:22: RuntimeWarning: overflow encountered in divide
  FI[:, 0, 0] = 1 / self.var
/usr/local/usrapps/ddomlab/sdehgha2/pls-dataset-env/lib/python3.10/site-packages/ngboost/distns/normal.py:22: RuntimeWarning: overflow encountered in divide
  FI[:, 0, 0] = 1 / self.var
/usr/local/usrapps/ddomlab/sdehgha2/pls-dataset-env/lib/python3.10/site-packages/ngboost/distns/normal.py:22: RuntimeWarning: overflow encountered in divide
  FI[:, 0, 0] = 1 / self.var
/usr/local/usrapps/ddomlab/sdehgha2/pls-dataset-env/lib/python3.10/site-packages/ngboost/distns/normal.py:22: RuntimeWarning: overflow encountered in divide
  FI[:, 0, 0] = 1 / self.var
/usr/local/usrapps/ddomlab/sdehgha2/pls-dataset-env/lib/python3.10/site-packages/ngboost/distns/normal.py:22: RuntimeWarning: overflow encountered in divide
  FI[:, 0, 0] = 1 / self.var
/usr/local/usrapps/ddomlab/sdehgha2/pls-dataset-env/lib/python3.10/site-packages/ngboost/distns/normal.py:22: RuntimeWarning: overflow encountered in divide
  FI[:, 0, 0] = 1 / self.var
/usr/local/usrapps/ddomlab/sdehgha2/pls-dataset-env/lib/python3.10/site-packages/ngboost/distns/normal.py:22: RuntimeWarning: overflow encountered in divide
  FI[:, 0, 0] = 1 / self.var
/usr/local/usrapps/ddomlab/sdehgha2/pls-dataset-env/lib/python3.10/site-packages/ngboost/distns/normal.py:22: RuntimeWarning: overflow encountered in divide
  FI[:, 0, 0] = 1 / self.var
/usr/local/usrapps/ddomlab/sdehgha2/pls-dataset-env/lib/python3.10/site-packages/ngboost/distns/normal.py:22: RuntimeWarning: overflow encountered in divide
  FI[:, 0, 0] = 1 / self.var
/usr/local/usrapps/ddomlab/sdehgha2/pls-dataset-env/lib/python3.10/site-packages/ngboost/distns/normal.py:22: RuntimeWarning: overflow encountered in divide
  FI[:, 0, 0] = 1 / self.var
/usr/local/usrapps/ddomlab/sdehgha2/pls-dataset-env/lib/python3.10/site-packages/ngboost/distns/normal.py:22: RuntimeWarning: overflow encountered in divide
  FI[:, 0, 0] = 1 / self.var
/usr/local/usrapps/ddomlab/sdehgha2/pls-dataset-env/lib/python3.10/site-packages/ngboost/distns/normal.py:22: RuntimeWarning: overflow encountered in divide
  FI[:, 0, 0] = 1 / self.var
/usr/local/usrapps/ddomlab/sdehgha2/pls-dataset-env/lib/python3.10/site-packages/ngboost/distns/normal.py:22: RuntimeWarning: overflow encountered in divide
  FI[:, 0, 0] = 1 / self.var
/usr/local/usrapps/ddomlab/sdehgha2/pls-dataset-env/lib/python3.10/site-packages/ngboost/distns/normal.py:22: RuntimeWarning: overflow encountered in divide
  FI[:, 0, 0] = 1 / self.var
/usr/local/usrapps/ddomlab/sdehgha2/pls-dataset-env/lib/python3.10/site-packages/ngboost/distns/normal.py:22: RuntimeWarning: overflow encountered in divide
  FI[:, 0, 0] = 1 / self.var
/usr/local/usrapps/ddomlab/sdehgha2/pls-dataset-env/lib/python3.10/site-packages/ngboost/distns/normal.py:22: RuntimeWarning: overflow encountered in divide
  FI[:, 0, 0] = 1 / self.var
/usr/local/usrapps/ddomlab/sdehgha2/pls-dataset-env/lib/python3.10/site-packages/ngboost/distns/normal.py:22: RuntimeWarning: overflow encountered in divide
  FI[:, 0, 0] = 1 / self.var
/usr/local/usrapps/ddomlab/sdehgha2/pls-dataset-env/lib/python3.10/site-packages/ngboost/distns/normal.py:22: RuntimeWarning: overflow encountered in divide
  FI[:, 0, 0] = 1 / self.var
/usr/local/usrapps/ddomlab/sdehgha2/pls-dataset-env/lib/python3.10/site-packages/ngboost/distns/normal.py:22: RuntimeWarning: overflow encountered in divide
  FI[:, 0, 0] = 1 / self.var
/usr/local/usrapps/ddomlab/sdehgha2/pls-dataset-env/lib/python3.10/site-packages/ngboost/distns/normal.py:22: RuntimeWarning: overflow encountered in divide
  FI[:, 0, 0] = 1 / self.var
/usr/local/usrapps/ddomlab/sdehgha2/pls-dataset-env/lib/python3.10/site-packages/ngboost/distns/normal.py:22: RuntimeWarning: overflow encountered in divide
  FI[:, 0, 0] = 1 / self.var
/usr/local/usrapps/ddomlab/sdehgha2/pls-dataset-env/lib/python3.10/site-packages/ngboost/distns/normal.py:22: RuntimeWarning: overflow encountered in divide
  FI[:, 0, 0] = 1 / self.var
/usr/local/usrapps/ddomlab/sdehgha2/pls-dataset-env/lib/python3.10/site-packages/ngboost/distns/normal.py:22: RuntimeWarning: overflow encountered in divide
  FI[:, 0, 0] = 1 / self.var
/usr/local/usrapps/ddomlab/sdehgha2/pls-dataset-env/lib/python3.10/site-packages/ngboost/distns/normal.py:22: RuntimeWarning: overflow encountered in divide
  FI[:, 0, 0] = 1 / self.var
/usr/local/usrapps/ddomlab/sdehgha2/pls-dataset-env/lib/python3.10/site-packages/ngboost/distns/normal.py:22: RuntimeWarning: overflow encountered in divide
  FI[:, 0, 0] = 1 / self.var
/usr/local/usrapps/ddomlab/sdehgha2/pls-dataset-env/lib/python3.10/site-packages/ngboost/distns/normal.py:22: RuntimeWarning: overflow encountered in divide
  FI[:, 0, 0] = 1 / self.var
/usr/local/usrapps/ddomlab/sdehgha2/pls-dataset-env/lib/python3.10/site-packages/ngboost/distns/normal.py:22: RuntimeWarning: overflow encountered in divide
  FI[:, 0, 0] = 1 / self.var
/usr/local/usrapps/ddomlab/sdehgha2/pls-dataset-env/lib/python3.10/site-packages/ngboost/distns/normal.py:22: RuntimeWarning: overflow encountered in divide
  FI[:, 0, 0] = 1 / self.var
/usr/local/usrapps/ddomlab/sdehgha2/pls-dataset-env/lib/python3.10/site-packages/ngboost/distns/normal.py:22: RuntimeWarning: overflow encountered in divide
  FI[:, 0, 0] = 1 / self.var
/usr/local/usrapps/ddomlab/sdehgha2/pls-dataset-env/lib/python3.10/site-packages/ngboost/distns/normal.py:22: RuntimeWarning: overflow encountered in divide
  FI[:, 0, 0] = 1 / self.var
/usr/local/usrapps/ddomlab/sdehgha2/pls-dataset-env/lib/python3.10/site-packages/ngboost/distns/normal.py:22: RuntimeWarning: overflow encountered in divide
  FI[:, 0, 0] = 1 / self.var
/usr/local/usrapps/ddomlab/sdehgha2/pls-dataset-env/lib/python3.10/site-packages/ngboost/distns/normal.py:22: RuntimeWarning: overflow encountered in divide
  FI[:, 0, 0] = 1 / self.var
/usr/local/usrapps/ddomlab/sdehgha2/pls-dataset-env/lib/python3.10/site-packages/ngboost/distns/normal.py:22: RuntimeWarning: overflow encountered in divide
  FI[:, 0, 0] = 1 / self.var
/usr/local/usrapps/ddomlab/sdehgha2/pls-dataset-env/lib/python3.10/site-packages/ngboost/distns/normal.py:22: RuntimeWarning: overflow encountered in divide
  FI[:, 0, 0] = 1 / self.var
/usr/local/usrapps/ddomlab/sdehgha2/pls-dataset-env/lib/python3.10/site-packages/ngboost/distns/normal.py:22: RuntimeWarning: overflow encountered in divide
  FI[:, 0, 0] = 1 / self.var
/usr/local/usrapps/ddomlab/sdehgha2/pls-dataset-env/lib/python3.10/site-packages/ngboost/distns/normal.py:22: RuntimeWarning: overflow encountered in divide
  FI[:, 0, 0] = 1 / self.var
/usr/local/usrapps/ddomlab/sdehgha2/pls-dataset-env/lib/python3.10/site-packages/ngboost/distns/normal.py:22: RuntimeWarning: overflow encountered in divide
  FI[:, 0, 0] = 1 / self.var
/usr/local/usrapps/ddomlab/sdehgha2/pls-dataset-env/lib/python3.10/site-packages/ngboost/distns/normal.py:22: RuntimeWarning: overflow encountered in divide
  FI[:, 0, 0] = 1 / self.var
/usr/local/usrapps/ddomlab/sdehgha2/pls-dataset-env/lib/python3.10/site-packages/ngboost/distns/normal.py:22: RuntimeWarning: overflow encountered in divide
  FI[:, 0, 0] = 1 / self.var
/usr/local/usrapps/ddomlab/sdehgha2/pls-dataset-env/lib/python3.10/site-packages/ngboost/distns/normal.py:22: RuntimeWarning: overflow encountered in divide
  FI[:, 0, 0] = 1 / self.var
/usr/local/usrapps/ddomlab/sdehgha2/pls-dataset-env/lib/python3.10/site-packages/ngboost/distns/normal.py:22: RuntimeWarning: overflow encountered in divide
  FI[:, 0, 0] = 1 / self.var
/usr/local/usrapps/ddomlab/sdehgha2/pls-dataset-env/lib/python3.10/site-packages/ngboost/distns/normal.py:22: RuntimeWarning: overflow encountered in divide
  FI[:, 0, 0] = 1 / self.var
/usr/local/usrapps/ddomlab/sdehgha2/pls-dataset-env/lib/python3.10/site-packages/ngboost/distns/normal.py:22: RuntimeWarning: overflow encountered in divide
  FI[:, 0, 0] = 1 / self.var
/usr/local/usrapps/ddomlab/sdehgha2/pls-dataset-env/lib/python3.10/site-packages/ngboost/distns/normal.py:22: RuntimeWarning: overflow encountered in divide
  FI[:, 0, 0] = 1 / self.var
/usr/local/usrapps/ddomlab/sdehgha2/pls-dataset-env/lib/python3.10/site-packages/ngboost/distns/normal.py:22: RuntimeWarning: overflow encountered in divide
  FI[:, 0, 0] = 1 / self.var
/usr/local/usrapps/ddomlab/sdehgha2/pls-dataset-env/lib/python3.10/site-packages/ngboost/distns/normal.py:22: RuntimeWarning: overflow encountered in divide
  FI[:, 0, 0] = 1 / self.var
/usr/local/usrapps/ddomlab/sdehgha2/pls-dataset-env/lib/python3.10/site-packages/ngboost/distns/normal.py:22: RuntimeWarning: overflow encountered in divide
  FI[:, 0, 0] = 1 / self.var
/usr/local/usrapps/ddomlab/sdehgha2/pls-dataset-env/lib/python3.10/site-packages/ngboost/distns/normal.py:22: RuntimeWarning: overflow encountered in divide
  FI[:, 0, 0] = 1 / self.var
/usr/local/usrapps/ddomlab/sdehgha2/pls-dataset-env/lib/python3.10/site-packages/ngboost/distns/normal.py:22: RuntimeWarning: overflow encountered in divide
  FI[:, 0, 0] = 1 / self.var
/usr/local/usrapps/ddomlab/sdehgha2/pls-dataset-env/lib/python3.10/site-packages/ngboost/distns/normal.py:22: RuntimeWarning: overflow encountered in divide
  FI[:, 0, 0] = 1 / self.var
/usr/local/usrapps/ddomlab/sdehgha2/pls-dataset-env/lib/python3.10/site-packages/ngboost/distns/normal.py:22: RuntimeWarning: overflow encountered in divide
  FI[:, 0, 0] = 1 / self.var
/usr/local/usrapps/ddomlab/sdehgha2/pls-dataset-env/lib/python3.10/site-packages/ngboost/distns/normal.py:16: RuntimeWarning: invalid value encountered in divide
  D[:, 0] = (self.loc - Y) / self.var
/usr/local/usrapps/ddomlab/sdehgha2/pls-dataset-env/lib/python3.10/site-packages/ngboost/distns/normal.py:17: RuntimeWarning: invalid value encountered in divide
  D[:, 1] = 1 - ((self.loc - Y) ** 2) / self.var
/usr/local/usrapps/ddomlab/sdehgha2/pls-dataset-env/lib/python3.10/site-packages/ngboost/distns/normal.py:22: RuntimeWarning: divide by zero encountered in divide
  FI[:, 0, 0] = 1 / self.var
/usr/local/usrapps/ddomlab/sdehgha2/pls-dataset-env/lib/python3.10/site-packages/ngboost/distns/normal.py:22: RuntimeWarning: overflow encountered in divide
  FI[:, 0, 0] = 1 / self.var
joblib.externals.loky.process_executor._RemoteTraceback: 
"""
Traceback (most recent call last):
  File "/usr/local/usrapps/ddomlab/sdehgha2/pls-dataset-env/lib/python3.10/site-packages/joblib/externals/loky/process_executor.py", line 463, in _process_worker
    r = call_item()
  File "/usr/local/usrapps/ddomlab/sdehgha2/pls-dataset-env/lib/python3.10/site-packages/joblib/externals/loky/process_executor.py", line 291, in __call__
    return self.fn(*self.args, **self.kwargs)
  File "/usr/local/usrapps/ddomlab/sdehgha2/pls-dataset-env/lib/python3.10/site-packages/joblib/parallel.py", line 598, in __call__
    return [func(*args, **kwargs)
  File "/usr/local/usrapps/ddomlab/sdehgha2/pls-dataset-env/lib/python3.10/site-packages/joblib/parallel.py", line 598, in <listcomp>
    return [func(*args, **kwargs)
  File "/usr/local/usrapps/ddomlab/sdehgha2/pls-dataset-env/lib/python3.10/site-packages/sklearn/utils/parallel.py", line 136, in __call__
    return self.function(*args, **kwargs)
  File "/usr/local/usrapps/ddomlab/sdehgha2/pls-dataset-env/lib/python3.10/site-packages/sklearn/model_selection/_validation.py", line 888, in _fit_and_score
    estimator.fit(X_train, y_train, **fit_params)
  File "/usr/local/usrapps/ddomlab/sdehgha2/pls-dataset-env/lib/python3.10/site-packages/sklearn/base.py", line 1473, in wrapper
    return fit_method(estimator, *args, **kwargs)
  File "/usr/local/usrapps/ddomlab/sdehgha2/pls-dataset-env/lib/python3.10/site-packages/sklearn/pipeline.py", line 473, in fit
    self._final_estimator.fit(Xt, y, **last_step_params["fit"])
  File "/usr/local/usrapps/ddomlab/sdehgha2/pls-dataset-env/lib/python3.10/site-packages/sklearn/base.py", line 1473, in wrapper
    return fit_method(estimator, *args, **kwargs)
  File "/usr/local/usrapps/ddomlab/sdehgha2/pls-dataset-env/lib/python3.10/site-packages/sklearn/compose/_target.py", line 288, in fit
    self.regressor_.fit(X, y_trans, **fit_params)
  File "/usr/local/usrapps/ddomlab/sdehgha2/pls-dataset-env/lib/python3.10/site-packages/ngboost/ngboost.py", line 250, in fit
    return self.partial_fit(
  File "/usr/local/usrapps/ddomlab/sdehgha2/pls-dataset-env/lib/python3.10/site-packages/ngboost/ngboost.py", line 385, in partial_fit
    proj_grad = self.fit_base(X_batch, grads, weight_batch)
  File "/usr/local/usrapps/ddomlab/sdehgha2/pls-dataset-env/lib/python3.10/site-packages/ngboost/ngboost.py", line 166, in fit_base
    models = [clone(self.Base).fit(X, g) for g in grads.T]
  File "/usr/local/usrapps/ddomlab/sdehgha2/pls-dataset-env/lib/python3.10/site-packages/ngboost/ngboost.py", line 166, in <listcomp>
    models = [clone(self.Base).fit(X, g) for g in grads.T]
  File "/usr/local/usrapps/ddomlab/sdehgha2/pls-dataset-env/lib/python3.10/site-packages/sklearn/base.py", line 1473, in wrapper
    return fit_method(estimator, *args, **kwargs)
  File "/usr/local/usrapps/ddomlab/sdehgha2/pls-dataset-env/lib/python3.10/site-packages/sklearn/tree/_classes.py", line 1377, in fit
    super()._fit(
  File "/usr/local/usrapps/ddomlab/sdehgha2/pls-dataset-env/lib/python3.10/site-packages/sklearn/tree/_classes.py", line 252, in _fit
    X, y = self._validate_data(
  File "/usr/local/usrapps/ddomlab/sdehgha2/pls-dataset-env/lib/python3.10/site-packages/sklearn/base.py", line 648, in _validate_data
    y = check_array(y, input_name="y", **check_y_params)
  File "/usr/local/usrapps/ddomlab/sdehgha2/pls-dataset-env/lib/python3.10/site-packages/sklearn/utils/validation.py", line 1064, in check_array
    _assert_all_finite(
  File "/usr/local/usrapps/ddomlab/sdehgha2/pls-dataset-env/lib/python3.10/site-packages/sklearn/utils/validation.py", line 123, in _assert_all_finite
    _assert_all_finite_element_wise(
  File "/usr/local/usrapps/ddomlab/sdehgha2/pls-dataset-env/lib/python3.10/site-packages/sklearn/utils/validation.py", line 172, in _assert_all_finite_element_wise
    raise ValueError(msg_err)
ValueError: Input y contains NaN.
"""

The above exception was the direct cause of the following exception:

Traceback (most recent call last):
  File "/gpfs_common/share03/ddomlab/sdehgha2/working-space/main/P1_pls-dataset/pls-dataset-space/PLS-Dataset/code_/training/train_structure_only.py", line 270, in <module>
    main()
  File "/gpfs_common/share03/ddomlab/sdehgha2/working-space/main/P1_pls-dataset/pls-dataset-space/PLS-Dataset/code_/training/train_structure_only.py", line 267, in main
    perform_model_mordred(args.regressor_type, args.target, args.oligo_type)
  File "/gpfs_common/share03/ddomlab/sdehgha2/working-space/main/P1_pls-dataset/pls-dataset-space/PLS-Dataset/code_/training/train_structure_only.py", line 210, in perform_model_mordred
    main_Mordred_only(
  File "/gpfs_common/share03/ddomlab/sdehgha2/working-space/main/P1_pls-dataset/pls-dataset-space/PLS-Dataset/code_/training/train_structure_only.py", line 141, in main_Mordred_only
    scores, predictions, data_shapes  = train_regressor(
  File "/gpfs_common/share03/ddomlab/sdehgha2/working-space/main/P1_pls-dataset/pls-dataset-space/PLS-Dataset/code_/training/training_utils.py", line 97, in train_regressor
    scores, predictions, data_shape = _prepare_data(
  File "/gpfs_common/share03/ddomlab/sdehgha2/working-space/main/P1_pls-dataset/pls-dataset-space/PLS-Dataset/code_/training/training_utils.py", line 167, in _prepare_data
    score,predication= run(
  File "/gpfs_common/share03/ddomlab/sdehgha2/working-space/main/P1_pls-dataset/pls-dataset-space/PLS-Dataset/code_/training/training_utils.py", line 206, in run
    best_estimator, regressor_params = _optimize_hyperparams(
  File "/gpfs_common/share03/ddomlab/sdehgha2/working-space/main/P1_pls-dataset/pls-dataset-space/PLS-Dataset/code_/training/training_utils.py", line 271, in _optimize_hyperparams
    bayes.fit(X_train, y_train)
  File "/usr/local/usrapps/ddomlab/sdehgha2/pls-dataset-env/lib/python3.10/site-packages/skopt/searchcv.py", line 542, in fit
    super().fit(X=X, y=y, groups=groups, **fit_params)
  File "/usr/local/usrapps/ddomlab/sdehgha2/pls-dataset-env/lib/python3.10/site-packages/sklearn/base.py", line 1473, in wrapper
    return fit_method(estimator, *args, **kwargs)
  File "/usr/local/usrapps/ddomlab/sdehgha2/pls-dataset-env/lib/python3.10/site-packages/sklearn/model_selection/_search.py", line 1019, in fit
    self._run_search(evaluate_candidates)
  File "/usr/local/usrapps/ddomlab/sdehgha2/pls-dataset-env/lib/python3.10/site-packages/skopt/searchcv.py", line 599, in _run_search
    optim_result, score_name = self._step(
  File "/usr/local/usrapps/ddomlab/sdehgha2/pls-dataset-env/lib/python3.10/site-packages/skopt/searchcv.py", line 453, in _step
    all_results = evaluate_candidates(params_dict)
  File "/usr/local/usrapps/ddomlab/sdehgha2/pls-dataset-env/lib/python3.10/site-packages/sklearn/model_selection/_search.py", line 965, in evaluate_candidates
    out = parallel(
  File "/usr/local/usrapps/ddomlab/sdehgha2/pls-dataset-env/lib/python3.10/site-packages/sklearn/utils/parallel.py", line 74, in __call__
    return super().__call__(iterable_with_config)
  File "/usr/local/usrapps/ddomlab/sdehgha2/pls-dataset-env/lib/python3.10/site-packages/joblib/parallel.py", line 2007, in __call__
    return output if self.return_generator else list(output)
  File "/usr/local/usrapps/ddomlab/sdehgha2/pls-dataset-env/lib/python3.10/site-packages/joblib/parallel.py", line 1650, in _get_outputs
    yield from self._retrieve()
  File "/usr/local/usrapps/ddomlab/sdehgha2/pls-dataset-env/lib/python3.10/site-packages/joblib/parallel.py", line 1754, in _retrieve
    self._raise_error_fast()
  File "/usr/local/usrapps/ddomlab/sdehgha2/pls-dataset-env/lib/python3.10/site-packages/joblib/parallel.py", line 1789, in _raise_error_fast
    error_job.get_result(self.timeout)
  File "/usr/local/usrapps/ddomlab/sdehgha2/pls-dataset-env/lib/python3.10/site-packages/joblib/parallel.py", line 745, in get_result
    return self._return_or_raise()
  File "/usr/local/usrapps/ddomlab/sdehgha2/pls-dataset-env/lib/python3.10/site-packages/joblib/parallel.py", line 763, in _return_or_raise
    raise self._result
ValueError: Input y contains NaN.
