joblib.externals.loky.process_executor._RemoteTraceback: 
"""
Traceback (most recent call last):
  File "/usr/local/usrapps/ddomlab/sdehgha2/pls-dataset-env/lib/python3.10/site-packages/joblib/externals/loky/process_executor.py", line 463, in _process_worker
    r = call_item()
  File "/usr/local/usrapps/ddomlab/sdehgha2/pls-dataset-env/lib/python3.10/site-packages/joblib/externals/loky/process_executor.py", line 291, in __call__
    return self.fn(*self.args, **self.kwargs)
  File "/usr/local/usrapps/ddomlab/sdehgha2/pls-dataset-env/lib/python3.10/site-packages/joblib/parallel.py", line 598, in __call__
    return [func(*args, **kwargs)
  File "/usr/local/usrapps/ddomlab/sdehgha2/pls-dataset-env/lib/python3.10/site-packages/joblib/parallel.py", line 598, in <listcomp>
    return [func(*args, **kwargs)
  File "/usr/local/usrapps/ddomlab/sdehgha2/pls-dataset-env/lib/python3.10/site-packages/sklearn/utils/parallel.py", line 136, in __call__
    return self.function(*args, **kwargs)
  File "/usr/local/usrapps/ddomlab/sdehgha2/pls-dataset-env/lib/python3.10/site-packages/sklearn/model_selection/_validation.py", line 888, in _fit_and_score
    estimator.fit(X_train, y_train, **fit_params)
  File "/usr/local/usrapps/ddomlab/sdehgha2/pls-dataset-env/lib/python3.10/site-packages/sklearn/base.py", line 1473, in wrapper
    return fit_method(estimator, *args, **kwargs)
  File "/usr/local/usrapps/ddomlab/sdehgha2/pls-dataset-env/lib/python3.10/site-packages/sklearn/pipeline.py", line 473, in fit
    self._final_estimator.fit(Xt, y, **last_step_params["fit"])
  File "/usr/local/usrapps/ddomlab/sdehgha2/pls-dataset-env/lib/python3.10/site-packages/sklearn/base.py", line 1473, in wrapper
    return fit_method(estimator, *args, **kwargs)
  File "/usr/local/usrapps/ddomlab/sdehgha2/pls-dataset-env/lib/python3.10/site-packages/sklearn/compose/_target.py", line 288, in fit
    self.regressor_.fit(X, y_trans, **fit_params)
  File "/usr/local/usrapps/ddomlab/sdehgha2/pls-dataset-env/lib/python3.10/site-packages/xgboost/core.py", line 726, in inner_f
    return func(**kwargs)
  File "/usr/local/usrapps/ddomlab/sdehgha2/pls-dataset-env/lib/python3.10/site-packages/xgboost/sklearn.py", line 1081, in fit
    train_dmatrix, evals = _wrap_evaluation_matrices(
  File "/usr/local/usrapps/ddomlab/sdehgha2/pls-dataset-env/lib/python3.10/site-packages/xgboost/sklearn.py", line 596, in _wrap_evaluation_matrices
    train_dmatrix = create_dmatrix(
  File "/usr/local/usrapps/ddomlab/sdehgha2/pls-dataset-env/lib/python3.10/site-packages/xgboost/sklearn.py", line 1003, in _create_dmatrix
    return QuantileDMatrix(
  File "/usr/local/usrapps/ddomlab/sdehgha2/pls-dataset-env/lib/python3.10/site-packages/xgboost/core.py", line 726, in inner_f
    return func(**kwargs)
  File "/usr/local/usrapps/ddomlab/sdehgha2/pls-dataset-env/lib/python3.10/site-packages/xgboost/core.py", line 1573, in __init__
    self._init(
  File "/usr/local/usrapps/ddomlab/sdehgha2/pls-dataset-env/lib/python3.10/site-packages/xgboost/core.py", line 1632, in _init
    it.reraise()
  File "/usr/local/usrapps/ddomlab/sdehgha2/pls-dataset-env/lib/python3.10/site-packages/xgboost/core.py", line 569, in reraise
    raise exc  # pylint: disable=raising-bad-type
  File "/usr/local/usrapps/ddomlab/sdehgha2/pls-dataset-env/lib/python3.10/site-packages/xgboost/core.py", line 550, in _handle_exception
    return fn()
  File "/usr/local/usrapps/ddomlab/sdehgha2/pls-dataset-env/lib/python3.10/site-packages/xgboost/core.py", line 637, in <lambda>
    return self._handle_exception(lambda: self.next(input_data), 0)
  File "/usr/local/usrapps/ddomlab/sdehgha2/pls-dataset-env/lib/python3.10/site-packages/xgboost/data.py", line 1416, in next
    input_data(**self.kwargs)
  File "/usr/local/usrapps/ddomlab/sdehgha2/pls-dataset-env/lib/python3.10/site-packages/xgboost/core.py", line 726, in inner_f
    return func(**kwargs)
  File "/usr/local/usrapps/ddomlab/sdehgha2/pls-dataset-env/lib/python3.10/site-packages/xgboost/core.py", line 617, in input_data
    new, cat_codes, feature_names, feature_types = _proxy_transform(
  File "/usr/local/usrapps/ddomlab/sdehgha2/pls-dataset-env/lib/python3.10/site-packages/xgboost/data.py", line 1459, in _proxy_transform
    df, feature_names, feature_types = _transform_pandas_df(
  File "/usr/local/usrapps/ddomlab/sdehgha2/pls-dataset-env/lib/python3.10/site-packages/xgboost/data.py", line 603, in _transform_pandas_df
    pandas_check_dtypes(data, enable_categorical)
  File "/usr/local/usrapps/ddomlab/sdehgha2/pls-dataset-env/lib/python3.10/site-packages/xgboost/data.py", line 569, in pandas_check_dtypes
    _invalid_dataframe_dtype(data)
  File "/usr/local/usrapps/ddomlab/sdehgha2/pls-dataset-env/lib/python3.10/site-packages/xgboost/data.py", line 356, in _invalid_dataframe_dtype
    raise ValueError(msg)
ValueError: DataFrame.dtypes for data must be int, float, bool or category. When categorical type is supplied, the experimental DMatrix parameter`enable_categorical` must be set to `True`.  Invalid columns:RRU Monomer_MACCS_bit1: object, RRU Monomer_MACCS_bit2: object, RRU Monomer_MACCS_bit3: object, RRU Monomer_MACCS_bit4: object, RRU Monomer_MACCS_bit5: object, RRU Monomer_MACCS_bit6: object, RRU Monomer_MACCS_bit7: object, RRU Monomer_MACCS_bit8: object, RRU Monomer_MACCS_bit9: object, RRU Monomer_MACCS_bit10: object, RRU Monomer_MACCS_bit11: object, RRU Monomer_MACCS_bit12: object, RRU Monomer_MACCS_bit13: object, RRU Monomer_MACCS_bit14: object, RRU Monomer_MACCS_bit15: object, RRU Monomer_MACCS_bit16: object, RRU Monomer_MACCS_bit17: object, RRU Monomer_MACCS_bit18: object, RRU Monomer_MACCS_bit19: object, RRU Monomer_MACCS_bit20: object, RRU Monomer_MACCS_bit21: object, RRU Monomer_MACCS_bit22: object, RRU Monomer_MACCS_bit23: object, RRU Monomer_MACCS_bit24: object, RRU Monomer_MACCS_bit25: object, RRU Monomer_MACCS_bit26: object, RRU Monomer_MACCS_bit27: object, RRU Monomer_MACCS_bit28: object, RRU Monomer_MACCS_bit29: object, RRU Monomer_MACCS_bit30: object, RRU Monomer_MACCS_bit31: object, RRU Monomer_MACCS_bit32: object, RRU Monomer_MACCS_bit33: object, RRU Monomer_MACCS_bit34: object, RRU Monomer_MACCS_bit35: object, RRU Monomer_MACCS_bit36: object, RRU Monomer_MACCS_bit37: object, RRU Monomer_MACCS_bit38: object, RRU Monomer_MACCS_bit39: object, RRU Monomer_MACCS_bit40: object, RRU Monomer_MACCS_bit41: object, RRU Monomer_MACCS_bit42: object, RRU Monomer_MACCS_bit43: object, RRU Monomer_MACCS_bit44: object, RRU Monomer_MACCS_bit45: object, RRU Monomer_MACCS_bit46: object, RRU Monomer_MACCS_bit47: object, RRU Monomer_MACCS_bit48: object, RRU Monomer_MACCS_bit49: object, RRU Monomer_MACCS_bit50: object, RRU Monomer_MACCS_bit51: object, RRU Monomer_MACCS_bit52: object, RRU Monomer_MACCS_bit53: object, RRU Monomer_MACCS_bit54: object, RRU Monomer_MACCS_bit55: object, RRU Monomer_MACCS_bit56: object, RRU Monomer_MACCS_bit57: object, RRU Monomer_MACCS_bit58: object, RRU Monomer_MACCS_bit59: object, RRU Monomer_MACCS_bit60: object, RRU Monomer_MACCS_bit61: object, RRU Monomer_MACCS_bit62: object, RRU Monomer_MACCS_bit63: object, RRU Monomer_MACCS_bit64: object, RRU Monomer_MACCS_bit65: object, RRU Monomer_MACCS_bit66: object, RRU Monomer_MACCS_bit67: object, RRU Monomer_MACCS_bit68: object, RRU Monomer_MACCS_bit69: object, RRU Monomer_MACCS_bit70: object, RRU Monomer_MACCS_bit71: object, RRU Monomer_MACCS_bit72: object, RRU Monomer_MACCS_bit73: object, RRU Monomer_MACCS_bit74: object, RRU Monomer_MACCS_bit75: object, RRU Monomer_MACCS_bit76: object, RRU Monomer_MACCS_bit77: object, RRU Monomer_MACCS_bit78: object, RRU Monomer_MACCS_bit79: object, RRU Monomer_MACCS_bit80: object, RRU Monomer_MACCS_bit81: object, RRU Monomer_MACCS_bit82: object, RRU Monomer_MACCS_bit83: object, RRU Monomer_MACCS_bit84: object, RRU Monomer_MACCS_bit85: object, RRU Monomer_MACCS_bit86: object, RRU Monomer_MACCS_bit87: object, RRU Monomer_MACCS_bit88: object, RRU Monomer_MACCS_bit89: object, RRU Monomer_MACCS_bit90: object, RRU Monomer_MACCS_bit91: object, RRU Monomer_MACCS_bit92: object, RRU Monomer_MACCS_bit93: object, RRU Monomer_MACCS_bit94: object, RRU Monomer_MACCS_bit95: object, RRU Monomer_MACCS_bit96: object, RRU Monomer_MACCS_bit97: object, RRU Monomer_MACCS_bit98: object, RRU Monomer_MACCS_bit99: object, RRU Monomer_MACCS_bit100: object, RRU Monomer_MACCS_bit101: object, RRU Monomer_MACCS_bit102: object, RRU Monomer_MACCS_bit103: object, RRU Monomer_MACCS_bit104: object, RRU Monomer_MACCS_bit105: object, RRU Monomer_MACCS_bit106: object, RRU Monomer_MACCS_bit107: object, RRU Monomer_MACCS_bit108: object, RRU Monomer_MACCS_bit109: object, RRU Monomer_MACCS_bit110: object, RRU Monomer_MACCS_bit111: object, RRU Monomer_MACCS_bit112: object, RRU Monomer_MACCS_bit113: object, RRU Monomer_MACCS_bit114: object, RRU Monomer_MACCS_bit115: object, RRU Monomer_MACCS_bit116: object, RRU Monomer_MACCS_bit117: object, RRU Monomer_MACCS_bit118: object, RRU Monomer_MACCS_bit119: object, RRU Monomer_MACCS_bit120: object, RRU Monomer_MACCS_bit121: object, RRU Monomer_MACCS_bit122: object, RRU Monomer_MACCS_bit123: object, RRU Monomer_MACCS_bit124: object, RRU Monomer_MACCS_bit125: object, RRU Monomer_MACCS_bit126: object, RRU Monomer_MACCS_bit127: object, RRU Monomer_MACCS_bit128: object, RRU Monomer_MACCS_bit129: object, RRU Monomer_MACCS_bit130: object, RRU Monomer_MACCS_bit131: object, RRU Monomer_MACCS_bit132: object, RRU Monomer_MACCS_bit133: object, RRU Monomer_MACCS_bit134: object, RRU Monomer_MACCS_bit135: object, RRU Monomer_MACCS_bit136: object, RRU Monomer_MACCS_bit137: object, RRU Monomer_MACCS_bit138: object, RRU Monomer_MACCS_bit139: object, RRU Monomer_MACCS_bit140: object, RRU Monomer_MACCS_bit141: object, RRU Monomer_MACCS_bit142: object, RRU Monomer_MACCS_bit143: object, RRU Monomer_MACCS_bit144: object, RRU Monomer_MACCS_bit145: object, RRU Monomer_MACCS_bit146: object, RRU Monomer_MACCS_bit147: object, RRU Monomer_MACCS_bit148: object, RRU Monomer_MACCS_bit149: object, RRU Monomer_MACCS_bit150: object, RRU Monomer_MACCS_bit151: object, RRU Monomer_MACCS_bit152: object, RRU Monomer_MACCS_bit153: object, RRU Monomer_MACCS_bit154: object, RRU Monomer_MACCS_bit155: object, RRU Monomer_MACCS_bit156: object, RRU Monomer_MACCS_bit157: object, RRU Monomer_MACCS_bit158: object, RRU Monomer_MACCS_bit159: object, RRU Monomer_MACCS_bit160: object, RRU Monomer_MACCS_bit161: object, RRU Monomer_MACCS_bit162: object, RRU Monomer_MACCS_bit163: object, RRU Monomer_MACCS_bit164: object, RRU Monomer_MACCS_bit165: object, RRU Monomer_MACCS_bit166: object, RRU Monomer_MACCS_bit167: object
"""

The above exception was the direct cause of the following exception:

Traceback (most recent call last):
  File "/gpfs_common/share03/ddomlab/sdehgha2/working-space/main/P1_pls-dataset/pls-dataset-space/PLS-Dataset/code_/training/hpc_submit_training_Rh/../train_structure_numerical.py", line 382, in <module>
    main_structural_numerical(
  File "/gpfs_common/share03/ddomlab/sdehgha2/working-space/main/P1_pls-dataset/pls-dataset-space/PLS-Dataset/code_/training/hpc_submit_training_Rh/../train_structure_numerical.py", line 66, in main_structural_numerical
    scores, predictions,data_shapes  = train_regressor(
  File "/gpfs_common/share03/ddomlab/sdehgha2/working-space/main/P1_pls-dataset/pls-dataset-space/PLS-Dataset/code_/training/training_utils.py", line 67, in train_regressor
    scores, predictions, data_shape = _prepare_data(
  File "/gpfs_common/share03/ddomlab/sdehgha2/working-space/main/P1_pls-dataset/pls-dataset-space/PLS-Dataset/code_/training/training_utils.py", line 138, in _prepare_data
    score,predication= run(
  File "/gpfs_common/share03/ddomlab/sdehgha2/working-space/main/P1_pls-dataset/pls-dataset-space/PLS-Dataset/code_/training/training_utils.py", line 186, in run
    best_estimator, regressor_params = _optimize_hyperparams(
  File "/gpfs_common/share03/ddomlab/sdehgha2/working-space/main/P1_pls-dataset/pls-dataset-space/PLS-Dataset/code_/training/training_utils.py", line 254, in _optimize_hyperparams
    bayes.fit(X_train, y_train)
  File "/usr/local/usrapps/ddomlab/sdehgha2/pls-dataset-env/lib/python3.10/site-packages/skopt/searchcv.py", line 542, in fit
    super().fit(X=X, y=y, groups=groups, **fit_params)
  File "/usr/local/usrapps/ddomlab/sdehgha2/pls-dataset-env/lib/python3.10/site-packages/sklearn/base.py", line 1473, in wrapper
    return fit_method(estimator, *args, **kwargs)
  File "/usr/local/usrapps/ddomlab/sdehgha2/pls-dataset-env/lib/python3.10/site-packages/sklearn/model_selection/_search.py", line 1019, in fit
    self._run_search(evaluate_candidates)
  File "/usr/local/usrapps/ddomlab/sdehgha2/pls-dataset-env/lib/python3.10/site-packages/skopt/searchcv.py", line 599, in _run_search
    optim_result, score_name = self._step(
  File "/usr/local/usrapps/ddomlab/sdehgha2/pls-dataset-env/lib/python3.10/site-packages/skopt/searchcv.py", line 453, in _step
    all_results = evaluate_candidates(params_dict)
  File "/usr/local/usrapps/ddomlab/sdehgha2/pls-dataset-env/lib/python3.10/site-packages/sklearn/model_selection/_search.py", line 965, in evaluate_candidates
    out = parallel(
  File "/usr/local/usrapps/ddomlab/sdehgha2/pls-dataset-env/lib/python3.10/site-packages/sklearn/utils/parallel.py", line 74, in __call__
    return super().__call__(iterable_with_config)
  File "/usr/local/usrapps/ddomlab/sdehgha2/pls-dataset-env/lib/python3.10/site-packages/joblib/parallel.py", line 2007, in __call__
    return output if self.return_generator else list(output)
  File "/usr/local/usrapps/ddomlab/sdehgha2/pls-dataset-env/lib/python3.10/site-packages/joblib/parallel.py", line 1650, in _get_outputs
    yield from self._retrieve()
  File "/usr/local/usrapps/ddomlab/sdehgha2/pls-dataset-env/lib/python3.10/site-packages/joblib/parallel.py", line 1754, in _retrieve
    self._raise_error_fast()
  File "/usr/local/usrapps/ddomlab/sdehgha2/pls-dataset-env/lib/python3.10/site-packages/joblib/parallel.py", line 1789, in _raise_error_fast
    error_job.get_result(self.timeout)
  File "/usr/local/usrapps/ddomlab/sdehgha2/pls-dataset-env/lib/python3.10/site-packages/joblib/parallel.py", line 745, in get_result
    return self._return_or_raise()
  File "/usr/local/usrapps/ddomlab/sdehgha2/pls-dataset-env/lib/python3.10/site-packages/joblib/parallel.py", line 763, in _return_or_raise
    raise self._result
ValueError: DataFrame.dtypes for data must be int, float, bool or category. When categorical type is supplied, the experimental DMatrix parameter`enable_categorical` must be set to `True`.  Invalid columns:RRU Monomer_MACCS_bit1: object, RRU Monomer_MACCS_bit2: object, RRU Monomer_MACCS_bit3: object, RRU Monomer_MACCS_bit4: object, RRU Monomer_MACCS_bit5: object, RRU Monomer_MACCS_bit6: object, RRU Monomer_MACCS_bit7: object, RRU Monomer_MACCS_bit8: object, RRU Monomer_MACCS_bit9: object, RRU Monomer_MACCS_bit10: object, RRU Monomer_MACCS_bit11: object, RRU Monomer_MACCS_bit12: object, RRU Monomer_MACCS_bit13: object, RRU Monomer_MACCS_bit14: object, RRU Monomer_MACCS_bit15: object, RRU Monomer_MACCS_bit16: object, RRU Monomer_MACCS_bit17: object, RRU Monomer_MACCS_bit18: object, RRU Monomer_MACCS_bit19: object, RRU Monomer_MACCS_bit20: object, RRU Monomer_MACCS_bit21: object, RRU Monomer_MACCS_bit22: object, RRU Monomer_MACCS_bit23: object, RRU Monomer_MACCS_bit24: object, RRU Monomer_MACCS_bit25: object, RRU Monomer_MACCS_bit26: object, RRU Monomer_MACCS_bit27: object, RRU Monomer_MACCS_bit28: object, RRU Monomer_MACCS_bit29: object, RRU Monomer_MACCS_bit30: object, RRU Monomer_MACCS_bit31: object, RRU Monomer_MACCS_bit32: object, RRU Monomer_MACCS_bit33: object, RRU Monomer_MACCS_bit34: object, RRU Monomer_MACCS_bit35: object, RRU Monomer_MACCS_bit36: object, RRU Monomer_MACCS_bit37: object, RRU Monomer_MACCS_bit38: object, RRU Monomer_MACCS_bit39: object, RRU Monomer_MACCS_bit40: object, RRU Monomer_MACCS_bit41: object, RRU Monomer_MACCS_bit42: object, RRU Monomer_MACCS_bit43: object, RRU Monomer_MACCS_bit44: object, RRU Monomer_MACCS_bit45: object, RRU Monomer_MACCS_bit46: object, RRU Monomer_MACCS_bit47: object, RRU Monomer_MACCS_bit48: object, RRU Monomer_MACCS_bit49: object, RRU Monomer_MACCS_bit50: object, RRU Monomer_MACCS_bit51: object, RRU Monomer_MACCS_bit52: object, RRU Monomer_MACCS_bit53: object, RRU Monomer_MACCS_bit54: object, RRU Monomer_MACCS_bit55: object, RRU Monomer_MACCS_bit56: object, RRU Monomer_MACCS_bit57: object, RRU Monomer_MACCS_bit58: object, RRU Monomer_MACCS_bit59: object, RRU Monomer_MACCS_bit60: object, RRU Monomer_MACCS_bit61: object, RRU Monomer_MACCS_bit62: object, RRU Monomer_MACCS_bit63: object, RRU Monomer_MACCS_bit64: object, RRU Monomer_MACCS_bit65: object, RRU Monomer_MACCS_bit66: object, RRU Monomer_MACCS_bit67: object, RRU Monomer_MACCS_bit68: object, RRU Monomer_MACCS_bit69: object, RRU Monomer_MACCS_bit70: object, RRU Monomer_MACCS_bit71: object, RRU Monomer_MACCS_bit72: object, RRU Monomer_MACCS_bit73: object, RRU Monomer_MACCS_bit74: object, RRU Monomer_MACCS_bit75: object, RRU Monomer_MACCS_bit76: object, RRU Monomer_MACCS_bit77: object, RRU Monomer_MACCS_bit78: object, RRU Monomer_MACCS_bit79: object, RRU Monomer_MACCS_bit80: object, RRU Monomer_MACCS_bit81: object, RRU Monomer_MACCS_bit82: object, RRU Monomer_MACCS_bit83: object, RRU Monomer_MACCS_bit84: object, RRU Monomer_MACCS_bit85: object, RRU Monomer_MACCS_bit86: object, RRU Monomer_MACCS_bit87: object, RRU Monomer_MACCS_bit88: object, RRU Monomer_MACCS_bit89: object, RRU Monomer_MACCS_bit90: object, RRU Monomer_MACCS_bit91: object, RRU Monomer_MACCS_bit92: object, RRU Monomer_MACCS_bit93: object, RRU Monomer_MACCS_bit94: object, RRU Monomer_MACCS_bit95: object, RRU Monomer_MACCS_bit96: object, RRU Monomer_MACCS_bit97: object, RRU Monomer_MACCS_bit98: object, RRU Monomer_MACCS_bit99: object, RRU Monomer_MACCS_bit100: object, RRU Monomer_MACCS_bit101: object, RRU Monomer_MACCS_bit102: object, RRU Monomer_MACCS_bit103: object, RRU Monomer_MACCS_bit104: object, RRU Monomer_MACCS_bit105: object, RRU Monomer_MACCS_bit106: object, RRU Monomer_MACCS_bit107: object, RRU Monomer_MACCS_bit108: object, RRU Monomer_MACCS_bit109: object, RRU Monomer_MACCS_bit110: object, RRU Monomer_MACCS_bit111: object, RRU Monomer_MACCS_bit112: object, RRU Monomer_MACCS_bit113: object, RRU Monomer_MACCS_bit114: object, RRU Monomer_MACCS_bit115: object, RRU Monomer_MACCS_bit116: object, RRU Monomer_MACCS_bit117: object, RRU Monomer_MACCS_bit118: object, RRU Monomer_MACCS_bit119: object, RRU Monomer_MACCS_bit120: object, RRU Monomer_MACCS_bit121: object, RRU Monomer_MACCS_bit122: object, RRU Monomer_MACCS_bit123: object, RRU Monomer_MACCS_bit124: object, RRU Monomer_MACCS_bit125: object, RRU Monomer_MACCS_bit126: object, RRU Monomer_MACCS_bit127: object, RRU Monomer_MACCS_bit128: object, RRU Monomer_MACCS_bit129: object, RRU Monomer_MACCS_bit130: object, RRU Monomer_MACCS_bit131: object, RRU Monomer_MACCS_bit132: object, RRU Monomer_MACCS_bit133: object, RRU Monomer_MACCS_bit134: object, RRU Monomer_MACCS_bit135: object, RRU Monomer_MACCS_bit136: object, RRU Monomer_MACCS_bit137: object, RRU Monomer_MACCS_bit138: object, RRU Monomer_MACCS_bit139: object, RRU Monomer_MACCS_bit140: object, RRU Monomer_MACCS_bit141: object, RRU Monomer_MACCS_bit142: object, RRU Monomer_MACCS_bit143: object, RRU Monomer_MACCS_bit144: object, RRU Monomer_MACCS_bit145: object, RRU Monomer_MACCS_bit146: object, RRU Monomer_MACCS_bit147: object, RRU Monomer_MACCS_bit148: object, RRU Monomer_MACCS_bit149: object, RRU Monomer_MACCS_bit150: object, RRU Monomer_MACCS_bit151: object, RRU Monomer_MACCS_bit152: object, RRU Monomer_MACCS_bit153: object, RRU Monomer_MACCS_bit154: object, RRU Monomer_MACCS_bit155: object, RRU Monomer_MACCS_bit156: object, RRU Monomer_MACCS_bit157: object, RRU Monomer_MACCS_bit158: object, RRU Monomer_MACCS_bit159: object, RRU Monomer_MACCS_bit160: object, RRU Monomer_MACCS_bit161: object, RRU Monomer_MACCS_bit162: object, RRU Monomer_MACCS_bit163: object, RRU Monomer_MACCS_bit164: object, RRU Monomer_MACCS_bit165: object, RRU Monomer_MACCS_bit166: object, RRU Monomer_MACCS_bit167: object
Traceback (most recent call last):
  File "<frozen importlib._bootstrap_external>", line 153, in _path_is_mode_type
  File "<frozen importlib._bootstrap_external>", line 147, in _path_stat
FileNotFoundError: [Errno 2] No such file or directory: '/usr/local/usrapps/ddomlab/sdehgha2/pls-dataset-env/lib/python3.10/site-packages/torch/ao/nn/intrinsic/quantized/dynamic/__init__.cpython-310-x86_64-linux-gnu.so'

During handling of the above exception, another exception occurred:

Traceback (most recent call last):
  File "/gpfs_common/share03/ddomlab/sdehgha2/working-space/main/P1_pls-dataset/pls-dataset-space/PLS-Dataset/code_/training/hpc_submit_training_Rh/../train_structure_numerical.py", line 3, in <module>
    from training_utils import train_regressor
  File "/gpfs_common/share03/ddomlab/sdehgha2/working-space/main/P1_pls-dataset/pls-dataset-space/PLS-Dataset/code_/training/training_utils.py", line 13, in <module>
    from data_handling import remove_unserializable_keys, save_results
  File "/gpfs_common/share03/ddomlab/sdehgha2/working-space/main/P1_pls-dataset/pls-dataset-space/PLS-Dataset/code_/training/data_handling.py", line 8, in <module>
    from all_factories import radius_to_bits
  File "/gpfs_common/share03/ddomlab/sdehgha2/working-space/main/P1_pls-dataset/pls-dataset-space/PLS-Dataset/code_/training/all_factories.py", line 9, in <module>
    from GPR_model import GPRegressor
  File "/gpfs_common/share03/ddomlab/sdehgha2/working-space/main/P1_pls-dataset/pls-dataset-space/PLS-Dataset/code_/training/GPR_model.py", line 1, in <module>
    import gpytorch
  File "/usr/local/usrapps/ddomlab/sdehgha2/pls-dataset-env/lib/python3.10/site-packages/gpytorch/__init__.py", line 5, in <module>
    import linear_operator
  File "/usr/local/usrapps/ddomlab/sdehgha2/pls-dataset-env/lib/python3.10/site-packages/linear_operator/__init__.py", line 2, in <module>
    from linear_operator import beta_features, operators, settings, utils
  File "/usr/local/usrapps/ddomlab/sdehgha2/pls-dataset-env/lib/python3.10/site-packages/linear_operator/beta_features.py", line 5, in <module>
    from linear_operator.settings import _feature_flag
  File "/usr/local/usrapps/ddomlab/sdehgha2/pls-dataset-env/lib/python3.10/site-packages/linear_operator/settings.py", line 5, in <module>
    import torch
  File "/usr/local/usrapps/ddomlab/sdehgha2/pls-dataset-env/lib/python3.10/site-packages/torch/__init__.py", line 2097, in <module>
    import torch.nn.intrinsic
  File "/usr/local/usrapps/ddomlab/sdehgha2/pls-dataset-env/lib/python3.10/site-packages/torch/nn/intrinsic/__init__.py", line 19, in <module>
    from torch.nn.intrinsic import modules, qat, quantized  # noqa: F401
  File "/usr/local/usrapps/ddomlab/sdehgha2/pls-dataset-env/lib/python3.10/site-packages/torch/nn/intrinsic/quantized/__init__.py", line 3, in <module>
    from torch.nn.intrinsic.quantized import dynamic, modules  # noqa: F401
  File "/usr/local/usrapps/ddomlab/sdehgha2/pls-dataset-env/lib/python3.10/site-packages/torch/nn/intrinsic/quantized/dynamic/__init__.py", line 1, in <module>
    from torch.nn.intrinsic.quantized.dynamic.modules import *  # noqa: F403
  File "/usr/local/usrapps/ddomlab/sdehgha2/pls-dataset-env/lib/python3.10/site-packages/torch/nn/intrinsic/quantized/dynamic/modules/__init__.py", line 1, in <module>
    from torch.nn.intrinsic.quantized.dynamic.modules.linear_relu import LinearReLU
  File "/usr/local/usrapps/ddomlab/sdehgha2/pls-dataset-env/lib/python3.10/site-packages/torch/nn/intrinsic/quantized/dynamic/modules/linear_relu.py", line 1, in <module>
    from torch.ao.nn.intrinsic.quantized.dynamic import LinearReLU
  File "<frozen importlib._bootstrap>", line 1027, in _find_and_load
  File "<frozen importlib._bootstrap>", line 1002, in _find_and_load_unlocked
  File "<frozen importlib._bootstrap>", line 945, in _find_spec
  File "<frozen importlib._bootstrap_external>", line 1439, in find_spec
  File "<frozen importlib._bootstrap_external>", line 1411, in _get_spec
  File "<frozen importlib._bootstrap_external>", line 1563, in find_spec
  File "<frozen importlib._bootstrap_external>", line 161, in _path_isfile
  File "<frozen importlib._bootstrap_external>", line 153, in _path_is_mode_type
KeyboardInterrupt
