joblib.externals.loky.process_executor._RemoteTraceback: 
"""
Traceback (most recent call last):
  File "/usr/local/usrapps/ddomlab/sdehgha2/pls-dataset-env/lib/python3.10/site-packages/joblib/externals/loky/process_executor.py", line 463, in _process_worker
    r = call_item()
  File "/usr/local/usrapps/ddomlab/sdehgha2/pls-dataset-env/lib/python3.10/site-packages/joblib/externals/loky/process_executor.py", line 291, in __call__
    return self.fn(*self.args, **self.kwargs)
  File "/usr/local/usrapps/ddomlab/sdehgha2/pls-dataset-env/lib/python3.10/site-packages/joblib/parallel.py", line 598, in __call__
    return [func(*args, **kwargs)
  File "/usr/local/usrapps/ddomlab/sdehgha2/pls-dataset-env/lib/python3.10/site-packages/joblib/parallel.py", line 598, in <listcomp>
    return [func(*args, **kwargs)
  File "/usr/local/usrapps/ddomlab/sdehgha2/pls-dataset-env/lib/python3.10/site-packages/sklearn/utils/parallel.py", line 136, in __call__
    return self.function(*args, **kwargs)
  File "/usr/local/usrapps/ddomlab/sdehgha2/pls-dataset-env/lib/python3.10/site-packages/sklearn/model_selection/_validation.py", line 888, in _fit_and_score
    estimator.fit(X_train, y_train, **fit_params)
  File "/usr/local/usrapps/ddomlab/sdehgha2/pls-dataset-env/lib/python3.10/site-packages/sklearn/base.py", line 1473, in wrapper
    return fit_method(estimator, *args, **kwargs)
  File "/usr/local/usrapps/ddomlab/sdehgha2/pls-dataset-env/lib/python3.10/site-packages/sklearn/pipeline.py", line 473, in fit
    self._final_estimator.fit(Xt, y, **last_step_params["fit"])
  File "/usr/local/usrapps/ddomlab/sdehgha2/pls-dataset-env/lib/python3.10/site-packages/sklearn/base.py", line 1473, in wrapper
    return fit_method(estimator, *args, **kwargs)
  File "/usr/local/usrapps/ddomlab/sdehgha2/pls-dataset-env/lib/python3.10/site-packages/sklearn/compose/_target.py", line 288, in fit
    self.regressor_.fit(X, y_trans, **fit_params)
  File "/usr/local/usrapps/ddomlab/sdehgha2/pls-dataset-env/lib/python3.10/site-packages/xgboost/core.py", line 726, in inner_f
    return func(**kwargs)
  File "/usr/local/usrapps/ddomlab/sdehgha2/pls-dataset-env/lib/python3.10/site-packages/xgboost/sklearn.py", line 1081, in fit
    train_dmatrix, evals = _wrap_evaluation_matrices(
  File "/usr/local/usrapps/ddomlab/sdehgha2/pls-dataset-env/lib/python3.10/site-packages/xgboost/sklearn.py", line 596, in _wrap_evaluation_matrices
    train_dmatrix = create_dmatrix(
  File "/usr/local/usrapps/ddomlab/sdehgha2/pls-dataset-env/lib/python3.10/site-packages/xgboost/sklearn.py", line 1003, in _create_dmatrix
    return QuantileDMatrix(
  File "/usr/local/usrapps/ddomlab/sdehgha2/pls-dataset-env/lib/python3.10/site-packages/xgboost/core.py", line 726, in inner_f
    return func(**kwargs)
  File "/usr/local/usrapps/ddomlab/sdehgha2/pls-dataset-env/lib/python3.10/site-packages/xgboost/core.py", line 1573, in __init__
    self._init(
  File "/usr/local/usrapps/ddomlab/sdehgha2/pls-dataset-env/lib/python3.10/site-packages/xgboost/core.py", line 1632, in _init
    it.reraise()
  File "/usr/local/usrapps/ddomlab/sdehgha2/pls-dataset-env/lib/python3.10/site-packages/xgboost/core.py", line 569, in reraise
    raise exc  # pylint: disable=raising-bad-type
  File "/usr/local/usrapps/ddomlab/sdehgha2/pls-dataset-env/lib/python3.10/site-packages/xgboost/core.py", line 550, in _handle_exception
    return fn()
  File "/usr/local/usrapps/ddomlab/sdehgha2/pls-dataset-env/lib/python3.10/site-packages/xgboost/core.py", line 637, in <lambda>
    return self._handle_exception(lambda: self.next(input_data), 0)
  File "/usr/local/usrapps/ddomlab/sdehgha2/pls-dataset-env/lib/python3.10/site-packages/xgboost/data.py", line 1416, in next
    input_data(**self.kwargs)
  File "/usr/local/usrapps/ddomlab/sdehgha2/pls-dataset-env/lib/python3.10/site-packages/xgboost/core.py", line 726, in inner_f
    return func(**kwargs)
  File "/usr/local/usrapps/ddomlab/sdehgha2/pls-dataset-env/lib/python3.10/site-packages/xgboost/core.py", line 617, in input_data
    new, cat_codes, feature_names, feature_types = _proxy_transform(
  File "/usr/local/usrapps/ddomlab/sdehgha2/pls-dataset-env/lib/python3.10/site-packages/xgboost/data.py", line 1459, in _proxy_transform
    df, feature_names, feature_types = _transform_pandas_df(
  File "/usr/local/usrapps/ddomlab/sdehgha2/pls-dataset-env/lib/python3.10/site-packages/xgboost/data.py", line 603, in _transform_pandas_df
    pandas_check_dtypes(data, enable_categorical)
  File "/usr/local/usrapps/ddomlab/sdehgha2/pls-dataset-env/lib/python3.10/site-packages/xgboost/data.py", line 569, in pandas_check_dtypes
    _invalid_dataframe_dtype(data)
  File "/usr/local/usrapps/ddomlab/sdehgha2/pls-dataset-env/lib/python3.10/site-packages/xgboost/data.py", line 356, in _invalid_dataframe_dtype
    raise ValueError(msg)
ValueError: DataFrame.dtypes for data must be int, float, bool or category. When categorical type is supplied, the experimental DMatrix parameter`enable_categorical` must be set to `True`.  Invalid columns:Trimer_MACCS_bit1: object, Trimer_MACCS_bit2: object, Trimer_MACCS_bit3: object, Trimer_MACCS_bit4: object, Trimer_MACCS_bit5: object, Trimer_MACCS_bit6: object, Trimer_MACCS_bit7: object, Trimer_MACCS_bit8: object, Trimer_MACCS_bit9: object, Trimer_MACCS_bit10: object, Trimer_MACCS_bit11: object, Trimer_MACCS_bit12: object, Trimer_MACCS_bit13: object, Trimer_MACCS_bit14: object, Trimer_MACCS_bit15: object, Trimer_MACCS_bit16: object, Trimer_MACCS_bit17: object, Trimer_MACCS_bit18: object, Trimer_MACCS_bit19: object, Trimer_MACCS_bit20: object, Trimer_MACCS_bit21: object, Trimer_MACCS_bit22: object, Trimer_MACCS_bit23: object, Trimer_MACCS_bit24: object, Trimer_MACCS_bit25: object, Trimer_MACCS_bit26: object, Trimer_MACCS_bit27: object, Trimer_MACCS_bit28: object, Trimer_MACCS_bit29: object, Trimer_MACCS_bit30: object, Trimer_MACCS_bit31: object, Trimer_MACCS_bit32: object, Trimer_MACCS_bit33: object, Trimer_MACCS_bit34: object, Trimer_MACCS_bit35: object, Trimer_MACCS_bit36: object, Trimer_MACCS_bit37: object, Trimer_MACCS_bit38: object, Trimer_MACCS_bit39: object, Trimer_MACCS_bit40: object, Trimer_MACCS_bit41: object, Trimer_MACCS_bit42: object, Trimer_MACCS_bit43: object, Trimer_MACCS_bit44: object, Trimer_MACCS_bit45: object, Trimer_MACCS_bit46: object, Trimer_MACCS_bit47: object, Trimer_MACCS_bit48: object, Trimer_MACCS_bit49: object, Trimer_MACCS_bit50: object, Trimer_MACCS_bit51: object, Trimer_MACCS_bit52: object, Trimer_MACCS_bit53: object, Trimer_MACCS_bit54: object, Trimer_MACCS_bit55: object, Trimer_MACCS_bit56: object, Trimer_MACCS_bit57: object, Trimer_MACCS_bit58: object, Trimer_MACCS_bit59: object, Trimer_MACCS_bit60: object, Trimer_MACCS_bit61: object, Trimer_MACCS_bit62: object, Trimer_MACCS_bit63: object, Trimer_MACCS_bit64: object, Trimer_MACCS_bit65: object, Trimer_MACCS_bit66: object, Trimer_MACCS_bit67: object, Trimer_MACCS_bit68: object, Trimer_MACCS_bit69: object, Trimer_MACCS_bit70: object, Trimer_MACCS_bit71: object, Trimer_MACCS_bit72: object, Trimer_MACCS_bit73: object, Trimer_MACCS_bit74: object, Trimer_MACCS_bit75: object, Trimer_MACCS_bit76: object, Trimer_MACCS_bit77: object, Trimer_MACCS_bit78: object, Trimer_MACCS_bit79: object, Trimer_MACCS_bit80: object, Trimer_MACCS_bit81: object, Trimer_MACCS_bit82: object, Trimer_MACCS_bit83: object, Trimer_MACCS_bit84: object, Trimer_MACCS_bit85: object, Trimer_MACCS_bit86: object, Trimer_MACCS_bit87: object, Trimer_MACCS_bit88: object, Trimer_MACCS_bit89: object, Trimer_MACCS_bit90: object, Trimer_MACCS_bit91: object, Trimer_MACCS_bit92: object, Trimer_MACCS_bit93: object, Trimer_MACCS_bit94: object, Trimer_MACCS_bit95: object, Trimer_MACCS_bit96: object, Trimer_MACCS_bit97: object, Trimer_MACCS_bit98: object, Trimer_MACCS_bit99: object, Trimer_MACCS_bit100: object, Trimer_MACCS_bit101: object, Trimer_MACCS_bit102: object, Trimer_MACCS_bit103: object, Trimer_MACCS_bit104: object, Trimer_MACCS_bit105: object, Trimer_MACCS_bit106: object, Trimer_MACCS_bit107: object, Trimer_MACCS_bit108: object, Trimer_MACCS_bit109: object, Trimer_MACCS_bit110: object, Trimer_MACCS_bit111: object, Trimer_MACCS_bit112: object, Trimer_MACCS_bit113: object, Trimer_MACCS_bit114: object, Trimer_MACCS_bit115: object, Trimer_MACCS_bit116: object, Trimer_MACCS_bit117: object, Trimer_MACCS_bit118: object, Trimer_MACCS_bit119: object, Trimer_MACCS_bit120: object, Trimer_MACCS_bit121: object, Trimer_MACCS_bit122: object, Trimer_MACCS_bit123: object, Trimer_MACCS_bit124: object, Trimer_MACCS_bit125: object, Trimer_MACCS_bit126: object, Trimer_MACCS_bit127: object, Trimer_MACCS_bit128: object, Trimer_MACCS_bit129: object, Trimer_MACCS_bit130: object, Trimer_MACCS_bit131: object, Trimer_MACCS_bit132: object, Trimer_MACCS_bit133: object, Trimer_MACCS_bit134: object, Trimer_MACCS_bit135: object, Trimer_MACCS_bit136: object, Trimer_MACCS_bit137: object, Trimer_MACCS_bit138: object, Trimer_MACCS_bit139: object, Trimer_MACCS_bit140: object, Trimer_MACCS_bit141: object, Trimer_MACCS_bit142: object, Trimer_MACCS_bit143: object, Trimer_MACCS_bit144: object, Trimer_MACCS_bit145: object, Trimer_MACCS_bit146: object, Trimer_MACCS_bit147: object, Trimer_MACCS_bit148: object, Trimer_MACCS_bit149: object, Trimer_MACCS_bit150: object, Trimer_MACCS_bit151: object, Trimer_MACCS_bit152: object, Trimer_MACCS_bit153: object, Trimer_MACCS_bit154: object, Trimer_MACCS_bit155: object, Trimer_MACCS_bit156: object, Trimer_MACCS_bit157: object, Trimer_MACCS_bit158: object, Trimer_MACCS_bit159: object, Trimer_MACCS_bit160: object, Trimer_MACCS_bit161: object, Trimer_MACCS_bit162: object, Trimer_MACCS_bit163: object, Trimer_MACCS_bit164: object, Trimer_MACCS_bit165: object, Trimer_MACCS_bit166: object, Trimer_MACCS_bit167: object
"""

The above exception was the direct cause of the following exception:

Traceback (most recent call last):
  File "/gpfs_common/share03/ddomlab/sdehgha2/working-space/main/P1_pls-dataset/pls-dataset-space/PLS-Dataset/code_/training/hpc_submit_training_Rh/../train_structure_numerical.py", line 382, in <module>
    main_structural_numerical(
  File "/gpfs_common/share03/ddomlab/sdehgha2/working-space/main/P1_pls-dataset/pls-dataset-space/PLS-Dataset/code_/training/hpc_submit_training_Rh/../train_structure_numerical.py", line 66, in main_structural_numerical
    scores, predictions,data_shapes  = train_regressor(
  File "/gpfs_common/share03/ddomlab/sdehgha2/working-space/main/P1_pls-dataset/pls-dataset-space/PLS-Dataset/code_/training/training_utils.py", line 67, in train_regressor
    scores, predictions, data_shape = _prepare_data(
  File "/gpfs_common/share03/ddomlab/sdehgha2/working-space/main/P1_pls-dataset/pls-dataset-space/PLS-Dataset/code_/training/training_utils.py", line 138, in _prepare_data
    score,predication= run(
  File "/gpfs_common/share03/ddomlab/sdehgha2/working-space/main/P1_pls-dataset/pls-dataset-space/PLS-Dataset/code_/training/training_utils.py", line 186, in run
    best_estimator, regressor_params = _optimize_hyperparams(
  File "/gpfs_common/share03/ddomlab/sdehgha2/working-space/main/P1_pls-dataset/pls-dataset-space/PLS-Dataset/code_/training/training_utils.py", line 254, in _optimize_hyperparams
    bayes.fit(X_train, y_train)
  File "/usr/local/usrapps/ddomlab/sdehgha2/pls-dataset-env/lib/python3.10/site-packages/skopt/searchcv.py", line 542, in fit
    super().fit(X=X, y=y, groups=groups, **fit_params)
  File "/usr/local/usrapps/ddomlab/sdehgha2/pls-dataset-env/lib/python3.10/site-packages/sklearn/base.py", line 1473, in wrapper
    return fit_method(estimator, *args, **kwargs)
  File "/usr/local/usrapps/ddomlab/sdehgha2/pls-dataset-env/lib/python3.10/site-packages/sklearn/model_selection/_search.py", line 1019, in fit
    self._run_search(evaluate_candidates)
  File "/usr/local/usrapps/ddomlab/sdehgha2/pls-dataset-env/lib/python3.10/site-packages/skopt/searchcv.py", line 599, in _run_search
    optim_result, score_name = self._step(
  File "/usr/local/usrapps/ddomlab/sdehgha2/pls-dataset-env/lib/python3.10/site-packages/skopt/searchcv.py", line 453, in _step
    all_results = evaluate_candidates(params_dict)
  File "/usr/local/usrapps/ddomlab/sdehgha2/pls-dataset-env/lib/python3.10/site-packages/sklearn/model_selection/_search.py", line 965, in evaluate_candidates
    out = parallel(
  File "/usr/local/usrapps/ddomlab/sdehgha2/pls-dataset-env/lib/python3.10/site-packages/sklearn/utils/parallel.py", line 74, in __call__
    return super().__call__(iterable_with_config)
  File "/usr/local/usrapps/ddomlab/sdehgha2/pls-dataset-env/lib/python3.10/site-packages/joblib/parallel.py", line 2007, in __call__
    return output if self.return_generator else list(output)
  File "/usr/local/usrapps/ddomlab/sdehgha2/pls-dataset-env/lib/python3.10/site-packages/joblib/parallel.py", line 1650, in _get_outputs
    yield from self._retrieve()
  File "/usr/local/usrapps/ddomlab/sdehgha2/pls-dataset-env/lib/python3.10/site-packages/joblib/parallel.py", line 1754, in _retrieve
    self._raise_error_fast()
  File "/usr/local/usrapps/ddomlab/sdehgha2/pls-dataset-env/lib/python3.10/site-packages/joblib/parallel.py", line 1789, in _raise_error_fast
    error_job.get_result(self.timeout)
  File "/usr/local/usrapps/ddomlab/sdehgha2/pls-dataset-env/lib/python3.10/site-packages/joblib/parallel.py", line 745, in get_result
    return self._return_or_raise()
  File "/usr/local/usrapps/ddomlab/sdehgha2/pls-dataset-env/lib/python3.10/site-packages/joblib/parallel.py", line 763, in _return_or_raise
    raise self._result
ValueError: DataFrame.dtypes for data must be int, float, bool or category. When categorical type is supplied, the experimental DMatrix parameter`enable_categorical` must be set to `True`.  Invalid columns:Trimer_MACCS_bit1: object, Trimer_MACCS_bit2: object, Trimer_MACCS_bit3: object, Trimer_MACCS_bit4: object, Trimer_MACCS_bit5: object, Trimer_MACCS_bit6: object, Trimer_MACCS_bit7: object, Trimer_MACCS_bit8: object, Trimer_MACCS_bit9: object, Trimer_MACCS_bit10: object, Trimer_MACCS_bit11: object, Trimer_MACCS_bit12: object, Trimer_MACCS_bit13: object, Trimer_MACCS_bit14: object, Trimer_MACCS_bit15: object, Trimer_MACCS_bit16: object, Trimer_MACCS_bit17: object, Trimer_MACCS_bit18: object, Trimer_MACCS_bit19: object, Trimer_MACCS_bit20: object, Trimer_MACCS_bit21: object, Trimer_MACCS_bit22: object, Trimer_MACCS_bit23: object, Trimer_MACCS_bit24: object, Trimer_MACCS_bit25: object, Trimer_MACCS_bit26: object, Trimer_MACCS_bit27: object, Trimer_MACCS_bit28: object, Trimer_MACCS_bit29: object, Trimer_MACCS_bit30: object, Trimer_MACCS_bit31: object, Trimer_MACCS_bit32: object, Trimer_MACCS_bit33: object, Trimer_MACCS_bit34: object, Trimer_MACCS_bit35: object, Trimer_MACCS_bit36: object, Trimer_MACCS_bit37: object, Trimer_MACCS_bit38: object, Trimer_MACCS_bit39: object, Trimer_MACCS_bit40: object, Trimer_MACCS_bit41: object, Trimer_MACCS_bit42: object, Trimer_MACCS_bit43: object, Trimer_MACCS_bit44: object, Trimer_MACCS_bit45: object, Trimer_MACCS_bit46: object, Trimer_MACCS_bit47: object, Trimer_MACCS_bit48: object, Trimer_MACCS_bit49: object, Trimer_MACCS_bit50: object, Trimer_MACCS_bit51: object, Trimer_MACCS_bit52: object, Trimer_MACCS_bit53: object, Trimer_MACCS_bit54: object, Trimer_MACCS_bit55: object, Trimer_MACCS_bit56: object, Trimer_MACCS_bit57: object, Trimer_MACCS_bit58: object, Trimer_MACCS_bit59: object, Trimer_MACCS_bit60: object, Trimer_MACCS_bit61: object, Trimer_MACCS_bit62: object, Trimer_MACCS_bit63: object, Trimer_MACCS_bit64: object, Trimer_MACCS_bit65: object, Trimer_MACCS_bit66: object, Trimer_MACCS_bit67: object, Trimer_MACCS_bit68: object, Trimer_MACCS_bit69: object, Trimer_MACCS_bit70: object, Trimer_MACCS_bit71: object, Trimer_MACCS_bit72: object, Trimer_MACCS_bit73: object, Trimer_MACCS_bit74: object, Trimer_MACCS_bit75: object, Trimer_MACCS_bit76: object, Trimer_MACCS_bit77: object, Trimer_MACCS_bit78: object, Trimer_MACCS_bit79: object, Trimer_MACCS_bit80: object, Trimer_MACCS_bit81: object, Trimer_MACCS_bit82: object, Trimer_MACCS_bit83: object, Trimer_MACCS_bit84: object, Trimer_MACCS_bit85: object, Trimer_MACCS_bit86: object, Trimer_MACCS_bit87: object, Trimer_MACCS_bit88: object, Trimer_MACCS_bit89: object, Trimer_MACCS_bit90: object, Trimer_MACCS_bit91: object, Trimer_MACCS_bit92: object, Trimer_MACCS_bit93: object, Trimer_MACCS_bit94: object, Trimer_MACCS_bit95: object, Trimer_MACCS_bit96: object, Trimer_MACCS_bit97: object, Trimer_MACCS_bit98: object, Trimer_MACCS_bit99: object, Trimer_MACCS_bit100: object, Trimer_MACCS_bit101: object, Trimer_MACCS_bit102: object, Trimer_MACCS_bit103: object, Trimer_MACCS_bit104: object, Trimer_MACCS_bit105: object, Trimer_MACCS_bit106: object, Trimer_MACCS_bit107: object, Trimer_MACCS_bit108: object, Trimer_MACCS_bit109: object, Trimer_MACCS_bit110: object, Trimer_MACCS_bit111: object, Trimer_MACCS_bit112: object, Trimer_MACCS_bit113: object, Trimer_MACCS_bit114: object, Trimer_MACCS_bit115: object, Trimer_MACCS_bit116: object, Trimer_MACCS_bit117: object, Trimer_MACCS_bit118: object, Trimer_MACCS_bit119: object, Trimer_MACCS_bit120: object, Trimer_MACCS_bit121: object, Trimer_MACCS_bit122: object, Trimer_MACCS_bit123: object, Trimer_MACCS_bit124: object, Trimer_MACCS_bit125: object, Trimer_MACCS_bit126: object, Trimer_MACCS_bit127: object, Trimer_MACCS_bit128: object, Trimer_MACCS_bit129: object, Trimer_MACCS_bit130: object, Trimer_MACCS_bit131: object, Trimer_MACCS_bit132: object, Trimer_MACCS_bit133: object, Trimer_MACCS_bit134: object, Trimer_MACCS_bit135: object, Trimer_MACCS_bit136: object, Trimer_MACCS_bit137: object, Trimer_MACCS_bit138: object, Trimer_MACCS_bit139: object, Trimer_MACCS_bit140: object, Trimer_MACCS_bit141: object, Trimer_MACCS_bit142: object, Trimer_MACCS_bit143: object, Trimer_MACCS_bit144: object, Trimer_MACCS_bit145: object, Trimer_MACCS_bit146: object, Trimer_MACCS_bit147: object, Trimer_MACCS_bit148: object, Trimer_MACCS_bit149: object, Trimer_MACCS_bit150: object, Trimer_MACCS_bit151: object, Trimer_MACCS_bit152: object, Trimer_MACCS_bit153: object, Trimer_MACCS_bit154: object, Trimer_MACCS_bit155: object, Trimer_MACCS_bit156: object, Trimer_MACCS_bit157: object, Trimer_MACCS_bit158: object, Trimer_MACCS_bit159: object, Trimer_MACCS_bit160: object, Trimer_MACCS_bit161: object, Trimer_MACCS_bit162: object, Trimer_MACCS_bit163: object, Trimer_MACCS_bit164: object, Trimer_MACCS_bit165: object, Trimer_MACCS_bit166: object, Trimer_MACCS_bit167: object
