Traceback (most recent call last):
  File "<frozen importlib._bootstrap_external>", line 153, in _path_is_mode_type
  File "<frozen importlib._bootstrap_external>", line 147, in _path_stat
FileNotFoundError: [Errno 2] No such file or directory: '/usr/local/usrapps/ddomlab/sdehgha2/pls-dataset-env/lib/python3.10/site-packages/pandas/core/ops/__init__.cpython-310-x86_64-linux-gnu.so'

During handling of the above exception, another exception occurred:

Traceback (most recent call last):
  File "/gpfs_common/share03/ddomlab/sdehgha2/working-space/main/P1_pls-dataset/pls-dataset-space/PLS-Dataset/code_/training/hpc_submit_training_Rh/../train_structure_numerical.py", line 1, in <module>
    import pandas as pd
  File "/usr/local/usrapps/ddomlab/sdehgha2/pls-dataset-env/lib/python3.10/site-packages/pandas/__init__.py", line 49, in <module>
    from pandas.core.api import (
  File "/usr/local/usrapps/ddomlab/sdehgha2/pls-dataset-env/lib/python3.10/site-packages/pandas/core/api.py", line 28, in <module>
    from pandas.core.arrays import Categorical
  File "/usr/local/usrapps/ddomlab/sdehgha2/pls-dataset-env/lib/python3.10/site-packages/pandas/core/arrays/__init__.py", line 1, in <module>
    from pandas.core.arrays.arrow import ArrowExtensionArray
  File "/usr/local/usrapps/ddomlab/sdehgha2/pls-dataset-env/lib/python3.10/site-packages/pandas/core/arrays/arrow/__init__.py", line 5, in <module>
    from pandas.core.arrays.arrow.array import ArrowExtensionArray
  File "/usr/local/usrapps/ddomlab/sdehgha2/pls-dataset-env/lib/python3.10/site-packages/pandas/core/arrays/arrow/array.py", line 50, in <module>
Traceback (most recent call last):
Traceback (most recent call last):
  File "/gpfs_common/share03/ddomlab/sdehgha2/working-space/main/P1_pls-dataset/pls-dataset-space/PLS-Dataset/code_/training/hpc_submit_training_Rh/../train_structure_numerical.py", line 1, in <module>
  File "/gpfs_common/share03/ddomlab/sdehgha2/working-space/main/P1_pls-dataset/pls-dataset-space/PLS-Dataset/code_/training/hpc_submit_training_Rh/../train_structure_numerical.py", line 3, in <module>
    import pandas as pd
    from training_utils import train_regressor
  File "/usr/local/usrapps/ddomlab/sdehgha2/pls-dataset-env/lib/python3.10/site-packages/pandas/__init__.py", line 49, in <module>
  File "/gpfs_common/share03/ddomlab/sdehgha2/working-space/main/P1_pls-dataset/pls-dataset-space/PLS-Dataset/code_/training/training_utils.py", line 15, in <module>
    from data_handling import remove_unserializable_keys, save_results
  File "/gpfs_common/share03/ddomlab/sdehgha2/working-space/main/P1_pls-dataset/pls-dataset-space/PLS-Dataset/code_/training/data_handling.py", line 8, in <module>
    from all_factories import radius_to_bits
  File "/gpfs_common/share03/ddomlab/sdehgha2/working-space/main/P1_pls-dataset/pls-dataset-space/PLS-Dataset/code_/training/all_factories.py", line 9, in <module>
    from GPR_model import GPRegressor
  File "/gpfs_common/share03/ddomlab/sdehgha2/working-space/main/P1_pls-dataset/pls-dataset-space/PLS-Dataset/code_/training/GPR_model.py", line 1, in <module>
    import gpytorch
  File "/usr/local/usrapps/ddomlab/sdehgha2/pls-dataset-env/lib/python3.10/site-packages/gpytorch/__init__.py", line 5, in <module>
    from pandas.core.api import (
    import linear_operator
Traceback (most recent call last):
  File "/usr/local/usrapps/ddomlab/sdehgha2/pls-dataset-env/lib/python3.10/site-packages/pandas/core/api.py", line 28, in <module>
  File "/usr/local/usrapps/ddomlab/sdehgha2/pls-dataset-env/lib/python3.10/site-packages/linear_operator/__init__.py", line 2, in <module>
  File "/gpfs_common/share03/ddomlab/sdehgha2/working-space/main/P1_pls-dataset/pls-dataset-space/PLS-Dataset/code_/training/hpc_submit_training_Rh/../train_structure_numerical.py", line 3, in <module>
Traceback (most recent call last):
    from linear_operator import beta_features, operators, settings, utils
    from pandas.core import (
    from training_utils import train_regressor
  File "/gpfs_common/share03/ddomlab/sdehgha2/working-space/main/P1_pls-dataset/pls-dataset-space/PLS-Dataset/code_/training/hpc_submit_training_Rh/../train_structure_numerical.py", line 1, in <module>
    import pandas as pd
  File "/usr/local/usrapps/ddomlab/sdehgha2/pls-dataset-env/lib/python3.10/site-packages/pandas/__init__.py", line 49, in <module>
    from pandas.core.api import (
  File "/usr/local/usrapps/ddomlab/sdehgha2/pls-dataset-env/lib/python3.10/site-packages/pandas/core/api.py", line 28, in <module>
    from pandas.core.arrays import Categorical
  File "/usr/local/usrapps/ddomlab/sdehgha2/pls-dataset-env/lib/python3.10/site-packages/pandas/core/arrays/__init__.py", line 1, in <module>
    from pandas.core.arrays.arrow import ArrowExtensionArray
  File "/usr/local/usrapps/ddomlab/sdehgha2/pls-dataset-env/lib/python3.10/site-packages/pandas/core/arrays/arrow/__init__.py", line 5, in <module>
    from pandas.core.arrays.arrow.array import ArrowExtensionArray
  File "/usr/local/usrapps/ddomlab/sdehgha2/pls-dataset-env/lib/python3.10/site-packages/pandas/core/arrays/arrow/array.py", line 50, in <module>
    from pandas.core import (
  File "/usr/local/usrapps/ddomlab/sdehgha2/pls-dataset-env/lib/python3.10/site-packages/pandas/core/ops/__init__.py", line 8, in <module>
    from pandas.core.ops.array_ops import (
  File "<frozen importlib._bootstrap>", line 1027, in _find_and_load
  File "<frozen importlib._bootstrap>", line 1006, in _find_and_load_unlocked
  File "<frozen importlib._bootstrap>", line 688, in _load_unlocked
  File "<frozen importlib._bootstrap_external>", line 879, in exec_module
  File "<frozen importlib._bootstrap_external>", line 975, in get_code
  File "<frozen importlib._bootstrap_external>", line 1074, in get_data
KeyboardInterrupt
    from pandas.core.arrays import Categorical
  File "/usr/local/usrapps/ddomlab/sdehgha2/pls-dataset-env/lib/python3.10/site-packages/linear_operator/beta_features.py", line 5, in <module>
Traceback (most recent call last):
Traceback (most recent call last):
  File "<frozen importlib._bootstrap>", line 1027, in _find_and_load
  File "/gpfs_common/share03/ddomlab/sdehgha2/working-space/main/P1_pls-dataset/pls-dataset-space/PLS-Dataset/code_/training/training_utils.py", line 15, in <module>
  File "/usr/local/usrapps/ddomlab/sdehgha2/pls-dataset-env/lib/python3.10/site-packages/pandas/core/arrays/__init__.py", line 1, in <module>
    from linear_operator.settings import _feature_flag
  File "/gpfs_common/share03/ddomlab/sdehgha2/working-space/main/P1_pls-dataset/pls-dataset-space/PLS-Dataset/code_/training/hpc_submit_training_Rh/../train_structure_numerical.py", line 1, in <module>
  File "/gpfs_common/share03/ddomlab/sdehgha2/working-space/main/P1_pls-dataset/pls-dataset-space/PLS-Dataset/code_/training/hpc_submit_training_Rh/../train_structure_numerical.py", line 1, in <module>
  File "<frozen importlib._bootstrap>", line 1002, in _find_and_load_unlocked
    from data_handling import remove_unserializable_keys, save_results
    from pandas.core.arrays.arrow import ArrowExtensionArray
  File "/usr/local/usrapps/ddomlab/sdehgha2/pls-dataset-env/lib/python3.10/site-packages/linear_operator/settings.py", line 5, in <module>
    import pandas as pd
    import pandas as pd
  File "<frozen importlib._bootstrap>", line 945, in _find_spec
  File "/gpfs_common/share03/ddomlab/sdehgha2/working-space/main/P1_pls-dataset/pls-dataset-space/PLS-Dataset/code_/training/data_handling.py", line 8, in <module>
  File "/usr/local/usrapps/ddomlab/sdehgha2/pls-dataset-env/lib/python3.10/site-packages/pandas/core/arrays/arrow/__init__.py", line 5, in <module>
    import torch
  File "/usr/local/usrapps/ddomlab/sdehgha2/pls-dataset-env/lib/python3.10/site-packages/pandas/__init__.py", line 49, in <module>
  File "/usr/local/usrapps/ddomlab/sdehgha2/pls-dataset-env/lib/python3.10/site-packages/pandas/__init__.py", line 49, in <module>
  File "<frozen importlib._bootstrap_external>", line 1439, in find_spec
    from all_factories import radius_to_bits
    from pandas.core.arrays.arrow.array import ArrowExtensionArray
  File "/usr/local/usrapps/ddomlab/sdehgha2/pls-dataset-env/lib/python3.10/site-packages/torch/__init__.py", line 2486, in <module>
    from pandas.core.api import (
    from pandas.core.api import (
  File "/usr/local/usrapps/ddomlab/sdehgha2/pls-dataset-env/lib/python3.10/site-packages/pandas/core/api.py", line 28, in <module>
  File "<frozen importlib._bootstrap_external>", line 1411, in _get_spec
  File "/gpfs_common/share03/ddomlab/sdehgha2/working-space/main/P1_pls-dataset/pls-dataset-space/PLS-Dataset/code_/training/all_factories.py", line 9, in <module>
  File "/usr/local/usrapps/ddomlab/sdehgha2/pls-dataset-env/lib/python3.10/site-packages/pandas/core/arrays/arrow/array.py", line 50, in <module>
    from torch import _meta_registrations
  File "/usr/local/usrapps/ddomlab/sdehgha2/pls-dataset-env/lib/python3.10/site-packages/pandas/core/api.py", line 28, in <module>
    from pandas.core.arrays import Categorical
  File "/usr/local/usrapps/ddomlab/sdehgha2/pls-dataset-env/lib/python3.10/site-packages/pandas/core/arrays/__init__.py", line 1, in <module>
  File "<frozen importlib._bootstrap_external>", line 1563, in find_spec
    from GPR_model import GPRegressor
    from pandas.core import (
  File "/usr/local/usrapps/ddomlab/sdehgha2/pls-dataset-env/lib/python3.10/site-packages/torch/_meta_registrations.py", line 10, in <module>
    from pandas.core.arrays import Categorical
    from pandas.core.arrays.arrow import ArrowExtensionArray
  File "/usr/local/usrapps/ddomlab/sdehgha2/pls-dataset-env/lib/python3.10/site-packages/pandas/core/arrays/arrow/__init__.py", line 5, in <module>
  File "<frozen importlib._bootstrap_external>", line 161, in _path_isfile
  File "/gpfs_common/share03/ddomlab/sdehgha2/working-space/main/P1_pls-dataset/pls-dataset-space/PLS-Dataset/code_/training/GPR_model.py", line 1, in <module>
  File "<frozen importlib._bootstrap>", line 1027, in _find_and_load
    from torch._decomp import (
  File "/usr/local/usrapps/ddomlab/sdehgha2/pls-dataset-env/lib/python3.10/site-packages/pandas/core/arrays/__init__.py", line 1, in <module>
    from pandas.core.arrays.arrow.array import ArrowExtensionArray
  File "<frozen importlib._bootstrap_external>", line 153, in _path_is_mode_type
    import gpytorch
  File "<frozen importlib._bootstrap>", line 1006, in _find_and_load_unlocked
  File "/usr/local/usrapps/ddomlab/sdehgha2/pls-dataset-env/lib/python3.10/site-packages/torch/_decomp/__init__.py", line 249, in <module>
    from pandas.core.arrays.arrow import ArrowExtensionArray
  File "/usr/local/usrapps/ddomlab/sdehgha2/pls-dataset-env/lib/python3.10/site-packages/pandas/core/arrays/arrow/array.py", line 50, in <module>
KeyboardInterrupt
  File "/usr/local/usrapps/ddomlab/sdehgha2/pls-dataset-env/lib/python3.10/site-packages/gpytorch/__init__.py", line 5, in <module>
  File "<frozen importlib._bootstrap>", line 688, in _load_unlocked
  File "/usr/local/usrapps/ddomlab/sdehgha2/pls-dataset-env/lib/python3.10/site-packages/pandas/core/arrays/arrow/__init__.py", line 5, in <module>
    from pandas.core import (
  File "/usr/local/usrapps/ddomlab/sdehgha2/pls-dataset-env/lib/python3.10/site-packages/pandas/core/ops/__init__.py", line 8, in <module>
    import torch._decomp.decompositions
    import linear_operator
  File "/usr/local/usrapps/ddomlab/sdehgha2/pls-dataset-env/lib/python3.10/site-packages/linear_operator/__init__.py", line 2, in <module>
  File "<frozen importlib._bootstrap_external>", line 879, in exec_module
    from pandas.core.arrays.arrow.array import ArrowExtensionArray
    from pandas.core.ops.array_ops import (
  File "/usr/local/usrapps/ddomlab/sdehgha2/pls-dataset-env/lib/python3.10/site-packages/pandas/core/ops/array_ops.py", line 18, in <module>
  File "/usr/local/usrapps/ddomlab/sdehgha2/pls-dataset-env/lib/python3.10/site-packages/torch/_decomp/decompositions.py", line 15, in <module>
    from linear_operator import beta_features, operators, settings, utils
  File "/usr/local/usrapps/ddomlab/sdehgha2/pls-dataset-env/lib/python3.10/site-packages/linear_operator/beta_features.py", line 5, in <module>
  File "<frozen importlib._bootstrap_external>", line 975, in get_code
  File "/usr/local/usrapps/ddomlab/sdehgha2/pls-dataset-env/lib/python3.10/site-packages/pandas/core/arrays/arrow/array.py", line 50, in <module>
    from linear_operator.settings import _feature_flag
  File "/usr/local/usrapps/ddomlab/sdehgha2/pls-dataset-env/lib/python3.10/site-packages/linear_operator/settings.py", line 5, in <module>
    import torch
  File "/usr/local/usrapps/ddomlab/sdehgha2/pls-dataset-env/lib/python3.10/site-packages/torch/__init__.py", line 2016, in <module>
    from torch import _VF as _VF, functional as functional  # usort: skip
  File "/usr/local/usrapps/ddomlab/sdehgha2/pls-dataset-env/lib/python3.10/site-packages/torch/functional.py", line 7, in <module>
    import torch.nn.functional as F
  File "/usr/local/usrapps/ddomlab/sdehgha2/pls-dataset-env/lib/python3.10/site-packages/torch/nn/__init__.py", line 8, in <module>
  File "<frozen importlib._bootstrap_external>", line 1074, in get_data
    from pandas.core import (
    from pandas._libs import (
    import torch._prims as prims
KeyboardInterrupt
    from torch.nn.modules import *  # usort: skip # noqa: F403
  File "/usr/local/usrapps/ddomlab/sdehgha2/pls-dataset-env/lib/python3.10/site-packages/pandas/core/ops/__init__.py", line 8, in <module>
  File "<frozen importlib._bootstrap>", line 404, in parent
  File "/usr/local/usrapps/ddomlab/sdehgha2/pls-dataset-env/lib/python3.10/site-packages/torch/_prims/__init__.py", line 523, in <module>
  File "/usr/local/usrapps/ddomlab/sdehgha2/pls-dataset-env/lib/python3.10/site-packages/torch/nn/modules/__init__.py", line 1, in <module>
    from pandas.core.ops.array_ops import (
KeyboardInterrupt
    abs = _make_elementwise_unary_prim(
  File "/usr/local/usrapps/ddomlab/sdehgha2/pls-dataset-env/lib/python3.10/site-packages/pandas/core/ops/array_ops.py", line 18, in <module>
    from .module import Module  # usort: skip
  File "/usr/local/usrapps/ddomlab/sdehgha2/pls-dataset-env/lib/python3.10/site-packages/torch/nn/modules/module.py", line 29, in <module>
  File "/usr/local/usrapps/ddomlab/sdehgha2/pls-dataset-env/lib/python3.10/site-packages/torch/_prims/__init__.py", line 491, in _make_elementwise_unary_prim
    from pandas._libs import (
    return _make_prim(
  File "<frozen importlib._bootstrap>", line 404, in parent
  File "/usr/local/usrapps/ddomlab/sdehgha2/pls-dataset-env/lib/python3.10/site-packages/torch/_prims/__init__.py", line 319, in _make_prim
KeyboardInterrupt
    prim_def = torch.library.custom_op(
  File "/usr/local/usrapps/ddomlab/sdehgha2/pls-dataset-env/lib/python3.10/site-packages/torch/_library/custom_ops.py", line 157, in custom_op
    return inner(fn)
  File "/usr/local/usrapps/ddomlab/sdehgha2/pls-dataset-env/lib/python3.10/site-packages/torch/_library/custom_ops.py", line 138, in inner
    result = CustomOpDef(namespace, opname, schema_str, fn)
  File "/usr/local/usrapps/ddomlab/sdehgha2/pls-dataset-env/lib/python3.10/site-packages/torch/_library/custom_ops.py", line 186, in __init__
    self._register_to_dispatcher()
  File "/usr/local/usrapps/ddomlab/sdehgha2/pls-dataset-env/lib/python3.10/site-packages/torch/_library/custom_ops.py", line 616, in _register_to_dispatcher
    lib._register_fake(self._name, fake_impl, _stacklevel=4)
  File "/usr/local/usrapps/ddomlab/sdehgha2/pls-dataset-env/lib/python3.10/site-packages/torch/library.py", line 163, in _register_fake
    source = torch._library.utils.get_source(_stacklevel + 1)
  File "/usr/local/usrapps/ddomlab/sdehgha2/pls-dataset-env/lib/python3.10/site-packages/torch/_library/utils.py", line 42, in get_source
    frame = inspect.getframeinfo(sys._getframe(stacklevel))
  File "/usr/local/usrapps/ddomlab/sdehgha2/pls-dataset-env/lib/python3.10/inspect.py", line 1624, in getframeinfo
    from torch.utils._python_dispatch import is_traceable_wrapper_subclass
  File "/usr/local/usrapps/ddomlab/sdehgha2/pls-dataset-env/lib/python3.10/site-packages/torch/utils/__init__.py", line 8, in <module>
    from torch.utils import (
  File "/usr/local/usrapps/ddomlab/sdehgha2/pls-dataset-env/lib/python3.10/site-packages/torch/utils/data/__init__.py", line 1, in <module>
    from torch.utils.data.dataloader import (
  File "/usr/local/usrapps/ddomlab/sdehgha2/pls-dataset-env/lib/python3.10/site-packages/torch/utils/data/dataloader.py", line 20, in <module>
    lines, lnum = findsource(frame)
  File "/usr/local/usrapps/ddomlab/sdehgha2/pls-dataset-env/lib/python3.10/inspect.py", line 952, in findsource
    module = getmodule(object, file)
  File "/usr/local/usrapps/ddomlab/sdehgha2/pls-dataset-env/lib/python3.10/inspect.py", line 878, in getmodule
    os.path.realpath(f)] = module.__name__
  File "/usr/local/usrapps/ddomlab/sdehgha2/pls-dataset-env/lib/python3.10/posixpath.py", line 396, in realpath
    path, ok = _joinrealpath(filename[:0], filename, strict, {})
  File "/usr/local/usrapps/ddomlab/sdehgha2/pls-dataset-env/lib/python3.10/posixpath.py", line 431, in _joinrealpath
    st = os.lstat(newpath)
KeyboardInterrupt
    import torch.distributed as dist
  File "/usr/local/usrapps/ddomlab/sdehgha2/pls-dataset-env/lib/python3.10/site-packages/torch/distributed/__init__.py", line 122, in <module>
    from .device_mesh import DeviceMesh, init_device_mesh
  File "/usr/local/usrapps/ddomlab/sdehgha2/pls-dataset-env/lib/python3.10/site-packages/torch/distributed/device_mesh.py", line 39, in <module>
    from torch.distributed.distributed_c10d import (
  File "/usr/local/usrapps/ddomlab/sdehgha2/pls-dataset-env/lib/python3.10/site-packages/torch/distributed/distributed_c10d.py", line 221, in <module>
    class Backend(str):
  File "/usr/local/usrapps/ddomlab/sdehgha2/pls-dataset-env/lib/python3.10/site-packages/torch/distributed/distributed_c10d.py", line 257, in Backend
    backend_capability: Dict[str, List[str]] = {
  File "/usr/local/usrapps/ddomlab/sdehgha2/pls-dataset-env/lib/python3.10/typing.py", line 309, in inner
    return cached(*args, **kwds)
  File "/usr/local/usrapps/ddomlab/sdehgha2/pls-dataset-env/lib/python3.10/typing.py", line 1145, in __getitem__
    return self.copy_with(params)
  File "/usr/local/usrapps/ddomlab/sdehgha2/pls-dataset-env/lib/python3.10/typing.py", line 1148, in copy_with
    return _GenericAlias(self.__origin__, params,
  File "/usr/local/usrapps/ddomlab/sdehgha2/pls-dataset-env/lib/python3.10/typing.py", line 1022, in __init__
    self.__args__ = tuple(... if a is _TypingEllipsis else
KeyboardInterrupt
